  sold 9:42:00 AM 11049
   BUY 9:45:00 AM 11036 11 9 1
bought 9:49:00 AM 11035
  SELL 9:50:00 AM 11049 11 18 1
  sold 9:55:00 AM 11045
   BUY 10:01:00 AM 11039 11 27 1
  sold 10:03:00 AM 11017
   BUY 10:04:00 AM 11005 11 36 1
bought 10:09:00 AM 10999
  sold 10:13:00 AM 10978
   BUY 10:14:00 AM 10989 11 45 1
bought 10:14:00 AM 10989
  SELL 10:15:00 AM 11001 11 54 1
  SELL 10:17:00 AM 11009 11 63 1
  sold 10:22:00 AM 10997
   BUY 10:30:00 AM 10988 11 72 1
  sold 10:32:00 AM 10993
   BUY 10:35:00 AM 10969 11 81 1
bought 10:40:00 AM 10952
  sold 10:42:00 AM 10950
  SELL 10:43:00 AM 10975 11 90 1
bought 10:43:00 AM 10975
  SELL 10:44:00 AM 10987 11 99 1
  sold 10:51:00 AM 10971
   BUY 10:55:00 AM 10961 11 108 1
bought 10:59:00 AM 10955
   BUY 11:00:00 AM 10937 11 117 1
  sold 11:00:00 AM 10937
bought 11:04:00 AM 10936
  sold 11:05:00 AM 10928
   BUY 11:06:00 AM 10931 11 126 1
   BUY 11:10:00 AM 10919 11 135 1
  sold 11:11:00 AM 10911
bought 11:13:00 AM 10930
  sold 11:19:00 AM 10916
  sold 11:21:00 AM 10913
bought 11:23:00 AM 10932
  SELL 11:33:00 AM 10954 11 144 1
  SELL 11:33:00 AM 10954 11 153 1
  SELL 11:33:00 AM 10954 11 162 1
  SELL 11:39:00 AM 10966 11 171 1
bought 12:06:00 PM 10970
  SELL 12:07:00 PM 10986 11 180 1
bought 1:27:00 PM 11001
  SELL 1:31:00 PM 11011 11 189 1
bought 1:53:00 PM 11006
  SELL 1:56:00 PM 11019 11 198 1
1/4/2016 [] [ 10900, 10905, 10902 ]
=====
bought 9:43:00 AM 11025
  SELL 9:47:00 AM 11031 11 207 1
bought 9:59:00 AM 10993
  SELL 10:00:00 AM 11004 11 216 1
bought 10:30:00 AM 10973
  SELL 10:32:00 AM 10986 11 225 1
bought 11:01:00 AM 11050
bought 11:07:00 AM 11042
bought 11:14:00 AM 11020
  SELL 11:25:00 AM 11030 11 234 1
bought 1:23:00 PM 10980
  SELL 1:39:00 PM 10991 11 243 1
bought 2:02:00 PM 11020
  SELL 2:13:00 PM 11029 11 252 1
1/5/2016 [ 11061, 11053 ] [ 10900, 10905, 10902 ]
=====
   BUY 9:30:00 AM 10880 11 261 1
   BUY 9:30:00 AM 10880 11 270 1
   BUY 9:30:00 AM 10880 11 279 1
  sold 9:48:00 AM 10905
   BUY 9:49:00 AM 10907 11 288 1
  sold 10:06:00 AM 10906
bought 10:07:00 AM 10904
   BUY 10:09:00 AM 10905 11 297 1
  SELL 10:20:00 AM 10923 11 306 1
  sold 10:26:00 AM 10939
   BUY 10:30:00 AM 10926 11 315 1
  sold 10:32:00 AM 10917
bought 10:36:00 AM 10911
  sold 10:39:00 AM 10909
bought 10:41:00 AM 10911
   BUY 10:44:00 AM 10905 11 324 1
   BUY 10:46:00 AM 10901 11 333 1
  sold 10:47:00 AM 10898
  sold 10:54:00 AM 10907
  SELL 10:57:00 AM 10925 11 342 1
  SELL 10:57:00 AM 10925 11 351 1
  sold 11:06:00 AM 10929
   BUY 11:11:00 AM 10916 11 360 1
bought 11:16:00 AM 10911
  SELL 11:17:00 AM 10922 11 369 1
  sold 11:25:00 AM 10931
   BUY 11:56:00 AM 10916 11 378 1
  sold 11:58:00 AM 10909
   BUY 12:02:00 PM 10900 11 387 1
   BUY 12:07:00 PM 10895 11 396 1
  sold 12:19:00 PM 10905
  sold 12:22:00 PM 10905
   BUY 12:26:00 PM 10892 11 405 1
   BUY 12:26:00 PM 10892 11 414 1
   BUY 12:27:00 PM 10885 11 423 1
  sold 12:28:00 PM 10891
   BUY 12:30:00 PM 10877 11 432 1
  sold 12:44:00 PM 10894
   BUY 12:59:00 PM 10881 11 441 1
  sold 12:59:00 PM 10881
  sold 1:12:00 PM 10871
   BUY 1:14:00 PM 10864 11 450 1
   BUY 1:15:00 PM 10868 11 459 1
  sold 1:30:00 PM 10869
  sold 1:46:00 PM 10867
   BUY 1:49:00 PM 10857 11 468 1
   BUY 1:49:00 PM 10857 11 477 1
1/6/2016 [ 11061, 11053 ] []
=====
  sold 9:43:00 AM 10679
  sold 9:54:00 AM 10701
   BUY 9:56:00 AM 10690 11 486 1
  sold 9:57:00 AM 10690
   BUY 10:03:00 AM 10677 11 495 1
   BUY 10:05:00 AM 10667 11 504 1
  sold 10:22:00 AM 10676
   BUY 10:24:00 AM 10664 11 513 1
  sold 10:38:00 AM 10716
   BUY 10:41:00 AM 10702 11 522 1
  sold 10:44:00 AM 10692
bought 10:47:00 AM 10702
  SELL 10:50:00 AM 10707 11 531 1
  sold 11:00:00 AM 10747
   BUY 11:03:00 AM 10735 11 540 1
  sold 11:06:00 AM 10727
   BUY 11:09:00 AM 10716 11 549 1
bought 11:16:00 AM 10706
  sold 11:24:00 AM 10690
bought 11:26:00 AM 10701
  SELL 11:28:00 AM 10709 11 558 1
  sold 11:32:00 AM 10701
  SELL 11:43:00 AM 10717 11 567 1
   BUY 11:46:00 AM 10688 11 576 1
  sold 11:48:00 AM 10691
   BUY 11:54:00 AM 10685 11 585 1
   BUY 11:54:00 AM 10685 11 594 1
   BUY 12:06:00 PM 10675 11 603 1
  sold 12:20:00 PM 10685
   BUY 12:24:00 PM 10677 11 612 1
  sold 12:38:00 PM 10654
  sold 12:52:00 PM 10656
  sold 12:54:00 PM 10649
   BUY 12:58:00 PM 10641 11 621 1
   BUY 12:58:00 PM 10641 11 630 1
   BUY 12:59:00 PM 10639 11 639 1
  sold 1:00:00 PM 10638
   BUY 1:07:00 PM 10625 11 648 1
  sold 1:07:00 PM 10625
   BUY 1:11:00 PM 10615 11 657 1
  sold 1:20:00 PM 10586
  sold 1:30:00 PM 10593
   BUY 1:33:00 PM 10580 11 666 1
   BUY 1:34:00 PM 10583 11 675 1
  sold 1:34:00 PM 10583
   BUY 1:36:00 PM 10571 11 684 1
  sold 1:38:00 PM 10553
  sold 1:49:00 PM 10583
  sold 1:57:00 PM 10585
   BUY 2:03:00 PM 10582 11 693 1
   BUY 2:03:00 PM 10582 11 702 1
1/7/2016 [ 11061, 11053 ] [ 10542 ]
=====
  sold 9:45:00 AM 10599
bought 9:48:00 AM 10612
   BUY 10:01:00 AM 10584 11 711 1
  sold 10:03:00 AM 10572
   BUY 10:04:00 AM 10565 11 720 1
   BUY 10:12:00 AM 10542 11 729 1
  sold 10:30:00 AM 10559
   BUY 10:33:00 AM 10549 11 738 1
  sold 10:37:00 AM 10535
   BUY 10:38:00 AM 10526 11 747 1
  sold 10:51:00 AM 10517
   BUY 10:53:00 AM 10509 11 756 1
  sold 10:54:00 AM 10497
   BUY 11:19:00 AM 10487 10 764 1
  sold 11:21:00 AM 10470
   BUY 11:27:00 AM 10458 10 772 1
  sold 11:28:00 AM 10464
   BUY 11:34:00 AM 10453 10 780 1
  sold 11:41:00 AM 10458
  sold 12:34:00 PM 10528
bought 12:38:00 PM 10533
   BUY 12:42:00 PM 10519 11 789 1
  sold 12:43:00 PM 10519
  sold 12:51:00 PM 10520
   BUY 1:05:00 PM 10508 11 798 1
   BUY 1:05:00 PM 10508 11 807 1
  sold 1:06:00 PM 10506
  sold 1:22:00 PM 10509
   BUY 1:24:00 PM 10492 11 816 1
   BUY 1:24:00 PM 10492 11 825 1
  sold 1:25:00 PM 10489
  sold 1:45:00 PM 10507
   BUY 1:49:00 PM 10496 11 834 1
  sold 1:58:00 PM 10489
   BUY 2:25:00 PM 10477 10 842 1
   BUY 2:25:00 PM 10477 10 850 1
   BUY 3:32:00 PM 10448 10 858 1
1/8/2016 [ 11061, 11053, 10623, 10544 ] []
=====
  sold 9:39:00 AM 10416
   BUY 9:42:00 AM 10410 10 866 1
  sold 9:48:00 AM 10394
   BUY 9:49:00 AM 10380 10 874 1
  sold 10:07:00 AM 10365
   BUY 10:08:00 AM 10355 10 882 1
  sold 10:18:00 AM 10355
  sold 10:27:00 AM 10368
  sold 10:39:00 AM 10387
   BUY 10:41:00 AM 10378 10 890 1
  sold 10:48:00 AM 10367
bought 10:51:00 AM 10365
   BUY 10:52:00 AM 10347 10 898 1
   BUY 10:52:00 AM 10347 10 906 1
   BUY 10:53:00 AM 10338 10 914 1
  sold 10:53:00 AM 10338
   BUY 10:56:00 AM 10329 10 922 1
  sold 11:06:00 AM 10316
  sold 11:20:00 AM 10341
   BUY 11:32:00 AM 10336 10 930 1
  SELL 11:51:00 AM 10378 10 938 1
  sold 12:01:00 PM 10371
   BUY 12:05:00 PM 10366 10 946 1
  sold 12:16:00 PM 10346
   BUY 12:18:00 PM 10330 10 954 1
  sold 12:41:00 PM 10318
  sold 12:51:00 PM 10318
   BUY 12:54:00 PM 10309 10 962 1
   BUY 12:54:00 PM 10309 10 970 1
   BUY 12:54:00 PM 10309 10 978 1
  sold 1:07:00 PM 10318
   BUY 1:09:00 PM 10308 10 986 1
  sold 1:11:00 PM 10300
   BUY 1:12:00 PM 10292 10 994 1
  sold 1:29:00 PM 10273
  sold 1:37:00 PM 10264
   BUY 1:38:00 PM 10261 10 1002 1
   BUY 1:43:00 PM 10259 10 1010 1
  sold 1:46:00 PM 10252
   BUY 1:48:00 PM 10245 10 1018 1
  sold 1:59:00 PM 10247
1/11/2016 [ 11061, 11053, 10623, 10544 ] [ 10237 ]
=====
  sold 9:48:00 AM 10483
   BUY 9:52:00 AM 10476 10 1026 1
  sold 9:54:00 AM 10466
   BUY 9:59:00 AM 10458 10 1034 1
  sold 10:03:00 AM 10442
   BUY 10:07:00 AM 10435 10 1042 1
  sold 10:17:00 AM 10401
   BUY 10:24:00 AM 10394 10 1050 1
  sold 10:36:00 AM 10411
   BUY 10:37:00 AM 10399 10 1058 1
  sold 10:39:00 AM 10394
   BUY 10:44:00 AM 10389 10 1066 1
  sold 10:49:00 AM 10371
  sold 11:00:00 AM 10386
   BUY 11:07:00 AM 10375 10 1074 1
  sold 11:08:00 AM 10379
   BUY 11:10:00 AM 10368 10 1082 1
   BUY 11:11:00 AM 10363 10 1090 1
  sold 11:25:00 AM 10338
   BUY 11:27:00 AM 10325 10 1098 1
  sold 11:40:00 AM 10281
  sold 11:46:00 AM 10298
   BUY 12:20:00 PM 10288 10 1106 1
  sold 12:30:00 PM 10291
   BUY 12:33:00 PM 10282 10 1114 1
   BUY 12:34:00 PM 10270 10 1122 1
  sold 12:35:00 PM 10259
   BUY 12:42:00 PM 10254 10 1130 1
  sold 12:52:00 PM 10262
   BUY 12:57:00 PM 10250 10 1138 1
  sold 12:57:00 PM 10250
   BUY 12:58:00 PM 10245 10 1146 1
  sold 1:16:00 PM 10258
   BUY 1:18:00 PM 10248 10 1154 1
  sold 1:20:00 PM 10242
   BUY 1:24:00 PM 10235 10 1162 1
   BUY 1:25:00 PM 10234 10 1170 1
  sold 1:56:00 PM 10257
   BUY 1:58:00 PM 10245 10 1178 1
  sold 2:18:00 PM 10203
1/12/2016 [ 11061, 11053, 10623, 10544 ] [ 10193 ]
=====
  sold 9:48:00 AM 10388
   BUY 9:52:00 AM 10376 10 1186 1
  sold 10:16:00 AM 10334
   BUY 10:27:00 AM 10324 10 1194 1
  sold 10:27:00 AM 10324
   BUY 10:29:00 AM 10314 10 1202 1
  sold 10:30:00 AM 10304
   BUY 10:31:00 AM 10295 10 1210 1
  sold 10:47:00 AM 10304
  sold 10:54:00 AM 10317
   BUY 10:55:00 AM 10309 10 1218 1
   BUY 11:08:00 AM 10291 10 1226 1
  sold 11:08:00 AM 10291
  sold 11:22:00 AM 10322
   BUY 11:26:00 AM 10311 10 1234 1
  sold 11:41:00 AM 10284
   BUY 11:42:00 AM 10280 10 1242 1
   BUY 11:45:00 AM 10268 10 1250 1
  sold 12:05:00 PM 10227
  sold 12:20:00 PM 10227
   BUY 12:31:00 PM 10212 10 1258 1
   BUY 12:31:00 PM 10212 10 1266 1
  sold 12:33:00 PM 10223
   BUY 12:36:00 PM 10213 10 1274 1
  sold 12:38:00 PM 10207
   BUY 12:41:00 PM 10200 10 1282 1
   BUY 12:49:00 PM 10196 10 1290 1
  sold 12:52:00 PM 10184
   BUY 12:59:00 PM 10180 10 1298 1
  sold 1:13:00 PM 10195
   BUY 1:14:00 PM 10185 10 1306 1
  sold 1:18:00 PM 10170
   BUY 1:21:00 PM 10164 10 1314 1
  sold 1:27:00 PM 10148
   BUY 1:29:00 PM 10139 10 1322 1
  sold 1:39:00 PM 10112
   BUY 1:43:00 PM 10102 10 1330 1
  sold 1:57:00 PM 10107
   BUY 1:58:00 PM 10098 10 1338 1
  sold 2:00:00 PM 10093
   BUY 2:17:00 PM 10085 10 1346 1
  sold 2:17:00 PM 10085
   BUY 2:20:00 PM 10073 10 1354 1
1/13/2016 [ 11061, 11053, 10623, 10544 ] []
=====
  sold 9:39:00 AM 10029
  sold 9:47:00 AM 10025
   BUY 9:48:00 AM 10021 10 1362 1
   BUY 9:51:00 AM 10012 10 1370 1
  sold 9:51:00 AM 10012
   BUY 9:52:00 AM 9999 10 1378 1
  sold 10:10:00 AM 9929
  sold 10:28:00 AM 10075
   BUY 10:29:00 AM 10079 10 1386 1
  sold 10:40:00 AM 10113
   BUY 10:41:00 AM 10102 10 1394 1
  sold 10:43:00 AM 10119
  sold 10:52:00 AM 10139
   BUY 10:55:00 AM 10127 10 1402 1
  sold 10:56:00 AM 10126
   BUY 10:59:00 AM 10109 10 1410 1
   BUY 10:59:00 AM 10109 10 1418 1
  sold 11:03:00 AM 10083
   BUY 11:04:00 AM 10080 10 1426 1
  sold 11:20:00 AM 10042
   BUY 11:23:00 AM 10026 10 1434 1
  sold 12:09:00 PM 10073
   BUY 12:10:00 PM 10066 10 1442 1
  sold 12:51:00 PM 10107
  sold 1:41:00 PM 10205
bought 1:43:00 PM 10198
   BUY 1:45:00 PM 10192 10 1450 1
  sold 1:46:00 PM 10185
  SELL 1:55:00 PM 10208 10 1458 1
   BUY 2:03:00 PM 10174 10 1466 1
  sold 2:18:00 PM 10178
   BUY 2:20:00 PM 10167 10 1474 1
1/14/2016 [ 11061, 11053, 10623, 10544 ] [ 9919, 10097 ]
=====
   BUY 9:30:00 AM 9908 10 1482 1
   BUY 9:30:00 AM 9908 10 1490 1
  sold 9:41:00 AM 9917
  sold 9:52:00 AM 9965
  sold 9:55:00 AM 9969
   BUY 9:56:00 AM 9954 10 1498 1
   BUY 9:56:00 AM 9954 10 1506 1
   BUY 10:01:00 AM 9907 10 1514 1
  sold 10:14:00 AM 9903
  sold 10:27:00 AM 9947
   BUY 10:28:00 AM 9926 10 1522 1
  sold 10:54:00 AM 9895
   BUY 10:55:00 AM 9890 10 1530 1
   BUY 10:58:00 AM 9879 10 1538 1
  sold 11:12:00 AM 9862
  sold 11:19:00 AM 9876
   BUY 11:20:00 AM 9876 10 1546 1
  sold 11:38:00 AM 9861
   BUY 11:41:00 AM 9850 10 1554 1
   BUY 11:41:00 AM 9850 10 1562 1
  sold 11:56:00 AM 9834
  sold 12:05:00 PM 9831
  sold 12:14:00 PM 9855
   BUY 12:17:00 PM 9842 10 1570 1
  sold 12:18:00 PM 9834
   BUY 12:19:00 PM 9824 10 1578 1
   BUY 12:19:00 PM 9824 10 1586 1
   BUY 12:20:00 PM 9828 10 1594 1
  sold 12:31:00 PM 9777
   BUY 12:33:00 PM 9762 10 1602 1
  sold 12:53:00 PM 9813
   BUY 1:06:00 PM 9806 10 1610 1
  sold 1:07:00 PM 9800
  sold 1:31:00 PM 9834
  sold 2:04:00 PM 9884
   BUY 2:06:00 PM 9880 10 1618 1
1/15/2016 [ 11061, 11053, 10623, 10544 ] [ 9790, 9824 ]
=====
  sold 9:39:00 AM 10022
   BUY 9:40:00 AM 10010 10 1626 1
  sold 9:50:00 AM 9971
bought 9:54:00 AM 9996
  SELL 9:57:00 AM 10012 10 1634 1
bought 10:47:00 AM 10015
  SELL 10:49:00 AM 10035 10 1642 1
bought 11:02:00 AM 9982
  SELL 11:08:00 AM 9989 10 1650 1
   BUY 11:12:00 AM 9959 10 1658 1
  sold 11:14:00 AM 9962
bought 11:16:00 AM 9969
   BUY 11:18:00 AM 9955 10 1666 1
  sold 11:20:00 AM 9947
   BUY 11:24:00 AM 9940 10 1674 1
  SELL 11:30:00 AM 9991 10 1682 1
  sold 11:34:00 AM 9977
   BUY 11:50:00 AM 9976 10 1690 1
  sold 12:03:00 PM 9962
   BUY 12:09:00 PM 9946 10 1698 1
  sold 12:09:00 PM 9946
   BUY 12:18:00 PM 9924 10 1706 1
  sold 12:19:00 PM 9926
   BUY 12:22:00 PM 9919 10 1714 1
  sold 12:35:00 PM 9933
   BUY 12:40:00 PM 9926 10 1722 1
  sold 12:49:00 PM 9919
   BUY 12:52:00 PM 9908 10 1730 1
  sold 1:05:00 PM 9919
   BUY 1:06:00 PM 9908 10 1738 1
  sold 1:18:00 PM 9933
bought 1:19:00 PM 9951
   BUY 1:25:00 PM 9923 10 1746 1
  sold 1:26:00 PM 9927
   BUY 1:27:00 PM 9911 10 1754 1
  sold 1:44:00 PM 9885
   BUY 1:53:00 PM 9867 10 1762 1
  sold 1:53:00 PM 9867
   BUY 2:08:00 PM 9850 10 1770 1
  sold 2:08:00 PM 9850
   BUY 2:10:00 PM 9840 10 1778 1
   BUY 2:14:00 PM 9821 10 1786 1
   BUY 2:45:00 PM 9785 10 1794 1
1/19/2016 [ 11061, 11053, 10623, 10544, 9961 ] []
=====
  sold 9:39:00 AM 9701
   BUY 9:41:00 AM 9676 10 1802 1
  sold 9:54:00 AM 9679
   BUY 9:55:00 AM 9665 10 1810 1
  sold 10:27:00 AM 9636
   BUY 10:28:00 AM 9629 10 1818 1
  sold 10:33:00 AM 9592
   BUY 10:36:00 AM 9583 10 1826 1
  sold 10:56:00 AM 9550
   BUY 10:59:00 AM 9539 10 1834 1
  sold 11:09:00 AM 9572
  sold 11:21:00 AM 9649
   BUY 11:24:00 AM 9631 10 1842 1
  sold 11:28:00 AM 9618
  sold 11:41:00 AM 9628
   BUY 11:44:00 AM 9605 10 1850 1
   BUY 11:44:00 AM 9605 10 1858 1
  sold 11:50:00 AM 9593
   BUY 11:53:00 AM 9584 10 1866 1
   BUY 11:57:00 AM 9571 10 1874 1
  sold 12:03:00 PM 9585
   BUY 12:05:00 PM 9573 10 1882 1
  sold 12:06:00 PM 9555
   BUY 12:08:00 PM 9543 10 1890 1
  sold 12:23:00 PM 9526
   BUY 12:24:00 PM 9525 10 1898 1
  sold 12:36:00 PM 9523
  sold 1:14:00 PM 9631
   BUY 1:15:00 PM 9621 10 1906 1
  sold 1:17:00 PM 9608
  sold 1:26:00 PM 9630
  SELL 3:17:00 PM 9959 10 1914 1
1/20/2016 [ 11061, 11053, 10623, 10544 ] [ 9513, 9598, 9620 ]
=====
bought 9:50:00 AM 9858
  SELL 9:54:00 AM 9880 10 1922 1
bought 10:28:00 AM 9976
  SELL 10:33:00 AM 9995 10 1930 1
bought 10:42:00 AM 9995
  SELL 10:46:00 AM 10002 10 1938 1
bought 10:55:00 AM 9994
  SELL 11:08:00 AM 10011 10 1946 1
bought 11:16:00 AM 9973
  SELL 11:18:00 AM 9987 10 1954 1
bought 11:29:00 AM 9929
  SELL 11:30:00 AM 9950 10 1962 1
bought 11:47:00 AM 9993
  SELL 11:49:00 AM 10012 10 1970 1
bought 12:16:00 PM 10058
  SELL 12:18:00 PM 10066 10 1978 1
bought 12:26:00 PM 10056
  SELL 12:28:00 PM 10063 10 1986 1
1/21/2016 [ 11061, 11053, 10623, 10544 ] [ 9513, 9598, 9620 ]
=====
bought 10:08:00 AM 10118
  SELL 10:09:00 AM 10128 10 1994 1
bought 10:39:00 AM 10094
  SELL 10:40:00 AM 10104 10 2002 1
bought 11:00:00 AM 10061
  SELL 11:18:00 AM 10080 10 2010 1
bought 12:31:00 PM 10062
  SELL 12:38:00 PM 10076 10 2018 1
bought 12:49:00 PM 10076
  SELL 12:54:00 PM 10085 10 2026 1
bought 2:07:00 PM 10126
  SELL 2:10:00 PM 10133 10 2034 1
1/22/2016 [ 11061, 11053, 10623, 10544 ] [ 9513, 9598, 9620 ]
=====
bought 9:49:00 AM 10054
  SELL 9:50:00 AM 10067 10 2042 1
bought 10:17:00 AM 10088
  SELL 10:18:00 AM 10092 10 2050 1
bought 10:32:00 AM 10090
1/25/2016 [ 11061, 11053, 10623, 10544, 10100 ] [ 9513, 9598, 9620 ]
=====
  SELL 12:13:00 PM 10099 10 2058 1
bought 12:44:00 PM 10120
  SELL 1:27:00 PM 10134 10 2066 1
bought 1:39:00 PM 10110
  SELL 1:40:00 PM 10122 10 2074 1
1/26/2016 [ 11061, 11053, 10623, 10544 ] [ 9513, 9598, 9620 ]
=====
bought 9:55:00 AM 10060
  SELL 10:35:00 AM 10071 10 2082 1
bought 10:54:00 AM 10056
  SELL 11:04:00 AM 10069 10 2090 1
bought 11:14:00 AM 10057
  SELL 11:17:00 AM 10071 10 2098 1
bought 11:56:00 AM 10122
  SELL 12:01:00 PM 10132 10 2106 1
bought 12:12:00 PM 10135
  SELL 12:13:00 PM 10145 10 2114 1
bought 12:26:00 PM 10138
1/27/2016 [ 11061, 11053, 10623, 10544, 10148 ] [ 9513, 9598, 9620 ]
=====
1/28/2016 [ 11061, 11053, 10623, 10544, 10148 ] [ 9513, 9598, 9620 ]
=====
  SELL 9:59:00 AM 10145 10 2122 1
bought 10:34:00 AM 10113
  SELL 10:36:00 AM 10131 10 2130 1
bought 10:57:00 AM 10138
  SELL 11:03:00 AM 10149 10 2138 1
bought 11:21:00 AM 10134
  SELL 11:23:00 AM 10143 10 2146 1
bought 12:38:00 PM 10165
  SELL 2:25:00 PM 10176 10 2154 1
1/29/2016 [ 11061, 11053, 10623, 10544 ] [ 9513, 9598, 9620 ]
=====
bought 9:53:00 AM 10147
  SELL 9:54:00 AM 10158 10 2162 1
bought 10:06:00 AM 10165
  SELL 10:09:00 AM 10175 10 2170 1
bought 10:29:00 AM 10192
  SELL 10:36:00 AM 10200 10 2178 1
bought 11:26:00 AM 10211
  SELL 11:28:00 AM 10221 10 2186 1
bought 11:53:00 AM 10222
  SELL 12:00:00 PM 10231 10 2194 1
bought 1:39:00 PM 10214
  SELL 1:49:00 PM 10226 10 2202 1
bought 2:13:00 PM 10224
  SELL 2:21:00 PM 10235 10 2210 1
2/1/2016 [ 11061, 11053, 10623, 10544 ] [ 9513, 9598, 9620 ]
=====
bought 9:44:00 AM 10080
  SELL 9:45:00 AM 10085 10 2218 1
bought 9:55:00 AM 10063
  SELL 9:56:00 AM 10079 10 2226 1
bought 10:17:00 AM 10073
  SELL 11:14:00 AM 10089 10 2234 1
bought 11:24:00 AM 10076
  SELL 11:30:00 AM 10083 10 2242 1
bought 1:06:00 PM 10037
  SELL 1:27:00 PM 10046 10 2250 1
2/2/2016 [ 11061, 11053, 10623, 10544 ] [ 9513, 9598, 9620 ]
=====
bought 9:49:00 AM 10005
  SELL 9:50:00 AM 10028 10 2258 1
bought 9:57:00 AM 9994
  SELL 11:40:00 AM 10000 10 2266 1
bought 11:56:00 AM 9963
  SELL 12:00:00 PM 9986 10 2274 1
2/3/2016 [ 11061, 11053, 10623, 10544 ] [ 9513, 9598, 9620 ]
=====
bought 9:48:00 AM 10070
  SELL 9:51:00 AM 10072 10 2282 1
bought 10:45:00 AM 10154
  SELL 10:47:00 AM 10161 10 2290 1
bought 11:12:00 AM 10135
2/4/2016 [ 11061, 11053, 10623, 10544, 10145 ] [ 9513, 9598, 9620 ]
=====
2/5/2016 [ 11061, 11053, 10623, 10544, 10145 ] [ 9513, 9598, 9620 ]
=====
   BUY 9:37:00 AM 9618 10 2298 1
  sold 9:39:00 AM 9612
   BUY 9:50:00 AM 9595 10 2306 1
   BUY 9:50:00 AM 9595 10 2314 1
  sold 10:07:00 AM 9597
   BUY 10:08:00 AM 9581 10 2322 1
  sold 10:10:00 AM 9570
   BUY 10:18:00 AM 9562 10 2330 1
  sold 10:20:00 AM 9564
   BUY 10:22:00 AM 9558 10 2338 1
  sold 10:36:00 AM 9591
   BUY 10:38:00 AM 9581 10 2346 1
  sold 10:57:00 AM 9571
   BUY 11:01:00 AM 9559 10 2354 1
  sold 11:04:00 AM 9555
   BUY 11:07:00 AM 9542 10 2362 1
  sold 11:15:00 AM 9527
   BUY 11:20:00 AM 9530 10 2370 1
  sold 12:37:00 PM 9617
   BUY 12:54:00 PM 9607 10 2378 1
  sold 12:57:00 PM 9595
   BUY 1:03:00 PM 9581 10 2386 1
  sold 1:04:00 PM 9575
   BUY 1:15:00 PM 9564 10 2394 1
  sold 1:23:00 PM 9554
  sold 1:35:00 PM 9555
   BUY 1:38:00 PM 9548 10 2402 1
   BUY 1:38:00 PM 9548 10 2410 1
  sold 1:39:00 PM 9546
   BUY 1:41:00 PM 9533 10 2418 1
   BUY 1:49:00 PM 9516 10 2426 1
  sold 1:54:00 PM 9512
   BUY 1:59:00 PM 9500 10 2434 1
  sold 2:10:00 PM 9520
   BUY 2:12:00 PM 9509 10 2442 1
  sold 2:14:00 PM 9502
2/8/2016 [ 11061, 11053, 10623, 10544, 10145 ] [ 9492 ]
=====
  sold 9:52:00 AM 9650
   BUY 10:00:00 AM 9659 10 2450 1
  sold 10:06:00 AM 9671
   BUY 10:13:00 AM 9664 10 2458 1
  sold 10:14:00 AM 9659
   BUY 10:15:00 AM 9644 10 2466 1
  sold 10:27:00 AM 9636
   BUY 10:30:00 AM 9625 10 2474 1
  sold 10:31:00 AM 9624
   BUY 10:35:00 AM 9609 10 2482 1
  sold 10:43:00 AM 9584
   BUY 10:52:00 AM 9572 10 2490 1
  sold 10:53:00 AM 9569
   BUY 10:54:00 AM 9555 10 2498 1
  sold 11:16:00 AM 9582
  sold 11:19:00 AM 9589
   BUY 11:53:00 AM 9571 10 2506 1
   BUY 11:53:00 AM 9571 10 2514 1
  sold 11:59:00 AM 9563
  sold 12:12:00 PM 9592
   BUY 12:14:00 PM 9582 10 2522 1
  sold 12:17:00 PM 9582
   BUY 12:48:00 PM 9567 10 2530 1
  sold 12:51:00 PM 9568
   BUY 1:02:00 PM 9548 10 2538 1
   BUY 1:02:00 PM 9548 10 2546 1
  sold 1:12:00 PM 9507
  sold 1:26:00 PM 9525
2/9/2016 [ 9774, 9774, 10623, 10544, 10145 ] [ 8617, 8622, 8640 ]
=====
  SELL 10:32:00 AM 9782 10 2554 1
  SELL 10:32:00 AM 9782 10 2562 1
bought 10:45:00 AM 9720
  SELL 10:48:00 AM 9734 10 2570 1
bought 11:00:00 AM 9677
  SELL 11:01:00 AM 9670 10 2578 1
bought 11:33:00 AM 9677
  SELL 11:55:00 AM 9690 10 2586 1
bought 12:09:00 PM 9685
  SELL 12:21:00 PM 9695 10 2594 1
bought 12:49:00 PM 9723
  SELL 12:58:00 PM 9733 10 2602 1
bought 1:18:00 PM 9721
  SELL 1:20:00 PM 9736 10 2610 1
bought 2:20:00 PM 9711
2/10/2016 [ 10623, 10544, 10145, 9721 ] [ 8617, 8622, 8640 ]
=====
bought 9:45:00 AM 9448
  SELL 9:52:00 AM 9466 9 2617 1
bought 10:14:00 AM 9483
  SELL 12:55:00 PM 9493 9 2624 1
2/11/2016 [ 10623, 10544, 10145, 9721 ] [ 8617, 8622, 8640 ]
=====
bought 9:53:00 AM 9557
  SELL 10:19:00 AM 9576 10 2632 1
bought 10:20:00 AM 9578
  SELL 11:11:00 AM 9591 10 2640 1
bought 11:43:00 AM 9622
  SELL 11:49:00 AM 9631 10 2648 1
bought 12:38:00 PM 9620
  SELL 12:54:00 PM 9631 10 2656 1
bought 2:00:00 PM 9606
  SELL 2:03:00 PM 9618 10 2664 1
2/12/2016 [ 10623, 10544, 10145, 9721 ] [ 8617, 8622, 8640 ]
=====
  SELL 9:30:00 AM 9771 10 2672 1
bought 9:42:00 AM 9790
bought 9:56:00 AM 9736
  SELL 9:58:00 AM 9748 10 2680 1
bought 10:10:00 AM 9732
  SELL 10:11:00 AM 9739 10 2688 1
  SELL 10:41:00 AM 9805 10 2696 1
bought 11:00:00 AM 9794
bought 11:12:00 AM 9765
  SELL 11:18:00 AM 9777 10 2704 1
  SELL 11:31:00 AM 9828 10 2712 1
bought 11:48:00 AM 9837
  SELL 11:54:00 AM 9847 10 2720 1
bought 12:15:00 PM 9857
  SELL 12:25:00 PM 9863 10 2728 1
2/16/2016 [ 10623, 10544, 10145 ] [ 8617, 8622, 8640 ]
=====
bought 10:43:00 AM 10080
  SELL 10:53:00 AM 10096 10 2736 1
bought 11:17:00 AM 10072
bought 11:25:00 AM 10070
  SELL 11:31:00 AM 10078 10 2744 1
  SELL 11:31:00 AM 10078 10 2752 1
bought 12:49:00 PM 10059
  SELL 12:54:00 PM 10074 10 2760 1
bought 2:16:00 PM 10091
2/17/2016 [ 11548, 11469, 11070, 11026 ] [ 9840, 9840, 9840 ]
=====
bought 9:49:00 AM 10000
  SELL 9:50:00 AM 10007 10 2768 1
bought 10:12:00 AM 10027
  SELL 10:23:00 AM 10041 10 2776 1
bought 10:39:00 AM 10040
  SELL 10:45:00 AM 10051 10 2784 1
bought 10:53:00 AM 10046
2/18/2016 [ 10193, 11469, 11070, 11026, 10056 ] [ 9365, 9365, 9365 ]
=====
  SELL 11:43:00 AM 10052 10 2792 1
bought 11:53:00 AM 10028
  SELL 12:41:00 PM 10038 10 2800 1
bought 1:01:00 PM 10038
  SELL 2:06:00 PM 10050 10 2808 1
bought 2:19:00 PM 10043
2/19/2016 [ 10193, 11469, 11070, 11026, 10053 ] [ 9365, 9365, 9365 ]
=====
  SELL 9:30:00 AM 10138 10 2816 1
  SELL 9:43:00 AM 10194 10 2824 1
bought 9:55:00 AM 10176
  SELL 10:00:00 AM 10178 10 2832 1
bought 10:15:00 AM 10164
bought 10:18:00 AM 10162
  SELL 10:22:00 AM 10171 10 2840 1
  SELL 10:22:00 AM 10171 10 2848 1
bought 10:52:00 AM 10161
bought 11:02:00 AM 10150
  SELL 11:27:00 AM 10162 10 2856 1
  SELL 11:28:00 AM 10172 10 2864 1
bought 11:46:00 AM 10159
  SELL 11:59:00 AM 10168 10 2872 1
bought 12:14:00 PM 10164
  SELL 12:36:00 PM 10175 10 2880 1
bought 1:55:00 PM 10194
2/22/2016 [ 11469, 11070, 11026, 10204 ] [ 9365, 9365, 9365 ]
=====
bought 10:13:00 AM 10097
  SELL 10:27:00 AM 10108 10 2888 1
bought 10:58:00 AM 10099
  SELL 11:37:00 AM 10108 10 2896 1
bought 12:53:00 PM 10112
  SELL 1:10:00 PM 10118 10 2904 1
bought 1:18:00 PM 10116
2/23/2016 [ 11469, 11070, 11026, 10204, 10126 ] [ 9365, 9365, 9365 ]
=====
  SELL 2:16:00 PM 10128 10 2912 1
2/24/2016 [ 11469, 11070, 11026, 10204 ] [ 9365, 9365, 9365 ]
=====
  SELL 9:31:00 AM 10206 10 2920 1
bought 9:50:00 AM 10174
  SELL 9:51:00 AM 10185 10 2928 1
bought 10:05:00 AM 10155
  SELL 10:14:00 AM 10168 10 2936 1
bought 10:26:00 AM 10181
bought 10:35:00 AM 10167
  SELL 10:40:00 AM 10177 10 2944 1
  SELL 10:42:00 AM 10185 10 2952 1
bought 10:51:00 AM 10172
bought 11:06:00 AM 10150
  SELL 11:08:00 AM 10164 10 2960 1
bought 11:18:00 AM 10154
  SELL 11:25:00 AM 10165 10 2968 1
bought 11:46:00 AM 10166
  SELL 11:50:00 AM 10177 10 2976 1
  SELL 11:56:00 AM 10182 10 2984 1
bought 12:07:00 PM 10176
bought 12:14:00 PM 10179
  SELL 1:16:00 PM 10190 10 2992 1
  SELL 1:16:00 PM 10190 10 3000 1
2/25/2016 [ 11469, 11070, 11026 ] [ 9365, 9365, 9365 ]
=====
bought 9:47:00 AM 10292
  SELL 9:49:00 AM 10299 10 3008 1
bought 10:04:00 AM 10307
bought 10:14:00 AM 10296
  SELL 10:36:00 AM 10311 10 3016 1
  SELL 10:46:00 AM 10318 10 3024 1
bought 11:13:00 AM 10325
  SELL 11:16:00 AM 10346 10 3032 1
bought 11:34:00 AM 10316
  SELL 11:57:00 AM 10332 10 3040 1
bought 12:08:00 PM 10315
  SELL 12:10:00 PM 10325 10 3048 1
bought 12:43:00 PM 10328
  SELL 12:53:00 PM 10339 10 3056 1
bought 1:03:00 PM 10337
bought 1:19:00 PM 10327
2/26/2016 [ 11469, 11070, 11026, 10347, 10337 ] [ 9365, 9365, 9365 ]
=====
  SELL 9:36:00 AM 10337 10 3064 1
bought 10:03:00 AM 10326
  SELL 10:06:00 AM 10350 10 3072 1
  SELL 10:06:00 AM 10350 10 3080 1
bought 10:31:00 AM 10335
  SELL 10:42:00 AM 10345 10 3088 1
bought 11:10:00 AM 10377
  SELL 11:21:00 AM 10386 10 3096 1
bought 11:54:00 AM 10394
bought 1:10:00 PM 10385
2/29/2016 [ 11469, 11070, 11026, 10404, 10395 ] [ 9365, 9365, 9365 ]
=====
  SELL 10:28:00 AM 10397 10 3104 1
  SELL 10:34:00 AM 10397 10 3112 1
bought 10:55:00 AM 10387
bought 11:08:00 AM 10381
  SELL 11:11:00 AM 10393 10 3120 1
  SELL 11:17:00 AM 10397 10 3128 1
bought 11:45:00 AM 10411
  SELL 11:59:00 AM 10413 10 3136 1
3/1/2016 [ 11469, 11070, 11026 ] [ 9365, 9365, 9365 ]
=====
bought 9:58:00 AM 10482
  SELL 10:06:00 AM 10495 10 3144 1
bought 10:26:00 AM 10502
bought 10:34:00 AM 10486
  SELL 10:48:00 AM 10496 10 3152 1
  SELL 10:52:00 AM 10511 11 3161 1
bought 11:24:00 AM 10526
  SELL 11:30:00 AM 10541 11 3170 1
bought 1:39:00 PM 10553
  SELL 1:43:00 PM 10564 11 3179 1
bought 1:54:00 PM 10564
  SELL 3:34:00 PM 10576 11 3188 1
3/2/2016 [ 11469, 11070, 11026 ] [ 9365, 9365, 9365 ]
=====
bought 10:02:00 AM 10609
  SELL 10:04:00 AM 10631 11 3197 1
bought 10:18:00 AM 10617
  SELL 10:21:00 AM 10626 11 3206 1
bought 11:07:00 AM 10669
bought 11:32:00 AM 10620
  SELL 11:46:00 AM 10630 11 3215 1
bought 1:21:00 PM 10644
  SELL 1:35:00 PM 10657 11 3224 1
bought 1:45:00 PM 10660
  SELL 2:23:00 PM 10672 11 3233 1
  SELL 2:25:00 PM 10677 11 3242 1
3/3/2016 [ 11469, 11070, 11026 ] [ 9365, 9365, 9365 ]
=====
bought 9:58:00 AM 10688
  SELL 10:00:00 AM 10700 11 3251 1
bought 10:25:00 AM 10725
  SELL 10:30:00 AM 10735 11 3260 1
bought 12:13:00 PM 10814
  SELL 12:52:00 PM 10825 11 3269 1
bought 1:03:00 PM 10818
bought 1:13:00 PM 10802
  SELL 1:21:00 PM 10811 11 3278 1
  SELL 1:41:00 PM 10829 11 3287 1
bought 1:53:00 PM 10821
  SELL 1:56:00 PM 10828 11 3296 1
bought 2:06:00 PM 10820
3/4/2016 [ 11469, 11070, 11026, 10831 ] [ 9365, 9365, 9365 ]
=====
bought 10:00:00 AM 10765
  SELL 10:03:00 AM 10779 11 3305 1
  SELL 10:24:00 AM 10828 11 3314 1
bought 10:48:00 AM 10832
bought 10:55:00 AM 10818
  SELL 11:01:00 AM 10827 11 3323 1
  SELL 11:09:00 AM 10843 11 3332 1
bought 11:21:00 AM 10845
  SELL 11:23:00 AM 10858 11 3341 1
bought 12:00:00 PM 10879
bought 12:42:00 PM 10878
  SELL 1:07:00 PM 10889 11 3350 1
  SELL 1:07:00 PM 10889 11 3359 1
3/7/2016 [ 12794, 12395, 12351 ] [ 10673, 10673, 10673 ]
=====
bought 9:47:00 AM 10789
  SELL 9:51:00 AM 10804 11 3368 1
bought 10:04:00 AM 10764
  SELL 10:06:00 AM 10768 11 3377 1
bought 10:33:00 AM 10730
bought 10:51:00 AM 10694
   BUY 10:56:00 AM 10677 11 3386 1
   BUY 10:56:00 AM 10677 11 3395 1
   BUY 10:56:00 AM 10677 11 3404 1
  sold 10:56:00 AM 10677
  SELL 11:04:00 AM 10712 11 3413 1
  sold 11:10:00 AM 10705
  sold 11:13:00 AM 10701
   BUY 11:14:00 AM 10693 11 3422 1
  sold 11:20:00 AM 10702
   BUY 11:23:00 AM 10690 11 3431 1
   BUY 11:23:00 AM 10690 11 3440 1
  sold 11:24:00 AM 10688
  sold 11:35:00 AM 10709
   BUY 11:38:00 AM 10697 11 3449 1
  sold 11:40:00 AM 10693
bought 12:28:00 PM 10718
  SELL 1:27:00 PM 10730 11 3458 1
  SELL 1:37:00 PM 10741 11 3467 1
bought 1:56:00 PM 10737
   BUY 3:09:00 PM 10682 11 3476 1
   BUY 3:17:00 PM 10684 11 3485 1
   BUY 3:29:00 PM 10663 11 3494 1
3/8/2016 [ 12794, 12395, 12351, 10748 ] []
=====
  sold 9:39:00 AM 10671
   BUY 9:43:00 AM 10657 11 3503 1
  sold 9:48:00 AM 10644
   BUY 9:51:00 AM 10633 11 3512 1
  sold 10:02:00 AM 10661
   BUY 10:08:00 AM 10648 11 3521 1
  sold 10:09:00 AM 10637
  sold 10:34:00 AM 10663
  sold 10:41:00 AM 10676
   BUY 10:47:00 AM 10666 11 3530 1
   BUY 10:50:00 AM 10627 11 3539 1
   BUY 10:50:00 AM 10627 11 3548 1
  sold 11:05:00 AM 10645
  sold 11:14:00 AM 10652
   BUY 11:21:00 AM 10643 11 3557 1
  sold 11:22:00 AM 10643
  sold 11:33:00 AM 10658
bought 11:38:00 AM 10653
   BUY 11:42:00 AM 10646 11 3566 1
  sold 11:44:00 AM 10652
  SELL 11:50:00 AM 10665 11 3575 1
bought 12:08:00 PM 10672
  SELL 12:15:00 PM 10684 11 3584 1
bought 12:21:00 PM 10676
  SELL 1:58:00 PM 10688 11 3593 1
bought 2:17:00 PM 10692
3/9/2016 [ 11771, 11771, 11771, 11623, 11578 ] [ 10468, 10468, 10468 ]
=====
3/10/2016 [ 11771, 11771, 11771, 11623, 11578 ] [ 10468, 10468, 10468 ]
=====
3/11/2016 [ 11771, 11771, 11771, 11623, 11578 ] [ 10468, 10468, 10468 ]
=====
3/14/2016 [ 11771, 11771, 11771, 11623, 11578 ] [ 10468, 10468, 10468 ]
=====
3/15/2016 [ 11771, 11771, 11771, 11623, 11578 ] [ 10468, 10468, 10468 ]
=====
3/16/2016 [ 11771, 11771, 11771, 11623, 11578 ] [ 10468, 10468, 10468 ]
=====
3/17/2016 [ 11771, 11771, 11771, 11623, 11578 ] [ 10468, 10468, 10468 ]
=====
3/18/2016 [ 11771, 11771, 11771, 11623, 11578 ] [ 10468, 10468, 10468 ]
=====
3/21/2016 [ 11771, 11771, 11771, 11623, 11578 ] [ 10468, 10468, 10468 ]
=====
3/22/2016 [ 11771, 11771, 11771, 11623, 11578 ] [ 10468, 10468, 10468 ]
=====
3/23/2016 [ 11771, 11771, 11771, 11623, 11578 ] [ 10468, 10468, 10468 ]
=====
3/24/2016 [ 11771, 11771, 11771, 11623, 11578 ] [ 10468, 10468, 10468 ]
=====
3/28/2016 [ 11771, 11771, 11771, 11623, 11578 ] [ 10468, 10468, 10468 ]
=====
3/29/2016 [ 11771, 11771, 11771, 11623, 11578 ] [ 10468, 10468, 10468 ]
=====
3/30/2016 [ 11771, 11771, 11771, 11623, 11578 ] [ 10468, 10468, 10468 ]
=====
3/31/2016 [ 11771, 11771, 11771, 11623, 11578 ] [ 10468, 10468, 10468 ]
=====
4/1/2016 [ 11771, 11771, 11771, 11623, 11578 ] [ 10468, 10468, 10468 ]
=====
4/4/2016 [ 11771, 11771, 11771, 11623, 11578 ] [ 10468, 10468, 10468 ]
=====
4/5/2016 [ 11771, 11771, 11771, 11623, 11578 ] [ 10468, 10468, 10468 ]
=====
4/6/2016 [ 11771, 11771, 11771, 11623, 11578 ] [ 10468, 10468, 10468 ]
=====
4/7/2016 [ 11771, 11771, 11771, 11623, 11578 ] [ 10468, 10468, 10468 ]
=====
4/8/2016 [ 11771, 11771, 11771, 11623, 11578 ] [ 10468, 10468, 10468 ]
=====
4/11/2016 [ 11771, 11771, 11771, 11623, 11578 ] [ 10468, 10468, 10468 ]
=====
4/12/2016 [ 11771, 11771, 11771, 11623, 11578 ] [ 10468, 10468, 10468 ]
=====
4/13/2016 [ 11771, 11771, 11771, 11623, 11578 ] [ 10468, 10468, 10468 ]
=====
4/14/2016 [ 11771, 11771, 11771, 11623, 11578 ] [ 10468, 10468, 10468 ]
=====
4/15/2016 [ 11771, 11771, 11771, 11623, 11578 ] [ 10468, 10468, 10468 ]
=====
4/18/2016 [ 11771, 11771, 11771, 11623, 11578 ] [ 10468, 10468, 10468 ]
=====
4/19/2016 [ 11771, 11771, 11771, 11623, 11578 ] [ 10468, 10468, 10468 ]
=====
4/20/2016 [ 11771, 11771, 11771, 11623, 11578 ] [ 10468, 10468, 10468 ]
=====
4/21/2016 [ 11771, 11771, 11771, 11623, 11578 ] [ 10468, 10468, 10468 ]
=====
4/22/2016 [ 11771, 11771, 11771, 11623, 11578 ] [ 10468, 10468, 10468 ]
=====
4/25/2016 [ 11771, 11771, 11771, 11623, 11578 ] [ 10468, 10468, 10468 ]
=====
4/26/2016 [ 11771, 11771, 11771, 11623, 11578 ] [ 10468, 10468, 10468 ]
=====
4/27/2016 [ 11771, 11771, 11771, 11623, 11578 ] [ 10468, 10468, 10468 ]
=====
4/28/2016 [ 11771, 11771, 11771, 11623, 11578 ] [ 10468, 10468, 10468 ]
=====
4/29/2016 [ 11771, 11771, 11771, 11623, 11578 ] [ 10468, 10468, 10468 ]
=====
5/2/2016 [ 11771, 11771, 11771, 11623, 11578 ] [ 10468, 10468, 10468 ]
=====
5/3/2016 [ 11771, 11771, 11771, 11623, 11578 ] [ 10468, 10468, 10468 ]
=====
5/4/2016 [ 11771, 11771, 11771, 11623, 11578 ] [ 10468, 10468, 10468 ]
=====
5/5/2016 [ 11771, 11771, 11771, 11623, 11578 ] [ 10468, 10468, 10468 ]
=====
5/6/2016 [ 11771, 11771, 11771, 11623, 11578 ] [ 10468, 10468, 10468 ]
=====
5/9/2016 [ 11771, 11771, 11771, 11623, 11578 ] [ 10468, 10468, 10468 ]
=====
5/10/2016 [ 11771, 11771, 11771, 11623, 11578 ] [ 10468, 10468, 10468 ]
=====
5/11/2016 [ 11771, 11771, 11771, 11623, 11578 ] [ 10468, 10468, 10468 ]
=====
5/12/2016 [ 11771, 11771, 11771, 11623, 11578 ] [ 10468, 10468, 10468 ]
=====
5/13/2016 [ 11771, 11771, 11771, 11623, 11578 ] [ 10468, 10468, 10468 ]
=====
5/16/2016 [ 11771, 11771, 11771, 11623, 11578 ] [ 10468, 10468, 10468 ]
=====
5/17/2016 [ 11771, 11771, 11771, 11623, 11578 ] [ 10468, 10468, 10468 ]
=====
5/18/2016 [ 11771, 11771, 11771, 11623, 11578 ] [ 10468, 10468, 10468 ]
=====
5/19/2016 [ 11771, 11771, 11771, 11623, 11578 ] [ 10468, 10468, 10468 ]
=====
5/20/2016 [ 11771, 11771, 11771, 11623, 11578 ] [ 10468, 10468, 10468 ]
=====
5/23/2016 [ 11771, 11771, 11771, 11623, 11578 ] [ 10468, 10468, 10468 ]
=====
5/24/2016 [ 11771, 11771, 11771, 11623, 11578 ] [ 10468, 10468, 10468 ]
=====
5/25/2016 [ 11771, 11771, 11771, 11623, 11578 ] [ 10468, 10468, 10468 ]
=====
5/26/2016 [ 11771, 11771, 11771, 11623, 11578 ] [ 10468, 10468, 10468 ]
=====
5/27/2016 [ 11771, 11771, 11771, 11623, 11578 ] [ 10468, 10468, 10468 ]
=====
5/31/2016 [ 11771, 11771, 11771, 11623, 11578 ] [ 10468, 10468, 10468 ]
=====
  SELL 3:13:00 PM 11580 12 3603 1
6/1/2016 [ 11771, 11771, 11771, 11623 ] [ 10468, 10468, 10468 ]
=====
bought 9:53:00 AM 11554
  SELL 10:02:00 AM 11561 12 3613 1
bought 10:16:00 AM 11570
  SELL 11:00:00 AM 11572 12 3623 1
bought 12:05:00 PM 11586
  SELL 1:06:00 PM 11598 12 3633 1
  SELL 2:00:00 PM 11622 12 3643 1
6/2/2016 [ 11771, 11771, 11771 ] [ 10468, 10468, 10468 ]
=====
bought 9:45:00 AM 11571
bought 9:56:00 AM 11552
  SELL 10:53:00 AM 11558 12 3653 1
bought 11:17:00 AM 11527
  SELL 11:34:00 AM 11540 12 3663 1
bought 12:10:00 PM 11569
  SELL 12:15:00 PM 11578 12 3673 1
bought 12:22:00 PM 11573
  SELL 12:25:00 PM 11581 12 3683 1
  SELL 12:34:00 PM 11583 12 3693 1
6/3/2016 [ 11771, 11771, 11771 ] [ 10468, 10468, 10468 ]
=====
bought 9:41:00 AM 11616
  SELL 9:43:00 AM 11630 12 3703 1
bought 10:56:00 AM 11673
  SELL 10:58:00 AM 11683 12 3713 1
bought 11:08:00 AM 11668
bought 11:27:00 AM 11664
  SELL 11:40:00 AM 11678 12 3723 1
  SELL 11:41:00 AM 11677 12 3733 1
bought 12:01:00 PM 11687
  SELL 1:12:00 PM 11699 12 3743 1
bought 1:35:00 PM 11701
  SELL 1:50:00 PM 11716 12 3753 1
6/6/2016 [ 11771, 11771, 11771 ] [ 10468, 10468, 10468 ]
=====
bought 9:50:00 AM 11709
  SELL 10:13:00 AM 11722 12 3763 1
bought 10:54:00 AM 11737
bought 11:13:00 AM 11739
  SELL 11:20:00 AM 11750 12 3773 1
  SELL 11:21:00 AM 11747 12 3783 1
  SELL 11:47:00 AM 11774 12 3793 1
  SELL 11:47:00 AM 11774 12 3803 1
  SELL 11:47:00 AM 11774 12 3813 1
bought 12:16:00 PM 11773
bought 12:22:00 PM 11773
  SELL 12:42:00 PM 11785 12 3823 1
  SELL 12:42:00 PM 11785 12 3833 1
bought 12:54:00 PM 11780
bought 1:18:00 PM 11786
  SELL 1:20:00 PM 11795 12 3843 1
bought 1:43:00 PM 11790
  SELL 2:27:00 PM 11797 12 3853 1
6/7/2016 [ 11802 ] [ 10468, 10468, 10468 ]
=====
bought 10:05:00 AM 11789
bought 10:18:00 AM 11782
  SELL 10:34:00 AM 11791 12 3863 1
  SELL 10:44:00 AM 11803 12 3873 1
  SELL 10:44:00 AM 11803 12 3883 1
bought 10:57:00 AM 11796
bought 11:04:00 AM 11786
bought 11:28:00 AM 11783
  SELL 11:33:00 AM 11797 12 3893 1
  SELL 11:33:00 AM 11797 12 3903 1
  SELL 11:36:00 AM 11806 12 3913 1
bought 12:25:00 PM 11837
bought 12:53:00 PM 11840
  SELL 1:05:00 PM 11850 12 3923 1
bought 1:12:00 PM 11844
  SELL 1:18:00 PM 11850 12 3933 1
  SELL 1:20:00 PM 11856 12 3943 1
6/8/2016 [] [ 10468, 10468, 10468 ]
=====
bought 9:40:00 AM 11766
  SELL 9:41:00 AM 11779 12 3953 1
bought 10:08:00 AM 11754
  SELL 10:25:00 AM 11767 12 3963 1
bought 10:36:00 AM 11759
  SELL 10:46:00 AM 11768 12 3973 1
bought 10:57:00 AM 11760
  SELL 11:07:00 AM 11772 12 3983 1
bought 11:29:00 AM 11760
  SELL 12:56:00 PM 11772 12 3993 1
bought 1:11:00 PM 11761
  SELL 1:15:00 PM 11773 12 4003 1
6/9/2016 [] [ 10468, 10468, 10468 ]
=====
bought 9:45:00 AM 11617
  SELL 9:47:00 AM 11628 12 4013 1
bought 10:14:00 AM 11610
  SELL 10:18:00 AM 11626 12 4023 1
bought 10:42:00 AM 11643
bought 10:53:00 AM 11631
  SELL 10:57:00 AM 11641 12 4033 1
  SELL 11:07:00 AM 11662 12 4043 1
bought 11:21:00 AM 11677
bought 1:04:00 PM 11639
6/10/2016 [ 11689, 11651 ] [ 10468, 10468, 10468 ]
=====
bought 9:40:00 AM 11563
  SELL 9:41:00 AM 11572 12 4053 1
bought 10:09:00 AM 11586
  SELL 10:16:00 AM 11599 12 4063 1
bought 10:46:00 AM 11597
bought 11:02:00 AM 11550
bought 11:10:00 AM 11543
  SELL 12:21:00 PM 11541 12 4073 1
bought 1:07:00 PM 11539
6/13/2016 [ 11689, 11651, 11609, 11562, 11551 ] [ 10468, 10468, 10468 ]
=====
6/14/2016 [ 11689, 11651, 11609, 11562, 11551 ] [ 10468, 10468, 10468 ]
=====
  SELL 1:59:00 PM 11547 12 4083 1
6/15/2016 [ 11689, 11651, 11609, 11562 ] [ 10468, 10468, 10468 ]
=====
bought 9:44:00 AM 11342
  SELL 11:24:00 AM 11358 11 4092 1
bought 11:38:00 AM 11360
  SELL 12:24:00 PM 11375 11 4101 1
bought 12:35:00 PM 11367
  SELL 12:39:00 PM 11381 11 4110 1
bought 12:54:00 PM 11379
  SELL 1:01:00 PM 11396 11 4119 1
bought 1:20:00 PM 11393
  SELL 2:17:00 PM 11411 11 4128 1
6/16/2016 [ 11689, 11651, 11609, 11562 ] [ 10468, 10468, 10468 ]
=====
bought 9:41:00 AM 11421
  SELL 9:43:00 AM 11434 11 4137 1
bought 9:59:00 AM 11453
  SELL 10:02:00 AM 11455 11 4146 1
bought 10:30:00 AM 11436
  SELL 10:33:00 AM 11447 11 4155 1
bought 10:33:00 AM 11447
  SELL 10:36:00 AM 11457 11 4164 1
bought 11:08:00 AM 11426
  SELL 11:51:00 AM 11434 11 4173 1
bought 11:59:00 AM 11419
  SELL 12:02:00 PM 11430 11 4182 1
bought 12:29:00 PM 11422
  SELL 2:32:00 PM 11431 11 4191 1
6/17/2016 [ 11689, 11651, 11609, 11562 ] [ 10468, 10468, 10468 ]
=====
  SELL 9:30:00 AM 11588 12 4201 1
  SELL 10:05:00 AM 11613 12 4211 1
bought 10:41:00 AM 11619
bought 10:52:00 AM 11617
  SELL 10:55:00 AM 11622 12 4221 1
  SELL 11:07:00 AM 11629 12 4231 1
bought 11:19:00 AM 11625
bought 11:35:00 AM 11623
  SELL 12:02:00 PM 11630 12 4241 1
  SELL 12:05:00 PM 11636 12 4251 1
bought 12:19:00 PM 11626
bought 12:48:00 PM 11625
6/20/2016 [ 11689, 11651, 11638, 11637 ] [ 10468, 10468, 10468 ]
=====
bought 10:07:00 AM 11496
  SELL 10:12:00 AM 11507 11 4260 1
bought 10:26:00 AM 11476
  SELL 10:28:00 AM 11478 11 4269 1
bought 10:40:00 AM 11464
  SELL 11:05:00 AM 11476 11 4278 1
bought 12:45:00 PM 11461
  SELL 1:09:00 PM 11467 11 4287 1
bought 1:18:00 PM 11467
  SELL 2:15:00 PM 11475 11 4296 1
6/21/2016 [ 11689, 11651, 11638, 11637 ] [ 10468, 10468, 10468 ]
=====
bought 9:41:00 AM 11519
  SELL 10:33:00 AM 11530 12 4306 1
bought 10:43:00 AM 11541
  SELL 10:47:00 AM 11551 12 4316 1
bought 11:03:00 AM 11569
  SELL 11:17:00 AM 11581 12 4326 1
bought 11:28:00 AM 11579
6/22/2016 [ 11689, 11651, 11638, 11637, 11591 ] [ 10468, 10468, 10468 ]
=====
  SELL 9:31:00 AM 11592 12 4336 1
bought 9:56:00 AM 11591
  SELL 10:00:00 AM 11600 12 4346 1
bought 10:34:00 AM 11588
  SELL 10:57:00 AM 11604 12 4356 1
  SELL 11:17:00 AM 11641 12 4366 1
  SELL 11:17:00 AM 11641 12 4376 1
  SELL 11:28:00 AM 11650 12 4386 1
bought 11:47:00 AM 11643
  SELL 11:50:00 AM 11660 12 4396 1
bought 12:28:00 PM 11662
  SELL 3:44:00 PM 11675 12 4406 1
  SELL 3:59:00 PM 11685 12 4416 1
6/23/2016 [] [ 10468, 10468, 10468 ]
=====
bought 10:25:00 AM 11333
  SELL 10:28:00 AM 11348 11 4425 1
bought 11:06:00 AM 11340
  SELL 11:09:00 AM 11353 11 4434 1
bought 11:29:00 AM 11331
  SELL 11:32:00 AM 11341 11 4443 1
bought 11:55:00 AM 11331
bought 1:32:00 PM 11261
  SELL 1:37:00 PM 11272 11 4452 1
6/24/2016 [ 11342 ] [ 10468, 10468, 10468 ]
=====
bought 9:46:00 AM 11071
bought 9:56:00 AM 11039
bought 10:13:00 AM 10988
bought 10:34:00 AM 10925
  SELL 10:35:00 AM 10938 11 4461 1
bought 11:02:00 AM 10853
  SELL 11:03:00 AM 10864 11 4470 1
bought 11:19:00 AM 10839
  SELL 11:20:00 AM 10845 11 4479 1
bought 11:26:00 AM 10846
  SELL 11:27:00 AM 10857 11 4488 1
bought 11:56:00 AM 10915
  SELL 12:25:00 PM 10926 11 4497 1
bought 12:47:00 PM 10922
  SELL 12:50:00 PM 10936 11 4506 1
bought 1:14:00 PM 10947
  SELL 1:15:00 PM 10959 11 4515 1
6/27/2016 [ 11342, 11082, 11050, 10999 ] [ 10468, 10468, 10468 ]
=====
  SELL 9:37:00 AM 11012 11 4524 1
  SELL 9:50:00 AM 11058 11 4533 1
bought 10:14:00 AM 11041
  SELL 10:16:00 AM 11055 11 4542 1
bought 10:31:00 AM 11032
bought 10:38:00 AM 11013
bought 10:44:00 AM 11015
  SELL 10:45:00 AM 11037 11 4551 1
  SELL 10:45:00 AM 11037 11 4560 1
  SELL 10:47:00 AM 11042 11 4569 1
bought 11:07:00 AM 11019
bought 11:15:00 AM 10999
  SELL 11:18:00 AM 11008 11 4578 1
bought 11:30:00 AM 10986
  SELL 11:33:00 AM 10992 11 4587 1
  SELL 11:50:00 AM 11018 11 4596 1
bought 12:07:00 PM 11027
bought 12:13:00 PM 11024
  SELL 12:40:00 PM 11038 11 4605 1
  SELL 12:40:00 PM 11038 11 4614 1
bought 12:51:00 PM 11027
bought 1:51:00 PM 11011
  SELL 2:32:00 PM 11029 11 4623 1
  SELL 2:37:00 PM 11043 11 4632 1
  SELL 2:57:00 PM 11080 11 4641 1
6/28/2016 [ 11342 ] [ 10468, 10468, 10468 ]
=====
bought 9:44:00 AM 11177
  SELL 9:49:00 AM 11180 11 4650 1
bought 10:11:00 AM 11198
  SELL 10:20:00 AM 11206 11 4659 1
bought 10:43:00 AM 11183
  SELL 10:47:00 AM 11199 11 4668 1
bought 11:50:00 AM 11250
  SELL 11:53:00 AM 11268 11 4677 1
bought 12:20:00 PM 11255
bought 1:53:00 PM 11252
  SELL 1:56:00 PM 11266 11 4686 1
  SELL 1:56:00 PM 11266 11 4695 1
6/29/2016 [ 11342 ] [ 10468, 10468, 10468 ]
=====
bought 9:44:00 AM 11280
bought 9:50:00 AM 11276
bought 9:56:00 AM 11267
  SELL 9:59:00 AM 11277 11 4704 1
  SELL 10:01:00 AM 11284 11 4713 1
  SELL 10:01:00 AM 11284 11 4722 1
bought 10:31:00 AM 11287
  SELL 10:35:00 AM 11296 11 4731 1
  SELL 10:57:00 AM 11346 11 4740 1
bought 11:23:00 AM 11346
  SELL 11:25:00 AM 11352 11 4749 1
bought 11:43:00 AM 11367
bought 12:10:00 PM 11366
  SELL 12:15:00 PM 11375 11 4758 1
  SELL 12:15:00 PM 11375 11 4767 1
bought 2:20:00 PM 11412
  SELL 2:44:00 PM 11423 11 4776 1
6/30/2016 [] [ 10468, 10468, 10468 ]
=====
bought 9:59:00 AM 11578
  SELL 10:26:00 AM 11586 12 4786 1
bought 10:37:00 AM 11573
  SELL 10:56:00 AM 11585 12 4796 1
bought 11:15:00 AM 11552
bought 11:20:00 AM 11545
bought 11:28:00 AM 11525
  SELL 11:44:00 AM 11535 12 4806 1
bought 12:08:00 PM 11535
  SELL 12:15:00 PM 11542 12 4816 1
bought 2:19:00 PM 11508
  SELL 3:05:00 PM 11520 12 4826 1
7/1/2016 [ 11564, 11557 ] [ 10468, 10468, 10468 ]
=====
bought 9:49:00 AM 11410
bought 9:58:00 AM 11409
bought 10:04:00 AM 11392
  SELL 10:31:00 AM 11407 11 4835 1
  SELL 10:43:00 AM 11415 11 4844 1
  SELL 10:43:00 AM 11415 11 4853 1
bought 10:59:00 AM 11366
bought 11:09:00 AM 11364
bought 11:16:00 AM 11353
  SELL 11:17:00 AM 11372 11 4862 1
bought 11:34:00 AM 11360
  SELL 12:29:00 PM 11371 11 4871 1
bought 12:47:00 PM 11349
  SELL 2:13:00 PM 11360 11 4880 1
  SELL 3:31:00 PM 11378 11 4889 1
  SELL 3:31:00 PM 11378 11 4898 1
7/5/2016 [ 11564, 11557 ] [ 10468, 10468, 10468 ]
=====
bought 9:40:00 AM 11250
  SELL 9:50:00 AM 11268 11 4907 1
bought 10:11:00 AM 11297
bought 10:22:00 AM 11287
  SELL 10:49:00 AM 11308 11 4916 1
  SELL 10:49:00 AM 11308 11 4925 1
bought 11:19:00 AM 11362
bought 11:33:00 AM 11340
  SELL 12:02:00 PM 11352 11 4934 1
  SELL 12:04:00 PM 11376 11 4943 1
bought 12:52:00 PM 11377
  SELL 1:01:00 PM 11392 11 4952 1
bought 1:29:00 PM 11387
  SELL 3:41:00 PM 11398 11 4961 1
7/6/2016 [ 11564, 11557 ] [ 10468, 10468, 10468 ]
=====
bought 10:05:00 AM 11482
bought 10:15:00 AM 11480
  SELL 10:18:00 AM 11487 11 4970 1
bought 10:26:00 AM 11475
  SELL 10:30:00 AM 11491 11 4979 1
  SELL 10:31:00 AM 11494 11 4988 1
bought 10:50:00 AM 11462
bought 11:01:00 AM 11437
  SELL 11:12:00 AM 11440 11 4997 1
bought 1:45:00 PM 11380
  SELL 2:02:00 PM 11391 11 5006 1
7/7/2016 [ 11564, 11557, 11473 ] [ 10468, 10468, 10468 ]
=====
  SELL 9:30:00 AM 11533 11 5015 1
  SELL 9:41:00 AM 11553 12 5025 1
  SELL 9:43:00 AM 11567 12 5035 1
bought 10:24:00 AM 11589
  SELL 10:27:00 AM 11597 12 5045 1
bought 11:03:00 AM 11641
  SELL 11:19:00 AM 11652 12 5055 1
bought 11:37:00 AM 11650
  SELL 11:40:00 AM 11665 12 5065 1
bought 12:05:00 PM 11667
  SELL 12:08:00 PM 11679 12 5075 1
bought 12:25:00 PM 11677
  SELL 12:43:00 PM 11688 12 5085 1
bought 1:02:00 PM 11688
bought 1:29:00 PM 11691
bought 1:38:00 PM 11689
bought 1:49:00 PM 11691
bought 1:58:00 PM 11689
  SELL 2:31:00 PM 11700 12 5095 1
  SELL 2:32:00 PM 11701 12 5105 1
  SELL 2:32:00 PM 11701 12 5115 1
  SELL 2:33:00 PM 11705 12 5125 1
  SELL 2:33:00 PM 11705 12 5135 1
7/8/2016 [] [ 10468, 10468, 10468 ]
=====
bought 9:52:00 AM 11756
  SELL 9:56:00 AM 11769 12 5145 1
bought 10:16:00 AM 11776
  SELL 10:52:00 AM 11785 12 5155 1
bought 11:12:00 AM 11812
bought 11:27:00 AM 11805
  SELL 11:32:00 AM 11819 12 5165 1
  SELL 11:33:00 AM 11821 12 5175 1
bought 11:43:00 AM 11821
bought 1:01:00 PM 11831
bought 1:29:00 PM 11823
  SELL 2:33:00 PM 11832 12 5185 1
  SELL 2:39:00 PM 11834 12 5195 1
  SELL 3:12:00 PM 11840 12 5205 1
7/11/2016 [] [ 10468, 10468, 10468 ]
=====
bought 10:03:00 AM 11917
bought 10:10:00 AM 11908
bought 10:27:00 AM 11894
  SELL 10:29:00 AM 11904 12 5215 1
  SELL 10:44:00 AM 11922 12 5225 1
  SELL 10:47:00 AM 11926 12 5235 1
bought 11:22:00 AM 11945
  SELL 11:26:00 AM 11959 12 5245 1
bought 12:26:00 PM 11996
  SELL 12:32:00 PM 12003 12 5255 1
bought 1:52:00 PM 12006
  SELL 2:31:00 PM 12018 12 5265 1
7/12/2016 [] [ 10468, 10468, 10468 ]
=====
bought 9:46:00 AM 11976
bought 9:55:00 AM 11971
  SELL 10:01:00 AM 11990 12 5275 1
  SELL 10:01:00 AM 11990 12 5285 1
bought 10:20:00 AM 12001
bought 10:30:00 AM 11974
  SELL 10:32:00 AM 11977 12 5295 1
bought 11:02:00 AM 11973
bought 11:10:00 AM 11956
bought 11:34:00 AM 11914
  SELL 12:00:00 PM 11926 12 5305 1
bought 12:17:00 PM 11930
bought 12:41:00 PM 11926
  SELL 12:56:00 PM 11939 12 5315 1
  SELL 1:00:00 PM 11945 12 5325 1
bought 1:58:00 PM 11932
  SELL 2:38:00 PM 11945 12 5335 1
7/13/2016 [ 12013, 11985, 11968 ] [ 10468, 10468, 10468 ]
=====
  SELL 9:30:00 AM 12021 12 5345 1
  SELL 9:30:00 AM 12021 12 5355 1
  SELL 9:30:00 AM 12021 12 5365 1
bought 9:40:00 AM 11992
bought 9:49:00 AM 11947
  SELL 9:56:00 AM 11961 12 5375 1
bought 10:23:00 AM 11972
  SELL 10:25:00 AM 11977 12 5385 1
  SELL 10:33:00 AM 12007 12 5395 1
bought 10:54:00 AM 12001
  SELL 11:05:00 AM 12015 12 5405 1
bought 11:21:00 AM 12000
bought 11:28:00 AM 11988
bought 12:16:00 PM 11991
7/14/2016 [ 12012, 12000, 12003 ] [ 10468, 10468, 10468 ]
=====
  SELL 9:30:00 AM 11994 12 5415 1
  SELL 9:30:00 AM 11994 12 5425 1
bought 9:45:00 AM 11951
  SELL 9:50:00 AM 11969 12 5435 1
bought 10:00:00 AM 11954
  SELL 10:01:00 AM 11969 12 5445 1
bought 10:18:00 AM 11955
  SELL 10:20:00 AM 11971 12 5455 1
bought 11:01:00 AM 11987
bought 11:09:00 AM 11970
bought 11:21:00 AM 11965
bought 12:23:00 PM 11959
  SELL 3:23:00 PM 11971 12 5465 1
  SELL 3:24:00 PM 11975 12 5475 1
  SELL 3:32:00 PM 11983 12 5485 1
7/15/2016 [ 12012, 11999 ] [ 10468, 10468, 10468 ]
=====
bought 9:46:00 AM 11939
  SELL 9:51:00 AM 11951 12 5495 1
  SELL 10:11:00 AM 11998 12 5505 1
  SELL 10:25:00 AM 12011 12 5515 1
bought 10:52:00 AM 12012
  SELL 11:01:00 AM 12024 12 5525 1
bought 11:19:00 AM 12010
bought 12:04:00 PM 11986
  SELL 1:46:00 PM 11996 12 5535 1
bought 2:20:00 PM 11994
  SELL 2:44:00 PM 12005 12 5545 1
7/18/2016 [ 12022 ] [ 10468, 10468, 10468 ]
=====
bought 10:05:00 AM 11957
  SELL 10:10:00 AM 11980 12 5555 1
bought 10:24:00 AM 11979
bought 10:41:00 AM 11974
bought 10:50:00 AM 11965
  SELL 11:02:00 AM 11981 12 5565 1
  SELL 11:05:00 AM 11985 12 5575 1
bought 11:15:00 AM 11985
  SELL 11:31:00 AM 11993 12 5585 1
bought 1:02:00 PM 11936
bought 1:59:00 PM 11907
  SELL 2:06:00 PM 11921 12 5595 1
7/19/2016 [ 12022, 11997, 11948 ] [ 10468, 10468, 10468 ]
=====
  SELL 9:30:00 AM 11954 12 5605 1
bought 9:40:00 AM 11919
bought 9:49:00 AM 11914
  SELL 9:51:00 AM 11924 12 5615 1
  SELL 10:04:00 AM 11934 12 5625 1
bought 10:31:00 AM 11977
  SELL 10:39:00 AM 11997 12 5635 1
  SELL 10:39:00 AM 11997 12 5645 1
  SELL 10:45:00 AM 12024 12 5655 1
bought 10:58:00 AM 12017
bought 11:14:00 AM 12011
  SELL 11:29:00 AM 12021 12 5665 1
bought 11:37:00 AM 12016
  SELL 11:55:00 AM 12029 12 5675 1
  SELL 11:55:00 AM 12029 12 5685 1
bought 12:05:00 PM 12018
  SELL 1:07:00 PM 12030 12 5695 1
bought 1:42:00 PM 12035
7/20/2016 [ 12047 ] [ 10468, 10468, 10468 ]
=====
  SELL 9:43:00 AM 12048 12 5705 1
bought 9:54:00 AM 12033
bought 10:01:00 AM 12021
  SELL 10:04:00 AM 12036 12 5715 1
  SELL 10:13:00 AM 12042 12 5725 1
bought 10:31:00 AM 12038
  SELL 10:40:00 AM 12048 12 5735 1
bought 11:34:00 AM 12018
bought 1:29:00 PM 11973
bought 1:36:00 PM 11969
bought 1:41:00 PM 11968
7/21/2016 [ 12030, 11985, 11981, 11980 ] [ 10468, 10468, 10468 ]
=====
bought 9:44:00 AM 11939
  SELL 9:48:00 AM 11954 12 5745 1
bought 9:59:00 AM 11955
  SELL 10:01:00 AM 11970 12 5755 1
bought 10:14:00 AM 11947
  SELL 10:26:00 AM 11957 12 5765 1
  SELL 10:44:00 AM 11980 12 5775 1
  SELL 10:45:00 AM 11985 12 5785 1
  SELL 10:45:00 AM 11985 12 5795 1
bought 11:09:00 AM 12006
bought 11:22:00 AM 12008
bought 11:42:00 AM 12015
  SELL 11:47:00 AM 12016 12 5805 1
  SELL 11:50:00 AM 12022 12 5815 1
  SELL 11:52:00 AM 12027 12 5825 1
  SELL 11:54:00 AM 12034 12 5835 1
bought 12:17:00 PM 12042
  SELL 12:25:00 PM 12054 12 5845 1
bought 12:39:00 PM 12050
  SELL 12:53:00 PM 12063 12 5855 1
bought 1:04:00 PM 12057
7/22/2016 [ 12069 ] [ 10468, 10468, 10468 ]
=====
bought 9:54:00 AM 12035
bought 10:17:00 AM 12020
  SELL 10:55:00 AM 12027 12 5865 1
bought 11:13:00 AM 11989
  SELL 11:22:00 AM 12003 12 5875 1
bought 12:29:00 PM 11996
  SELL 12:47:00 PM 12008 12 5885 1
bought 1:16:00 PM 12012
  SELL 1:25:00 PM 12022 12 5895 1
bought 1:39:00 PM 12026
bought 2:17:00 PM 12026
7/25/2016 [ 12069, 12047, 12038, 12038 ] [ 10468, 10468, 10468 ]
=====
  SELL 9:32:00 AM 12038 12 5905 1
  SELL 9:32:00 AM 12038 12 5915 1
  SELL 9:35:00 AM 12039 12 5925 1
  SELL 9:40:00 AM 12070 12 5935 1
bought 9:54:00 AM 12077
  SELL 10:01:00 AM 12091 12 5945 1
bought 10:16:00 AM 12069
  SELL 10:24:00 AM 12082 12 5955 1
bought 10:45:00 AM 12081
bought 11:02:00 AM 12010
bought 11:13:00 AM 12000
  SELL 11:15:00 AM 12012 12 5965 1
  SELL 11:19:00 AM 12020 12 5975 1
bought 12:14:00 PM 12068
  SELL 12:20:00 PM 12081 12 5985 1
  SELL 12:26:00 PM 12090 12 5995 1
bought 12:35:00 PM 12082
bought 12:43:00 PM 12079
  SELL 3:58:00 PM 12084 12 6005 1
7/26/2016 [ 16219 ] [ 11838, 11838, 11838 ]
=====
bought 9:47:00 AM 12132
  SELL 10:09:00 AM 12144 12 6015 1
bought 10:19:00 AM 12138
bought 10:25:00 AM 12130
bought 10:40:00 AM 12091
bought 10:48:00 AM 12067
  SELL 10:51:00 AM 12078 12 6025 1
  SELL 11:08:00 AM 12101 12 6035 1
bought 11:17:00 AM 12088
bought 11:25:00 AM 12094
  SELL 3:00:00 PM 12101 12 6045 1
  SELL 3:05:00 PM 12115 12 6055 1
7/27/2016 [ 12354, 12150, 12142 ] [ 10538, 10538, 10538 ]
=====
bought 9:42:00 AM 12066
  SELL 9:46:00 AM 12078 12 6065 1
bought 10:07:00 AM 12099
bought 10:20:00 AM 12066
  SELL 10:35:00 AM 12079 12 6075 1
bought 10:59:00 AM 12058
  SELL 11:15:00 AM 12070 12 6085 1
bought 11:38:00 AM 12066
  SELL 11:47:00 AM 12079 12 6095 1
bought 1:26:00 PM 12084
  SELL 1:59:00 PM 12099 12 6105 1
  SELL 2:42:00 PM 12111 12 6115 1
7/28/2016 [ 12354, 12150, 12142 ] [ 10538, 10538, 10538 ]
=====
bought 9:52:00 AM 12059
bought 10:00:00 AM 12027
  SELL 10:01:00 AM 12035 12 6125 1
bought 10:09:00 AM 12027
  SELL 10:14:00 AM 12054 12 6135 1
bought 10:34:00 AM 12041
  SELL 10:35:00 AM 12061 12 6145 1
  SELL 10:37:00 AM 12069 12 6155 1
bought 10:49:00 AM 12067
  SELL 10:50:00 AM 12079 12 6165 1
bought 11:35:00 AM 12131
  SELL 11:37:00 AM 12142 12 6175 1
  SELL 11:38:00 AM 12146 12 6185 1
  SELL 11:40:00 AM 12152 12 6195 1
bought 11:53:00 AM 12144
  SELL 12:01:00 PM 12158 12 6205 1
bought 12:15:00 PM 12162
bought 12:24:00 PM 12147
  SELL 12:38:00 PM 12150 12 6215 1
bought 1:21:00 PM 12099
bought 1:45:00 PM 12108
  SELL 1:47:00 PM 12114 12 6225 1
  SELL 1:53:00 PM 12120 12 6235 1
bought 2:07:00 PM 12119
7/29/2016 [ 12354, 12174, 12131 ] [ 10538, 10538, 10538 ]
=====
  SELL 9:30:00 AM 12134 12 6245 1
bought 9:44:00 AM 12067
  SELL 9:45:00 AM 12073 12 6255 1
bought 10:26:00 AM 12137
bought 10:43:00 AM 12109
  SELL 10:47:00 AM 12121 12 6265 1
  SELL 11:05:00 AM 12150 12 6275 1
bought 11:32:00 AM 12153
bought 1:44:00 PM 12105
  SELL 1:58:00 PM 12119 12 6285 1
bought 2:15:00 PM 12115
8/1/2016 [ 13379, 13199, 13190, 13152 ] [ 11878, 11878, 11878 ]
=====
bought 9:44:00 AM 12084
8/2/2016 [ 13379, 13199, 13190, 13152, 12096 ] [ 11878, 11878, 11878 ]
=====
8/3/2016 [ 13379, 13199, 13190, 13152, 12096 ] [ 11878, 11878, 11878 ]
=====
  SELL 9:36:00 AM 12087 12 6295 1
bought 10:04:00 AM 12048
  SELL 10:18:00 AM 12061 12 6305 1
bought 10:51:00 AM 12075
  SELL 11:57:00 AM 12091 12 6315 1
8/4/2016 [ 13379, 13199, 13190, 13152 ] [ 11878, 11878, 11878 ]
=====
bought 10:15:00 AM 12200
  SELL 11:01:00 AM 12213 12 6325 1
bought 11:14:00 AM 12224
  SELL 11:35:00 AM 12235 12 6335 1
bought 11:58:00 AM 12233
  SELL 12:25:00 PM 12243 12 6345 1
bought 1:13:00 PM 12252
8/5/2016 [ 13379, 13199, 13190, 13152, 12264 ] [ 11878, 11878, 11878 ]
=====
  SELL 9:35:00 AM 12270 12 6355 1
bought 9:56:00 AM 12263
8/8/2016 [ 13379, 13199, 13190, 13152, 12275 ] [ 11878, 11878, 11878 ]
=====
8/9/2016 [ 13379, 13199, 13190, 13152, 12275 ] [ 11878, 11878, 11878 ]
=====
8/10/2016 [ 13379, 13199, 13190, 13152, 12275 ] [ 11878, 11878, 11878 ]
=====
8/11/2016 [ 13379, 13199, 13190, 13152, 12275 ] [ 11878, 11878, 11878 ]
=====
8/12/2016 [ 13379, 13199, 13190, 13152, 12275 ] [ 11878, 11878, 11878 ]
=====
  SELL 9:31:00 AM 12271 12 6365 1
bought 10:00:00 AM 12314
  SELL 10:16:00 AM 12320 12 6375 1
bought 10:40:00 AM 12331
  SELL 10:43:00 AM 12339 12 6385 1
bought 2:01:00 PM 12362
8/15/2016 [ 13379, 13199, 13190, 13152, 12374 ] [ 11878, 11878, 11878 ]
=====
8/16/2016 [ 13379, 13199, 13190, 13152, 12374 ] [ 11878, 11878, 11878 ]
=====
8/17/2016 [ 13379, 13199, 13190, 13152, 12374 ] [ 11878, 11878, 11878 ]
=====
8/18/2016 [ 13379, 13199, 13190, 13152, 12374 ] [ 11878, 11878, 11878 ]
=====
8/19/2016 [ 13379, 13199, 13190, 13152, 12374 ] [ 11878, 11878, 11878 ]
=====
8/22/2016 [ 13379, 13199, 13190, 13152, 12374 ] [ 11878, 11878, 11878 ]
=====
  SELL 9:30:00 AM 12373 12 6395 1
bought 10:46:00 AM 12440
8/23/2016 [ 13379, 13199, 13190, 13152, 12452 ] [ 11878, 11878, 11878 ]
=====
8/24/2016 [ 13379, 13199, 13190, 13152, 12452 ] [ 11878, 11878, 11878 ]
=====
8/25/2016 [ 13379, 13199, 13190, 13152, 12452 ] [ 11878, 11878, 11878 ]
=====
8/26/2016 [ 13379, 13199, 13190, 13152, 12452 ] [ 11878, 11878, 11878 ]
=====
8/29/2016 [ 13379, 13199, 13190, 13152, 12452 ] [ 11878, 11878, 11878 ]
=====
8/30/2016 [ 13379, 13199, 13190, 13152, 12452 ] [ 11878, 11878, 11878 ]
=====
8/31/2016 [ 13379, 13199, 13190, 13152, 12452 ] [ 11878, 11878, 11878 ]
=====
9/1/2016 [ 13379, 13199, 13190, 13152, 12452 ] [ 11878, 11878, 11878 ]
=====
  SELL 10:01:00 AM 12452 12 6405 1
bought 10:14:00 AM 12407
  SELL 10:27:00 AM 12416 12 6415 1
bought 10:46:00 AM 12421
  SELL 11:04:00 AM 12428 12 6425 1
bought 11:16:00 AM 12418
  SELL 11:56:00 AM 12429 12 6435 1
bought 12:51:00 PM 12418
  SELL 3:21:00 PM 12428 12 6445 1
9/2/2016 [ 13379, 13199, 13190, 13152 ] [ 11878, 11878, 11878 ]
=====
bought 10:10:00 AM 12438
  SELL 12:00:00 PM 12449 12 6455 1
bought 12:21:00 PM 12449
  SELL 12:32:00 PM 12462 12 6465 1
bought 12:56:00 PM 12458
9/6/2016 [ 13379, 13199, 13190, 13152, 12470 ] [ 11878, 11878, 11878 ]
=====
  SELL 9:38:00 AM 12470 12 6475 1
bought 10:52:00 AM 12473
  SELL 11:02:00 AM 12485 12 6485 1
bought 11:21:00 AM 12475
  SELL 12:05:00 PM 12488 12 6495 1
bought 12:59:00 PM 12492
  SELL 1:10:00 PM 12502 12 6505 1
bought 1:16:00 PM 12501
  SELL 3:03:00 PM 12513 13 6516 1
9/7/2016 [ 13379, 13199, 13190, 13152 ] [ 11878, 11878, 11878 ]
=====
bought 9:42:00 AM 12510
  SELL 10:35:00 AM 12522 13 6527 1
bought 10:48:00 AM 12497
  SELL 10:59:00 AM 12513 12 6537 1
bought 11:25:00 AM 12517
  SELL 11:51:00 AM 12523 13 6548 1
bought 12:15:00 PM 12514
  SELL 12:40:00 PM 12522 13 6559 1
bought 1:07:00 PM 12532
9/8/2016 [ 13379, 13199, 13190, 13152, 12545 ] [ 11878, 11878, 11878 ]
=====
9/9/2016 [ 13379, 13199, 13190, 13152, 12545 ] [ 11878, 11878, 11878 ]
=====
9/12/2016 [ 13379, 13199, 13190, 13152, 12545 ] [ 11878, 11878, 11878 ]
=====
9/13/2016 [ 13379, 13199, 13190, 13152, 12545 ] [ 11878, 11878, 11878 ]
=====
size: 68640
IWM
elapsed: 176 days 0 minutes
gain: 6559 per day = 0.33655780235297983 %
pGain/(pGain+nGain): 1 kelly criterion: NaN
sigma: 0.8495998985372616 ave gain: 8.911684782608695 ratio: 10.489272418642889 # trades:  736
max draw down:  0
buy and hold: 984 profit factor: Infinity payoff ratio:  NaN
pGain*ave/sigma/days: 43.86423011432481
