  sold 9:48:00 AM 20488
  sold 9:52:00 AM 20487
   BUY 9:56:00 AM 20482 20 18 1
bought 9:57:00 AM 20479
   BUY 10:00:00 AM 20455 20 36 1
  sold 10:02:00 AM 20435
bought 10:08:00 AM 20436
  sold 10:31:00 AM 20442
   BUY 10:46:00 AM 20426 20 54 1
   BUY 10:48:00 AM 20410 20 72 1
  sold 10:49:00 AM 20404
bought 10:54:00 AM 20407
  sold 11:07:00 AM 20415
  SELL 11:11:00 AM 20428 20 90 1
  sold 11:15:00 AM 20428
bought 11:31:00 AM 20418
  SELL 11:38:00 AM 20438 20 108 1
  SELL 11:51:00 AM 20458 20 126 1
bought 12:01:00 PM 20450
bought 12:02:00 PM 20457
bought 12:03:00 PM 20457
bought 12:14:00 PM 20449
  SELL 1:13:00 PM 20479 20 144 1
  SELL 1:13:00 PM 20479 20 162 1
  SELL 1:13:00 PM 20479 20 180 1
  SELL 1:13:00 PM 20479 20 198 1
  SELL 1:19:00 PM 20497 20 216 1
bought 1:27:00 PM 20493
  SELL 1:31:00 PM 20515 20 234 1
bought 1:41:00 PM 20503
bought 1:47:00 PM 20491
  SELL 3:25:00 PM 20513 20 252 1
12/28/2015 [ 20524 ] [ 20384, 20395, 20408 ]
=====
  SELL 9:30:00 AM 20658 21 271 1
bought 10:18:00 AM 20709
bought 10:41:00 AM 20702
  SELL 11:33:00 AM 20723 21 290 1
bought 12:34:00 PM 20702
bought 12:35:00 PM 20705
bought 12:36:00 PM 20711
  SELL 1:16:00 PM 20719 21 309 1
  SELL 1:18:00 PM 20726 21 328 1
  SELL 1:19:00 PM 20730 21 347 1
  SELL 1:19:00 PM 20730 21 366 1
bought 1:29:00 PM 20725
bought 1:30:00 PM 20726
  SELL 1:50:00 PM 20743 21 385 1
  SELL 1:50:00 PM 20743 21 404 1
bought 2:17:00 PM 20743
bought 2:18:00 PM 20747
  SELL 2:59:00 PM 20760 21 423 1
  SELL 3:07:00 PM 20768 21 442 1
12/29/2015 [] [ 20384, 20395, 20408 ]
=====
bought 9:47:00 AM 20686
  SELL 10:05:00 AM 20707 21 461 1
bought 10:23:00 AM 20674
bought 10:32:00 AM 20662
bought 10:42:00 AM 20674
  SELL 10:44:00 AM 20682 21 480 1
  SELL 11:05:00 AM 20695 21 499 1
  SELL 11:05:00 AM 20695 21 518 1
bought 11:22:00 AM 20687
bought 1:12:00 PM 20667
  SELL 1:45:00 PM 20684 21 537 1
12/30/2015 [ 20708 ] [ 20384, 20395, 20408 ]
=====
bought 10:09:00 AM 20486
bought 10:23:00 AM 20475
bought 10:34:00 AM 20434
  SELL 10:50:00 AM 20453 20 555 1
bought 11:28:00 AM 20475
  SELL 11:41:00 AM 20496 20 573 1
  SELL 11:41:00 AM 20496 20 591 1
  SELL 11:45:00 AM 20519 20 609 1
bought 11:55:00 AM 20516
bought 11:56:00 AM 20517
  SELL 11:59:00 AM 20537 21 628 1
  SELL 12:00:00 PM 20535 21 647 1
bought 12:53:00 PM 20570
   BUY 3:59:00 PM 20389 20 665 1
   BUY 3:59:00 PM 20389 20 683 1
12/31/2015 [ 20708, 20591 ] [ 20384 ]
=====
   BUY 9:30:00 AM 20042 20 701 1
  sold 9:42:00 AM 19969
bought 9:48:00 AM 19992
  SELL 9:50:00 AM 20028 20 719 1
  sold 9:56:00 AM 20028
   BUY 10:00:00 AM 19990 20 737 1
  sold 10:00:00 AM 19990
   BUY 10:02:00 AM 19951 20 755 1
   BUY 10:02:00 AM 19951 20 773 1
  sold 10:13:00 AM 19982
   BUY 10:14:00 AM 19997 20 791 1
  sold 10:22:00 AM 20001
  sold 10:26:00 AM 20001
bought 10:27:00 AM 20001
   BUY 10:28:00 AM 19983 20 809 1
   BUY 10:28:00 AM 19983 20 827 1
  sold 10:30:00 AM 19981
   BUY 10:34:00 AM 19964 20 845 1
  sold 10:51:00 AM 19955
  sold 10:54:00 AM 19937
   BUY 10:55:00 AM 19924 20 863 1
   BUY 10:57:00 AM 19926 20 881 1
  sold 11:07:00 AM 19865
  sold 11:18:00 AM 19885
  sold 11:27:00 AM 19907
bought 11:48:00 AM 19940
  SELL 12:43:00 PM 19970 20 899 1
  SELL 1:11:00 PM 20017 20 917 1
bought 1:22:00 PM 19987
bought 1:27:00 PM 19991
bought 1:28:00 PM 19997
  SELL 1:35:00 PM 20007 20 935 1
  SELL 1:39:00 PM 20008 20 953 1
  SELL 1:52:00 PM 20011 20 971 1
1/4/2016 [ 20708, 20591 ] [ 19845, 19865, 19887 ]
=====
bought 9:43:00 AM 20175
bought 10:01:00 AM 20075
  SELL 10:03:00 AM 20094 20 989 1
bought 10:26:00 AM 20061
bought 10:33:00 AM 20055
  SELL 10:36:00 AM 20070 20 1007 1
  SELL 10:37:00 AM 20080 20 1025 1
bought 11:01:00 AM 20141
bought 11:07:00 AM 20125
  SELL 1:55:00 PM 20136 20 1043 1
bought 2:00:00 PM 20123
  SELL 2:13:00 PM 20144 20 1061 1
  SELL 2:20:00 PM 20165 20 1079 1
1/5/2016 [ 20708, 20591, 20195 ] [ 19845, 19865, 19887 ]
=====
   BUY 9:30:00 AM 19855 20 1097 1
   BUY 9:30:00 AM 19855 20 1115 1
   BUY 9:30:00 AM 19855 20 1133 1
  sold 9:42:00 AM 19883
  sold 9:54:00 AM 19910
   BUY 10:03:00 AM 19892 20 1151 1
  sold 10:26:00 AM 19955
   BUY 10:31:00 AM 19931 20 1169 1
  sold 10:33:00 AM 19931
   BUY 10:36:00 AM 19909 20 1187 1
  sold 10:39:00 AM 19905
bought 10:42:00 AM 19908
   BUY 10:47:00 AM 19887 20 1205 1
  SELL 10:57:00 AM 19926 20 1223 1
  sold 11:07:00 AM 19954
   BUY 11:11:00 AM 19926 20 1241 1
  sold 11:11:00 AM 19926
bought 11:15:00 AM 19929
  SELL 11:17:00 AM 19955 20 1259 1
  sold 11:25:00 AM 19976
bought 11:35:00 AM 19973
  SELL 11:40:00 AM 19986 20 1277 1
   BUY 11:44:00 AM 19960 20 1295 1
  sold 11:45:00 AM 19961
bought 11:48:00 AM 19958
bought 11:49:00 AM 19963
   BUY 11:56:00 AM 19933 20 1313 1
  sold 11:57:00 AM 19942
   BUY 12:02:00 PM 19925 20 1331 1
  sold 12:07:00 PM 19913
   BUY 12:27:00 PM 19907 20 1349 1
  sold 12:45:00 PM 19939
   BUY 1:02:00 PM 19919 20 1367 1
  sold 1:10:00 PM 19908
   BUY 1:12:00 PM 19893 20 1385 1
   BUY 1:14:00 PM 19888 20 1403 1
  sold 1:29:00 PM 19896
  sold 1:30:00 PM 19897
   BUY 1:49:00 PM 19873 20 1421 1
   BUY 1:49:00 PM 19873 20 1439 1
   BUY 2:00:00 PM 19877 20 1457 1
1/6/2016 [ 20708, 20591, 20195, 19978, 19983 ] []
=====
  sold 9:43:00 AM 19587
  sold 9:54:00 AM 19630
   BUY 9:56:00 AM 19604 20 1475 1
  sold 9:58:00 AM 19627
   BUY 10:00:00 AM 19606 20 1493 1
  sold 10:04:00 AM 19585
   BUY 10:10:00 AM 19570 20 1511 1
  sold 10:18:00 AM 19628
   BUY 10:21:00 AM 19610 20 1529 1
  sold 10:21:00 AM 19610
   BUY 10:24:00 AM 19598 20 1547 1
  sold 10:39:00 AM 19694
   BUY 10:41:00 AM 19676 20 1565 1
  sold 10:45:00 AM 19668
  sold 10:58:00 AM 19721
   BUY 11:06:00 AM 19700 20 1583 1
  sold 11:06:00 AM 19700
   BUY 11:12:00 AM 19680 20 1601 1
   BUY 11:23:00 AM 19647 20 1619 1
  sold 11:25:00 AM 19655
   BUY 11:45:00 AM 19633 20 1637 1
  sold 11:48:00 AM 19631
   BUY 12:06:00 PM 19611 20 1655 1
  sold 12:21:00 PM 19633
   BUY 12:24:00 PM 19616 20 1673 1
  sold 12:25:00 PM 19616
  sold 12:35:00 PM 19609
   BUY 12:37:00 PM 19590 20 1691 1
   BUY 12:37:00 PM 19590 20 1709 1
  sold 12:38:00 PM 19581
  sold 12:49:00 PM 19606
   BUY 12:55:00 PM 19585 20 1727 1
   BUY 1:01:00 PM 19563 20 1745 1
   BUY 1:01:00 PM 19563 20 1763 1
  sold 1:01:00 PM 19563
   BUY 1:05:00 PM 19538 20 1781 1
  sold 1:07:00 PM 19528
   BUY 1:12:00 PM 19505 20 1799 1
  sold 1:20:00 PM 19462
  sold 1:28:00 PM 19485
  sold 1:29:00 PM 19476
   BUY 1:31:00 PM 19465 19 1816 1
   BUY 1:31:00 PM 19465 19 1833 1
   BUY 1:34:00 PM 19460 19 1850 1
  sold 1:38:00 PM 19404
  sold 1:47:00 PM 19440
  sold 1:48:00 PM 19448
   BUY 2:02:00 PM 19432 19 1867 1
   BUY 2:03:00 PM 19429 19 1884 1
   BUY 2:34:00 PM 19406 19 1901 1
1/7/2016 [ 20708, 20591, 20195, 19978, 19983 ] []
=====
  sold 9:39:00 AM 19524
   BUY 9:41:00 AM 19524 20 1919 1
  sold 9:52:00 AM 19518
   BUY 9:53:00 AM 19504 20 1937 1
  sold 10:01:00 AM 19521
   BUY 10:02:00 AM 19503 20 1955 1
  sold 10:05:00 AM 19461
   BUY 10:08:00 AM 19457 19 1972 1
  sold 10:31:00 AM 19479
   BUY 10:37:00 AM 19442 19 1989 1
  sold 10:38:00 AM 19438
  sold 10:51:00 AM 19462
   BUY 10:53:00 AM 19446 19 2006 1
   BUY 10:55:00 AM 19434 19 2023 1
  sold 10:55:00 AM 19434
   BUY 11:07:00 AM 19430 19 2040 1
  sold 11:21:00 AM 19379
   BUY 11:27:00 AM 19358 19 2057 1
  sold 11:28:00 AM 19351
   BUY 11:32:00 AM 19339 19 2074 1
  sold 11:33:00 AM 19310
  sold 11:47:00 AM 19355
  sold 11:48:00 AM 19366
   BUY 2:25:00 PM 19336 19 2091 1
   BUY 2:25:00 PM 19336 19 2108 1
   BUY 3:28:00 PM 19303 19 2125 1
1/8/2016 [ 20708, 20591, 20195, 19978, 19983 ] []
=====
  sold 9:39:00 AM 19273
   BUY 9:42:00 AM 19266 19 2142 1
  sold 9:50:00 AM 19216
   BUY 9:55:00 AM 19201 19 2159 1
  sold 10:04:00 AM 19220
   BUY 10:08:00 AM 19209 19 2176 1
  sold 10:18:00 AM 19183
  sold 10:28:00 AM 19215
  sold 10:38:00 AM 19264
   BUY 10:41:00 AM 19236 19 2193 1
  sold 10:42:00 AM 19239
   BUY 10:47:00 AM 19213 19 2210 1
  sold 10:48:00 AM 19208
   BUY 10:49:00 AM 19214 19 2227 1
   BUY 10:52:00 AM 19182 19 2244 1
   BUY 10:54:00 AM 19167 19 2261 1
  sold 10:54:00 AM 19167
   BUY 10:56:00 AM 19145 19 2278 1
  sold 11:06:00 AM 19121
  sold 11:20:00 AM 19159
   BUY 11:30:00 AM 19144 19 2295 1
  sold 12:01:00 PM 19204
   BUY 12:13:00 PM 19186 19 2312 1
  sold 12:16:00 PM 19183
   BUY 12:18:00 PM 19161 19 2329 1
  sold 12:26:00 PM 19125
  sold 12:38:00 PM 19128
   BUY 12:41:00 PM 19115 19 2346 1
  sold 12:41:00 PM 19115
   BUY 1:12:00 PM 19088 19 2363 1
   BUY 1:12:00 PM 19088 19 2380 1
   BUY 1:12:00 PM 19088 19 2397 1
  sold 1:37:00 PM 19030
   BUY 1:47:00 PM 19014 19 2414 1
  sold 1:48:00 PM 19005
   BUY 1:51:00 PM 18997 19 2431 1
  sold 1:59:00 PM 19017
  sold 2:00:00 PM 19028
   BUY 2:02:00 PM 19001 19 2448 1
1/11/2016 [ 20708, 20591, 20195, 19978, 19983 ] [ 18998 ]
=====
  sold 9:44:00 AM 19431
   BUY 9:53:00 AM 19411 19 2465 1
  sold 9:54:00 AM 19404
   BUY 10:02:00 AM 19375 19 2482 1
  sold 10:04:00 AM 19366
   BUY 10:08:00 AM 19350 19 2499 1
  sold 10:17:00 AM 19319
   BUY 10:24:00 AM 19308 19 2516 1
  sold 10:37:00 AM 19329
  sold 10:40:00 AM 19321
   BUY 10:43:00 AM 19311 19 2533 1
   BUY 10:44:00 AM 19309 19 2550 1
  sold 10:47:00 AM 19281
   BUY 10:49:00 AM 19263 19 2567 1
  sold 11:00:00 AM 19289
  sold 11:09:00 AM 19280
   BUY 11:10:00 AM 19273 19 2584 1
   BUY 11:11:00 AM 19255 19 2601 1
  sold 11:25:00 AM 19227
   BUY 11:35:00 AM 19204 19 2618 1
  sold 11:40:00 AM 19192
  sold 11:53:00 AM 19244
   BUY 12:19:00 PM 19221 19 2635 1
   BUY 12:35:00 PM 19165 19 2652 1
  sold 12:35:00 PM 19165
   BUY 12:46:00 PM 19183 19 2669 1
  sold 12:51:00 PM 19189
  sold 12:52:00 PM 19191
   BUY 12:58:00 PM 19180 19 2686 1
  sold 12:59:00 PM 19174
   BUY 1:25:00 PM 19177 19 2703 1
  sold 1:57:00 PM 19215
   BUY 1:59:00 PM 19186 19 2720 1
   BUY 2:03:00 PM 19162 19 2737 1
1/12/2016 [ 20708, 20591, 20195, 19978, 19983 ] [ 18998 ]
=====
  sold 9:47:00 AM 19423
   BUY 9:51:00 AM 19409 19 2754 1
  sold 9:54:00 AM 19396
  sold 10:01:00 AM 19423
   BUY 10:02:00 AM 19403 19 2771 1
   BUY 10:13:00 AM 19381 19 2788 1
  sold 10:15:00 AM 19378
   BUY 10:17:00 AM 19357 19 2805 1
  sold 10:27:00 AM 19362
   BUY 10:30:00 AM 19338 19 2822 1
  sold 10:30:00 AM 19338
   BUY 10:31:00 AM 19319 19 2839 1
  sold 10:46:00 AM 19332
   BUY 10:47:00 AM 19325 19 2856 1
  sold 10:53:00 AM 19327
  sold 11:01:00 AM 19347
   BUY 11:04:00 AM 19319 19 2873 1
  sold 11:05:00 AM 19328
   BUY 11:07:00 AM 19317 19 2890 1
   BUY 11:07:00 AM 19317 19 2907 1
  sold 11:09:00 AM 19296
  sold 11:18:00 AM 19361
   BUY 11:24:00 AM 19351 19 2924 1
  sold 11:26:00 AM 19334
   BUY 11:42:00 AM 19314 19 2941 1
  sold 11:42:00 AM 19314
   BUY 11:47:00 AM 19283 19 2958 1
   BUY 11:48:00 AM 19278 19 2975 1
  sold 11:56:00 AM 19259
   BUY 11:57:00 AM 19240 19 2992 1
  sold 12:17:00 PM 19244
   BUY 12:31:00 PM 19221 19 3009 1
  sold 12:33:00 PM 19230
   BUY 12:39:00 PM 19205 19 3026 1
  sold 12:40:00 PM 19195
   BUY 12:51:00 PM 19172 19 3043 1
  sold 12:53:00 PM 19170
   BUY 1:03:00 PM 19169 19 3060 1
  sold 1:11:00 PM 19177
  sold 1:12:00 PM 19186
   BUY 1:17:00 PM 19169 19 3077 1
  sold 1:18:00 PM 19170
   BUY 1:20:00 PM 19157 19 3094 1
   BUY 1:21:00 PM 19153 19 3111 1
  sold 1:27:00 PM 19140
   BUY 1:36:00 PM 19123 19 3128 1
  sold 1:39:00 PM 19097
   BUY 1:43:00 PM 19079 19 3145 1
  sold 1:55:00 PM 19084
   BUY 1:56:00 PM 19065 19 3162 1
  sold 1:56:00 PM 19065
   BUY 1:59:00 PM 19034 19 3179 1
  sold 2:00:00 PM 19032
   BUY 2:07:00 PM 19016 19 3196 1
  sold 2:14:00 PM 19036
   BUY 2:15:00 PM 19015 19 3213 1
   BUY 2:17:00 PM 19002 19 3230 1
  sold 2:18:00 PM 18996
   BUY 2:27:00 PM 18988 19 3247 1
1/13/2016 [ 20708, 20591, 20195, 19978, 19983 ] []
=====
  sold 9:39:00 AM 18887
   BUY 9:40:00 AM 18870 19 3264 1
  sold 9:48:00 AM 18885
   BUY 9:52:00 AM 18862 19 3281 1
  sold 9:52:00 AM 18862
   BUY 9:54:00 AM 18840 19 3298 1
  sold 10:02:00 AM 18775
  sold 10:10:00 AM 18798
  sold 10:28:00 AM 19008
   BUY 10:29:00 AM 19026 19 3315 1
  sold 10:39:00 AM 19104
   BUY 10:41:00 AM 19081 19 3332 1
  sold 10:42:00 AM 19095
   BUY 11:01:00 AM 19080 19 3349 1
  sold 11:04:00 AM 19071
   BUY 11:19:00 AM 19051 19 3366 1
  sold 11:21:00 AM 19055
   BUY 11:23:00 AM 19044 19 3383 1
  sold 11:35:00 AM 19012
1/14/2016 [ 20708, 20591, 20195, 19978, 19983 ] [ 18756, 18779, 18993 ]
=====
   BUY 9:30:00 AM 18681 19 3400 1
   BUY 9:30:00 AM 18681 19 3417 1
   BUY 9:30:00 AM 18681 19 3434 1
  sold 9:41:00 AM 18745
  sold 9:50:00 AM 18834
   BUY 9:52:00 AM 18810 19 3451 1
  sold 9:54:00 AM 18811
   BUY 9:56:00 AM 18793 19 3468 1
   BUY 10:02:00 AM 18722 19 3485 1
  sold 10:12:00 AM 18747
  sold 10:25:00 AM 18834
   BUY 10:28:00 AM 18810 19 3502 1
  sold 10:54:00 AM 18777
   BUY 10:58:00 AM 18756 19 3519 1
   BUY 11:01:00 AM 18735 19 3536 1
  sold 11:05:00 AM 18736
   BUY 11:11:00 AM 18720 19 3553 1
  sold 11:12:00 AM 18721
  sold 11:19:00 AM 18745
  sold 11:41:00 AM 18728
   BUY 11:42:00 AM 18732 19 3570 1
  sold 11:54:00 AM 18714
   BUY 11:55:00 AM 18702 19 3587 1
   BUY 11:55:00 AM 18702 19 3604 1
   BUY 12:02:00 PM 18707 19 3621 1
  sold 12:05:00 PM 18694
  sold 12:16:00 PM 18678
   BUY 12:17:00 PM 18678 19 3638 1
   BUY 12:19:00 PM 18646 19 3655 1
  sold 12:33:00 PM 18571
   BUY 12:40:00 PM 18571 19 3672 1
  sold 12:50:00 PM 18638
  sold 1:08:00 PM 18630
  sold 1:31:00 PM 18651
1/15/2016 [ 20708, 20591, 20195, 19978, 19983 ] [ 18619, 18611, 18632 ]
=====
   BUY 2:45:00 PM 18639 19 3689 1
1/19/2016 [ 20708, 20591, 20195, 19978, 19983 ] [ 18619, 18611 ]
=====
   BUY 9:30:00 AM 18512 19 3706 1
   BUY 9:30:00 AM 18512 19 3723 1
  sold 9:39:00 AM 18475
   BUY 9:41:00 AM 18450 18 3739 1
  sold 9:49:00 AM 18493
   BUY 9:53:00 AM 18464 18 3755 1
  sold 9:54:00 AM 18446
   BUY 9:55:00 AM 18434 18 3771 1
  sold 10:10:00 AM 18404
   BUY 10:18:00 AM 18373 18 3787 1
  sold 10:20:00 AM 18391
   BUY 10:21:00 AM 18361 18 3803 1
  sold 10:32:00 AM 18354
   BUY 10:33:00 AM 18325 18 3819 1
  sold 10:48:00 AM 18308
   BUY 10:52:00 AM 18276 18 3835 1
  sold 10:54:00 AM 18254
   BUY 10:56:00 AM 18240 18 3851 1
  sold 11:09:00 AM 18264
  sold 11:16:00 AM 18291
  sold 11:34:00 AM 18333
   BUY 11:38:00 AM 18314 18 3867 1
  sold 11:41:00 AM 18326
   BUY 11:43:00 AM 18315 18 3883 1
  sold 11:45:00 AM 18292
   BUY 11:49:00 AM 18270 18 3899 1
   BUY 11:49:00 AM 18270 18 3915 1
  sold 11:50:00 AM 18266
   BUY 11:52:00 AM 18261 18 3931 1
   BUY 11:52:00 AM 18261 18 3947 1
  sold 12:07:00 PM 18213
   BUY 12:08:00 PM 18195 18 3963 1
  sold 12:21:00 PM 18166
   BUY 12:23:00 PM 18140 18 3979 1
  sold 12:35:00 PM 18156
   BUY 12:36:00 PM 18132 18 3995 1
  sold 12:36:00 PM 18132
   BUY 12:43:00 PM 18114 18 4011 1
  sold 1:13:00 PM 18235
   BUY 1:16:00 PM 18191 18 4027 1
  sold 1:34:00 PM 18285
   BUY 1:35:00 PM 18266 18 4043 1
  sold 1:35:00 PM 18266
  sold 2:02:00 PM 18368
   BUY 2:33:00 PM 18351 18 4059 1
1/20/2016 [ 20708, 20591, 20195, 19978, 19983 ] [ 18248 ]
=====
  sold 9:44:00 AM 18528
   BUY 9:46:00 AM 18488 19 4076 1
  sold 9:59:00 AM 18514
  sold 10:17:00 AM 18707
   BUY 10:21:00 AM 18686 19 4093 1
  sold 10:24:00 AM 18652
   BUY 2:12:00 PM 18633 19 4110 1
1/21/2016 [ 20708, 20591, 20195, 19978, 19983 ] [ 18248, 18495 ]
=====
  sold 9:40:00 AM 18930
   BUY 11:39:00 AM 18910 19 4127 1
  sold 11:50:00 AM 18900
1/22/2016 [ 20708, 20591, 20195, 19978, 19983 ] [ 18248, 18495, 18881 ]
=====
   BUY 11:12:00 AM 18883 19 4144 1
  sold 11:12:00 AM 18883
   BUY 3:09:00 PM 18863 19 4161 1
1/25/2016 [ 20708, 20591, 20195, 19978, 19983 ] [ 18248, 18495 ]
=====
  sold 9:42:00 AM 18849
   BUY 9:48:00 AM 18813 19 4178 1
  sold 9:49:00 AM 18816
1/26/2016 [ 20708, 20591, 20195, 19978, 19983 ] [ 18248, 18495, 18797 ]
=====
   BUY 3:02:00 PM 18793 19 4195 1
1/27/2016 [ 20708, 20591, 20195, 19978, 19983 ] [ 18248, 18495 ]
=====
  sold 9:40:00 AM 18952
   BUY 10:01:00 AM 18936 19 4212 1
  sold 10:17:00 AM 18857
   BUY 10:18:00 AM 18828 19 4229 1
  sold 10:30:00 AM 18777
   BUY 10:31:00 AM 18752 19 4246 1
  sold 10:44:00 AM 18813
   BUY 10:45:00 AM 18813 19 4263 1
  sold 10:54:00 AM 18801
   BUY 11:47:00 AM 18789 19 4280 1
  sold 11:54:00 AM 18812
   BUY 11:56:00 AM 18787 19 4297 1
  sold 12:07:00 PM 18827
1/28/2016 [ 20708, 20591, 20195, 19978, 19983 ] [ 18248, 18495, 18808 ]
=====
1/29/2016 [ 20708, 20591, 20195, 19978, 19983 ] [ 18248, 18495, 18808 ]
=====
2/1/2016 [ 20708, 20591, 20195, 19978, 19983 ] [ 18248, 18495, 18808 ]
=====
2/2/2016 [ 20708, 20591, 20195, 19978, 19983 ] [ 18248, 18495, 18808 ]
=====
   BUY 10:14:00 AM 18824 19 4314 1
  sold 10:30:00 AM 18738
   BUY 10:37:00 AM 18715 19 4331 1
  sold 10:49:00 AM 18811
   BUY 11:07:00 AM 18782 19 4348 1
  sold 11:24:00 AM 18889
   BUY 11:35:00 AM 18863 19 4365 1
  sold 11:35:00 AM 18863
   BUY 12:45:00 PM 18857 19 4382 1
  sold 1:10:00 PM 18903
   BUY 1:17:00 PM 18882 19 4399 1
  sold 1:22:00 PM 18865
   BUY 1:35:00 PM 18832 19 4416 1
  sold 1:41:00 PM 18824
   BUY 1:59:00 PM 18799 19 4433 1
  sold 1:59:00 PM 18799
2/3/2016 [ 20708, 20591, 20195, 19978, 19983 ] [ 18248, 18495, 18780 ]
=====
2/4/2016 [ 20708, 20591, 20195, 19978, 19983 ] [ 18248, 18495, 18780 ]
=====
   BUY 2:10:00 PM 18779 19 4450 1
  sold 2:10:00 PM 18779
   BUY 2:16:00 PM 18754 19 4467 1
2/5/2016 [ 20708, 20591, 20195, 19978, 19983 ] [ 18248, 18495 ]
=====
   BUY 9:36:00 AM 18491 19 4484 1
  sold 9:39:00 AM 18480
  sold 9:47:00 AM 18513
   BUY 9:48:00 AM 18494 19 4501 1
  sold 9:50:00 AM 18474
   BUY 9:51:00 AM 18461 18 4517 1
   BUY 9:51:00 AM 18461 18 4533 1
  sold 10:07:00 AM 18465
   BUY 10:08:00 AM 18444 18 4549 1
  sold 10:10:00 AM 18430
   BUY 10:17:00 AM 18409 18 4565 1
  sold 10:20:00 AM 18410
  sold 10:37:00 AM 18471
   BUY 10:38:00 AM 18451 18 4581 1
  sold 10:58:00 AM 18421
   BUY 11:01:00 AM 18411 18 4597 1
   BUY 11:02:00 AM 18395 18 4613 1
  sold 11:12:00 AM 18348
   BUY 11:14:00 AM 18347 18 4629 1
  sold 11:24:00 AM 18394
   BUY 11:26:00 AM 18387 18 4645 1
  sold 11:46:00 AM 18351
  sold 12:38:00 PM 18447
   BUY 12:55:00 PM 18429 18 4661 1
  sold 12:57:00 PM 18427
   BUY 1:03:00 PM 18410 18 4677 1
  sold 1:05:00 PM 18393
   BUY 1:20:00 PM 18382 18 4693 1
  sold 1:21:00 PM 18378
   BUY 1:24:00 PM 18366 18 4709 1
  sold 1:35:00 PM 18378
   BUY 1:41:00 PM 18354 18 4725 1
  sold 1:41:00 PM 18354
   BUY 1:44:00 PM 18338 18 4741 1
   BUY 1:46:00 PM 18327 18 4757 1
  sold 1:53:00 PM 18308
  sold 2:05:00 PM 18340
   BUY 2:12:00 PM 18323 18 4773 1
  sold 2:14:00 PM 18310
   BUY 2:32:00 PM 18288 18 4789 1
   BUY 2:32:00 PM 18288 18 4805 1
2/8/2016 [ 20708, 20591, 20195, 19978, 19983 ] [ 18248 ]
=====
  sold 9:42:00 AM 18449
  sold 9:52:00 AM 18546
   BUY 9:58:00 AM 18518 19 4822 1
  sold 9:59:00 AM 18523
   BUY 10:30:00 AM 18497 19 4839 1
  sold 10:30:00 AM 18497
   BUY 10:35:00 AM 18479 18 4855 1
  sold 10:43:00 AM 18455
   BUY 10:54:00 AM 18417 18 4871 1
   BUY 10:54:00 AM 18417 18 4887 1
  sold 10:55:00 AM 18416
  sold 11:15:00 AM 18508
   BUY 11:16:00 AM 18476 19 4904 1
  sold 11:19:00 AM 18492
   BUY 11:39:00 AM 18486 18 4920 1
  sold 11:53:00 AM 18477
   BUY 11:54:00 AM 18455 18 4936 1
  sold 12:10:00 PM 18486
   BUY 12:12:00 PM 18477 18 4952 1
  sold 12:16:00 PM 18448
   BUY 12:22:00 PM 18443 18 4968 1
  sold 12:39:00 PM 18455
   BUY 12:41:00 PM 18437 18 4984 1
  sold 12:43:00 PM 18453
   BUY 12:48:00 PM 18431 18 5000 1
  sold 12:51:00 PM 18447
   BUY 12:57:00 PM 18437 18 5016 1
  sold 1:03:00 PM 18420
   BUY 1:09:00 PM 18397 18 5032 1
   BUY 1:09:00 PM 18397 18 5048 1
  sold 1:11:00 PM 18380
   BUY 1:13:00 PM 18363 18 5064 1
  sold 1:24:00 PM 18390
  sold 1:25:00 PM 18394
   BUY 1:38:00 PM 18375 18 5080 1
   BUY 1:39:00 PM 18379 18 5096 1
  sold 1:39:00 PM 18379
2/9/2016 [ 20708, 20591, 20195, 19978, 19983 ] [ 18248, 18361 ]
=====
  sold 9:45:00 AM 18620
   BUY 11:40:00 AM 18595 19 5113 1
  sold 11:47:00 AM 18625
   BUY 3:16:00 PM 18595 19 5130 1
2/10/2016 [ 20708, 20591, 20195, 19978, 19983 ] [ 18248, 18361 ]
=====
   BUY 9:30:00 AM 18245 18 5146 1
   BUY 9:30:00 AM 18245 18 5162 1
  sold 9:41:00 AM 18241
  sold 10:00:00 AM 18343
   BUY 10:03:00 AM 18319 18 5178 1
  sold 10:12:00 AM 18319
   BUY 10:21:00 AM 18292 18 5194 1
  sold 10:22:00 AM 18291
   BUY 10:27:00 AM 18283 18 5210 1
  sold 10:29:00 AM 18270
   BUY 10:39:00 AM 18252 18 5226 1
  sold 10:40:00 AM 18235
  sold 10:51:00 AM 18239
   BUY 10:54:00 AM 18234 18 5242 1
   BUY 10:54:00 AM 18234 18 5258 1
  sold 10:54:00 AM 18234
   BUY 10:58:00 AM 18219 18 5274 1
   BUY 10:58:00 AM 18219 18 5290 1
  sold 11:16:00 AM 18191
  sold 11:23:00 AM 18195
   BUY 11:28:00 AM 18175 18 5306 1
   BUY 11:29:00 AM 18175 18 5322 1
  sold 11:30:00 AM 18163
   BUY 11:34:00 AM 18142 18 5338 1
  sold 11:42:00 AM 18200
   BUY 11:43:00 AM 18183 18 5354 1
  sold 11:43:00 AM 18183
   BUY 11:49:00 AM 18165 18 5370 1
  sold 11:49:00 AM 18165
  sold 12:19:00 PM 18186
  sold 12:28:00 PM 18195
   BUY 12:34:00 PM 18177 18 5386 1
   BUY 12:34:00 PM 18177 18 5402 1
  sold 1:39:00 PM 18197
   BUY 2:19:00 PM 18156 18 5418 1
  sold 2:20:00 PM 18173
   BUY 2:24:00 PM 18159 18 5434 1
   BUY 2:28:00 PM 18146 18 5450 1
2/11/2016 [ 20708, 20591, 20195, 19978, 19983 ] []
=====
  sold 9:47:00 AM 18455
   BUY 9:49:00 AM 18444 18 5466 1
  sold 9:59:00 AM 18422
   BUY 10:00:00 AM 18403 18 5482 1
  sold 10:25:00 AM 18488
   BUY 10:45:00 AM 18467 18 5498 1
  sold 10:58:00 AM 18473
  sold 11:19:00 AM 18562
  sold 11:35:00 AM 18598
   BUY 11:42:00 AM 18573 19 5515 1
  sold 11:55:00 AM 18556
   BUY 1:07:00 PM 18544 19 5532 1
  sold 1:07:00 PM 18544
   BUY 1:08:00 PM 18536 19 5549 1
  sold 1:17:00 PM 18538
   BUY 1:18:00 PM 18528 19 5566 1
   BUY 1:19:00 PM 18522 19 5583 1
  sold 1:30:00 PM 18548
  sold 1:31:00 PM 18535
   BUY 1:32:00 PM 18534 19 5600 1
  sold 1:32:00 PM 18534
2/12/2016 [ 20708, 20591, 20195, 19978, 19983 ] [ 18455, 18516, 18515 ]
=====
2/16/2016 [ 20708, 20591, 20195, 19978, 19983 ] [ 18455, 18516, 18515 ]
=====
2/17/2016 [ 20708, 20591, 20195, 19978, 19983 ] [ 18455, 18516, 18515 ]
=====
2/18/2016 [ 20708, 20591, 20195, 19978, 19983 ] [ 18455, 18516, 18515 ]
=====
2/19/2016 [ 20708, 20591, 20195, 19978, 19983 ] [ 18455, 18516, 18515 ]
=====
2/22/2016 [ 20708, 20591, 20195, 19978, 19983 ] [ 18455, 18516, 18515 ]
=====
2/23/2016 [ 20708, 20591, 20195, 19978, 19983 ] [ 18455, 18516, 18515 ]
=====
2/24/2016 [ 20708, 20591, 20195, 19978, 19983 ] [ 18455, 18516, 18515 ]
=====
2/25/2016 [ 20708, 20591, 20195, 19978, 19983 ] [ 18455, 18516, 18515 ]
=====
2/26/2016 [ 20708, 20591, 20195, 19978, 19983 ] [ 18455, 18516, 18515 ]
=====
2/29/2016 [ 20708, 20591, 20195, 19978, 19983 ] [ 18455, 18516, 18515 ]
=====
3/1/2016 [ 20708, 20591, 20195, 19978, 19983 ] [ 18455, 18516, 18515 ]
=====
3/2/2016 [ 20708, 20591, 20195, 19978, 19983 ] [ 18455, 18516, 18515 ]
=====
  SELL 3:55:00 PM 19976 20 5618 1
3/3/2016 [ 20708, 20591, 20195, 19983 ] [ 18455, 18516, 18515 ]
=====
  SELL 9:30:00 AM 20010 20 5636 1
bought 9:46:00 AM 19941
bought 9:58:00 AM 19916
  SELL 10:00:00 AM 19935 20 5654 1
  SELL 10:13:00 AM 19966 20 5672 1
bought 10:26:00 AM 19971
  SELL 10:35:00 AM 19997 20 5690 1
bought 11:27:00 AM 20062
  SELL 12:02:00 PM 20081 20 5708 1
bought 12:11:00 PM 20070
bought 12:12:00 PM 20076
  SELL 12:53:00 PM 20090 20 5726 1
bought 1:12:00 PM 20059
  SELL 1:24:00 PM 20081 20 5744 1
  SELL 1:38:00 PM 20096 20 5762 1
bought 2:04:00 PM 20114
bought 2:05:00 PM 20118
3/4/2016 [ 20708, 20591, 20195, 20134, 20138 ] [ 18455, 18516, 18515 ]
=====
3/7/2016 [ 20708, 20591, 20195, 20134, 20138 ] [ 18455, 18516, 18515 ]
=====
3/8/2016 [ 20708, 20591, 20195, 20134, 20138 ] [ 18455, 18516, 18515 ]
=====
3/9/2016 [ 20708, 20591, 20195, 20134, 20138 ] [ 18455, 18516, 18515 ]
=====
3/10/2016 [ 20708, 20591, 20195, 20134, 20138 ] [ 18455, 18516, 18515 ]
=====
  SELL 9:30:00 AM 20139 20 5780 1
  SELL 9:30:00 AM 20139 20 5798 1
bought 10:11:00 AM 20129
  SELL 10:19:00 AM 20146 20 5816 1
  SELL 10:41:00 AM 20196 20 5834 1
bought 10:55:00 AM 20177
  SELL 11:08:00 AM 20201 20 5852 1
bought 12:39:00 PM 20228
bought 12:40:00 PM 20229
bought 12:41:00 PM 20231
  SELL 3:09:00 PM 20248 20 5870 1
  SELL 3:10:00 PM 20249 20 5888 1
  SELL 3:10:00 PM 20249 20 5906 1
3/11/2016 [ 20708, 20591 ] [ 18455, 18516, 18515 ]
=====
bought 9:56:00 AM 20199
bought 10:26:00 AM 20211
  SELL 10:30:00 AM 20221 20 5924 1
bought 10:41:00 AM 20218
  SELL 10:44:00 AM 20233 20 5942 1
  SELL 10:45:00 AM 20238 20 5960 1
bought 11:00:00 AM 20219
  SELL 11:17:00 AM 20241 20 5978 1
bought 11:37:00 AM 20224
  SELL 12:19:00 PM 20250 20 5996 1
bought 12:30:00 PM 20242
bought 12:31:00 PM 20247
  SELL 12:42:00 PM 20260 20 6014 1
bought 12:48:00 PM 20252
  SELL 1:08:00 PM 20267 20 6032 1
bought 1:17:00 PM 20258
bought 1:18:00 PM 20258
  SELL 1:27:00 PM 20270 20 6050 1
  SELL 2:40:00 PM 20282 20 6068 1
  SELL 2:40:00 PM 20282 20 6086 1
3/14/2016 [ 20708, 20591 ] [ 18455, 18516, 18515 ]
=====
bought 9:57:00 AM 20119
  SELL 10:14:00 AM 20140 20 6104 1
bought 10:48:00 AM 20159
bought 10:58:00 AM 20147
  SELL 11:09:00 AM 20168 20 6122 1
  SELL 11:25:00 AM 20179 20 6140 1
bought 11:38:00 AM 20163
bought 12:49:00 PM 20146
  SELL 1:20:00 PM 20164 20 6158 1
  SELL 1:30:00 PM 20183 20 6176 1
bought 1:41:00 PM 20182
bought 1:50:00 PM 20177
bought 1:51:00 PM 20175
  SELL 1:55:00 PM 20193 20 6194 1
  SELL 2:14:00 PM 20202 20 6212 1
  SELL 2:14:00 PM 20202 20 6230 1
3/15/2016 [ 20708, 20591 ] [ 18455, 18516, 18515 ]
=====
bought 10:36:00 AM 20233
bought 10:54:00 AM 20234
bought 11:18:00 AM 20241
  SELL 2:00:00 PM 20244 20 6248 1
  SELL 2:00:00 PM 20244 20 6266 1
  SELL 2:00:00 PM 20244 20 6284 1
bought 2:11:00 PM 20256
bought 2:12:00 PM 20230
bought 2:13:00 PM 20216
  SELL 2:16:00 PM 20244 20 6302 1
  SELL 2:16:00 PM 20244 20 6320 1
bought 2:16:00 PM 20244
bought 2:17:00 PM 20216
  SELL 2:18:00 PM 20218 20 6338 1
  SELL 2:22:00 PM 20272 20 6356 1
  SELL 2:22:00 PM 20272 20 6374 1
3/16/2016 [ 20708, 20591 ] [ 18455, 18516, 18515 ]
=====
bought 9:47:00 AM 20294
  SELL 10:05:00 AM 20318 20 6392 1
bought 10:22:00 AM 20309
  SELL 10:29:00 AM 20324 20 6410 1
bought 11:09:00 AM 20382
  SELL 11:16:00 AM 20403 20 6428 1
bought 12:42:00 PM 20454
bought 12:43:00 PM 20452
bought 12:44:00 PM 20455
  SELL 1:40:00 PM 20466 20 6446 1
  SELL 1:46:00 PM 20481 20 6464 1
  SELL 1:46:00 PM 20481 20 6482 1
3/17/2016 [ 20708, 20591 ] [ 18455, 18516, 18515 ]
=====
bought 9:49:00 AM 20400
  SELL 9:51:00 AM 20420 20 6500 1
bought 10:22:00 AM 20438
bought 10:41:00 AM 20435
bought 10:54:00 AM 20441
  SELL 11:02:00 AM 20457 20 6518 1
  SELL 11:02:00 AM 20457 20 6536 1
  SELL 11:03:00 AM 20461 20 6554 1
bought 11:18:00 AM 20475
bought 11:32:00 AM 20456
bought 12:12:00 PM 20452
3/18/2016 [ 20708, 20591, 20495, 20476, 20472 ] [ 18455, 18516, 18515 ]
=====
  SELL 1:27:00 PM 20470 20 6572 1
  SELL 1:29:00 PM 20477 20 6590 1
bought 1:37:00 PM 20466
bought 1:38:00 PM 20471
  SELL 2:18:00 PM 20482 20 6608 1
  SELL 2:39:00 PM 20492 20 6626 1
3/21/2016 [ 20708, 20591, 20495 ] [ 18455, 18516, 18515 ]
=====
bought 9:44:00 AM 20392
bought 9:52:00 AM 20369
  SELL 9:54:00 AM 20388 20 6644 1
  SELL 9:56:00 AM 20417 20 6662 1
bought 11:04:00 AM 20454
  SELL 11:17:00 AM 20475 20 6680 1
bought 11:37:00 AM 20454
  SELL 12:29:00 PM 20479 20 6698 1
  SELL 12:53:00 PM 20492 20 6716 1
bought 1:13:00 PM 20504
bought 1:14:00 PM 20503
bought 1:15:00 PM 20503
3/22/2016 [ 20708, 20591, 20525, 20524, 20524 ] [ 18455, 18516, 18515 ]
=====
3/23/2016 [ 20708, 20591, 20525, 20524, 20524 ] [ 18455, 18516, 18515 ]
=====
3/24/2016 [ 20708, 20591, 20525, 20524, 20524 ] [ 18455, 18516, 18515 ]
=====
3/28/2016 [ 20708, 20591, 20525, 20524, 20524 ] [ 18455, 18516, 18515 ]
=====
3/29/2016 [ 20708, 20591, 20525, 20524, 20524 ] [ 18455, 18516, 18515 ]
=====
  SELL 9:30:00 AM 20622 21 6735 1
  SELL 9:30:00 AM 20622 21 6754 1
  SELL 9:30:00 AM 20622 21 6773 1
  SELL 9:30:00 AM 20622 21 6792 1
bought 10:01:00 AM 20652
bought 10:27:00 AM 20640
  SELL 10:34:00 AM 20664 21 6811 1
  SELL 10:40:00 AM 20671 21 6830 1
bought 10:49:00 AM 20659
  SELL 11:04:00 AM 20683 21 6849 1
bought 11:13:00 AM 20661
bought 11:24:00 AM 20628
bought 11:28:00 AM 20628
bought 11:35:00 AM 20614
  SELL 3:06:00 PM 20634 21 6868 1
  SELL 3:28:00 PM 20647 21 6887 1
  SELL 3:28:00 PM 20647 21 6906 1
3/30/2016 [ 20708, 20682 ] [ 18455, 18516, 18515 ]
=====
bought 9:58:00 AM 20600
  SELL 10:18:00 AM 20618 21 6925 1
bought 10:33:00 AM 20613
bought 11:02:00 AM 20616
  SELL 11:15:00 AM 20630 21 6944 1
  SELL 11:15:00 AM 20630 21 6963 1
bought 11:29:00 AM 20618
  SELL 12:02:00 PM 20639 21 6982 1
3/31/2016 [ 20708, 20682 ] [ 18455, 18516, 18515 ]
=====
bought 10:21:00 AM 20524
bought 10:33:00 AM 20528
  SELL 10:36:00 AM 20555 21 7001 1
  SELL 10:36:00 AM 20555 21 7020 1
bought 10:50:00 AM 20563
bought 10:57:00 AM 20558
  SELL 10:59:00 AM 20586 21 7039 1
  SELL 10:59:00 AM 20586 21 7058 1
bought 11:12:00 AM 20593
bought 11:25:00 AM 20574
  SELL 11:34:00 AM 20596 21 7077 1
  SELL 11:40:00 AM 20613 21 7096 1
bought 11:48:00 AM 20600
bought 11:53:00 AM 20582
bought 11:57:00 AM 20579
  SELL 1:13:00 PM 20600 21 7115 1
  SELL 1:15:00 PM 20602 21 7134 1
  SELL 1:22:00 PM 20617 21 7153 1
bought 2:01:00 PM 20632
bought 2:02:00 PM 20631
bought 2:03:00 PM 20635
  SELL 2:11:00 PM 20646 21 7172 1
  SELL 2:15:00 PM 20651 21 7191 1
  SELL 2:37:00 PM 20657 21 7210 1
  SELL 3:34:00 PM 20683 21 7229 1
  SELL 3:45:00 PM 20705 21 7248 1
4/1/2016 [] [ 18455, 18516, 18515 ]
=====
bought 10:18:00 AM 20682
bought 10:42:00 AM 20676
bought 11:01:00 AM 20625
  SELL 11:31:00 AM 20645 21 7267 1
bought 11:47:00 AM 20637
bought 11:50:00 AM 20637
  SELL 12:03:00 PM 20660 21 7286 1
  SELL 12:03:00 PM 20660 21 7305 1
bought 12:32:00 PM 20671
bought 12:33:00 PM 20674
bought 12:42:00 PM 20681
4/4/2016 [ 20703, 20697, 20692, 20695, 20702 ] [ 18455, 18516, 18515 ]
=====
4/5/2016 [ 20703, 20697, 20692, 20695, 20702 ] [ 18455, 18516, 18515 ]
=====
4/6/2016 [ 20703, 20697, 20692, 20695, 20702 ] [ 18455, 18516, 18515 ]
=====
4/7/2016 [ 20703, 20697, 20692, 20695, 20702 ] [ 18455, 18516, 18515 ]
=====
4/8/2016 [ 20703, 20697, 20692, 20695, 20702 ] [ 18455, 18516, 18515 ]
=====
4/11/2016 [ 20703, 20697, 20692, 20695, 20702 ] [ 18455, 18516, 18515 ]
=====
4/12/2016 [ 20703, 20697, 20692, 20695, 20702 ] [ 18455, 18516, 18515 ]
=====
  SELL 9:30:00 AM 20707 21 7324 1
  SELL 9:30:00 AM 20707 21 7343 1
  SELL 9:30:00 AM 20707 21 7362 1
  SELL 9:30:00 AM 20707 21 7381 1
  SELL 9:30:00 AM 20707 21 7400 1
bought 9:44:00 AM 20731
bought 9:59:00 AM 20730
bought 10:41:00 AM 20696
  SELL 10:47:00 AM 20715 21 7419 1
bought 11:02:00 AM 20713
bought 11:19:00 AM 20729
  SELL 11:26:00 AM 20732 21 7438 1
  SELL 11:30:00 AM 20755 21 7457 1
  SELL 11:30:00 AM 20755 21 7476 1
  SELL 11:30:00 AM 20755 21 7495 1
bought 11:51:00 AM 20758
bought 11:52:00 AM 20755
bought 11:53:00 AM 20746
bought 11:54:00 AM 20750
bought 11:55:00 AM 20752
  SELL 1:58:00 PM 20768 21 7514 1
  SELL 2:09:00 PM 20777 21 7533 1
  SELL 2:09:00 PM 20777 21 7552 1
  SELL 2:09:00 PM 20777 21 7571 1
  SELL 2:09:00 PM 20777 21 7590 1
bought 2:18:00 PM 20760
  SELL 3:08:00 PM 20777 21 7609 1
4/13/2016 [] [ 18455, 18516, 18515 ]
=====
bought 9:59:00 AM 20771
  SELL 10:21:00 AM 20797 21 7628 1
bought 10:40:00 AM 20791
bought 10:42:00 AM 20794
bought 10:50:00 AM 20790
  SELL 10:54:00 AM 20813 21 7647 1
  SELL 10:54:00 AM 20813 21 7666 1
  SELL 10:54:00 AM 20813 21 7685 1
bought 11:28:00 AM 20800
  SELL 11:30:00 AM 20819 21 7704 1
bought 11:45:00 AM 20827
  SELL 12:44:00 PM 20849 21 7723 1
4/14/2016 [] [ 18455, 18516, 18515 ]
=====
bought 10:14:00 AM 20765
bought 10:19:00 AM 20771
  SELL 10:30:00 AM 20786 21 7742 1
  SELL 10:33:00 AM 20792 21 7761 1
bought 10:59:00 AM 20783
  SELL 11:21:00 AM 20804 21 7780 1
bought 11:35:00 AM 20793
bought 11:37:00 AM 20798
bought 2:12:00 PM 20754
  SELL 2:54:00 PM 20779 21 7799 1
4/15/2016 [ 20814, 20819 ] [ 18455, 18516, 18515 ]
=====
  SELL 10:01:00 AM 20817 21 7818 1
  SELL 10:01:00 AM 20817 21 7837 1
bought 10:42:00 AM 20868
bought 10:51:00 AM 20858
  SELL 10:54:00 AM 20880 21 7856 1
bought 11:03:00 AM 20870
bought 11:31:00 AM 20874
bought 12:17:00 PM 20875
bought 12:18:00 PM 20881
  SELL 12:21:00 PM 20889 21 7875 1
  SELL 12:22:00 PM 20889 21 7894 1
  SELL 12:23:00 PM 20891 21 7913 1
  SELL 12:23:00 PM 20891 21 7932 1
  SELL 12:31:00 PM 20910 21 7951 1
bought 1:52:00 PM 20893
bought 1:53:00 PM 20890
bought 2:05:00 PM 20883
bought 2:06:00 PM 20888
  SELL 2:21:00 PM 20905 21 7970 1
  SELL 2:37:00 PM 20913 21 7989 1
  SELL 2:37:00 PM 20913 21 8008 1
  SELL 2:37:00 PM 20913 21 8027 1
4/18/2016 [] [ 18455, 18516, 18515 ]
=====
bought 9:44:00 AM 20959
  SELL 9:47:00 AM 20976 21 8046 1
bought 10:27:00 AM 21000
bought 10:43:00 AM 20984
  SELL 10:56:00 AM 21001 21 8065 1
bought 11:22:00 AM 20982
bought 11:30:00 AM 20983
bought 12:52:00 PM 20907
bought 12:53:00 PM 20926
  SELL 12:56:00 PM 20925 21 8084 1
  SELL 1:14:00 PM 20947 21 8103 1
bought 1:39:00 PM 20940
bought 1:40:00 PM 20943
  SELL 1:46:00 PM 20960 21 8122 1
  SELL 1:46:00 PM 20960 21 8141 1
bought 2:09:00 PM 20968
bought 2:10:00 PM 20970
  SELL 3:30:00 PM 20988 21 8160 1
  SELL 3:59:00 PM 20991 21 8179 1
4/19/2016 [ 21021, 21003, 21004 ] [ 18455, 18516, 18515 ]
=====
  SELL 9:30:00 AM 21003 21 8198 1
  SELL 9:30:00 AM 21003 21 8217 1
bought 9:44:00 AM 20975
  SELL 9:50:00 AM 20995 21 8236 1
bought 10:29:00 AM 20980
bought 10:44:00 AM 20946
  SELL 10:51:00 AM 20965 21 8255 1
  SELL 11:11:00 AM 21002 21 8274 1
  SELL 11:20:00 AM 21025 21 8293 1
bought 11:54:00 AM 21029
bought 11:56:00 AM 21032
  SELL 12:44:00 PM 21048 21 8312 1
bought 12:55:00 PM 21039
bought 12:56:00 PM 21037
bought 12:57:00 PM 21040
  SELL 1:34:00 PM 21051 21 8331 1
  SELL 1:47:00 PM 21059 21 8350 1
  SELL 1:47:00 PM 21059 21 8369 1
  SELL 1:48:00 PM 21061 21 8388 1
bought 2:01:00 PM 21056
bought 2:04:00 PM 21056
bought 2:05:00 PM 21054
  SELL 2:22:00 PM 21078 21 8407 1
  SELL 2:22:00 PM 21078 21 8426 1
  SELL 2:22:00 PM 21078 21 8445 1
4/20/2016 [] [ 18455, 18516, 18515 ]
=====
bought 9:43:00 AM 20974
  SELL 10:39:00 AM 20998 21 8464 1
bought 10:51:00 AM 20993
  SELL 11:01:00 AM 21015 21 8483 1
bought 11:11:00 AM 20984
4/21/2016 [ 21005 ] [ 18455, 18516, 18515 ]
=====
bought 10:29:00 AM 20867
bought 10:48:00 AM 20806
  SELL 11:23:00 AM 20828 21 8502 1
bought 11:30:00 AM 20822
  SELL 11:35:00 AM 20846 21 8521 1
bought 11:44:00 AM 20836
bought 11:45:00 AM 20825
bought 11:46:00 AM 20830
  SELL 11:59:00 AM 20847 21 8540 1
bought 12:17:00 PM 20831
  SELL 1:42:00 PM 20864 21 8559 1
  SELL 1:42:00 PM 20864 21 8578 1
  SELL 1:42:00 PM 20864 21 8597 1
bought 1:53:00 PM 20873
bought 1:54:00 PM 20878
bought 1:59:00 PM 20868
  SELL 2:20:00 PM 20890 21 8616 1
  SELL 2:20:00 PM 20890 21 8635 1
  SELL 2:21:00 PM 20894 21 8654 1
  SELL 2:23:00 PM 20898 21 8673 1
4/22/2016 [ 21005 ] [ 18455, 18516, 18515 ]
=====
bought 9:47:00 AM 20815
bought 9:53:00 AM 20807
  SELL 10:03:00 AM 20827 21 8692 1
bought 10:09:00 AM 20796
bought 10:19:00 AM 20773
bought 10:22:00 AM 20781
  SELL 11:22:00 AM 20796 21 8711 1
  SELL 11:29:00 AM 20800 21 8730 1
bought 11:36:00 AM 20788
bought 11:41:00 AM 20781
  SELL 12:51:00 PM 20815 21 8749 1
  SELL 12:51:00 PM 20815 21 8768 1
  SELL 12:51:00 PM 20815 21 8787 1
  SELL 12:53:00 PM 20832 21 8806 1
bought 1:08:00 PM 20827
bought 1:09:00 PM 20823
bought 1:10:00 PM 20824
bought 1:11:00 PM 20833
  SELL 1:14:00 PM 20844 21 8825 1
  SELL 1:14:00 PM 20844 21 8844 1
  SELL 1:14:00 PM 20844 21 8863 1
bought 1:23:00 PM 20836
bought 1:25:00 PM 20844
bought 1:35:00 PM 20827
  SELL 3:59:00 PM 20859 21 8882 1
  SELL 3:59:00 PM 20859 21 8901 1
  SELL 3:59:00 PM 20859 21 8920 1
4/25/2016 [ 21005, 20865 ] [ 18455, 18516, 18515 ]
=====
  SELL 9:30:00 AM 20900 21 8939 1
bought 10:16:00 AM 20916
bought 10:33:00 AM 20874
bought 11:04:00 AM 20844
  SELL 11:10:00 AM 20864 21 8958 1
  SELL 11:50:00 AM 20898 21 8977 1
bought 12:26:00 PM 20902
bought 12:27:00 PM 20906
bought 12:28:00 PM 20902
4/26/2016 [ 21005, 20937, 20923, 20927, 20923 ] [ 18455, 18516, 18515 ]
=====
  SELL 2:10:00 PM 20923 21 8996 1
  SELL 2:10:00 PM 20923 21 9015 1
  SELL 2:19:00 PM 20928 21 9034 1
  SELL 2:20:00 PM 20933 21 9053 1
4/27/2016 [ 21005 ] [ 18455, 18516, 18515 ]
=====
bought 10:14:00 AM 20915
bought 10:23:00 AM 20896
  SELL 10:32:00 AM 20913 21 9072 1
bought 10:46:00 AM 20926
  SELL 10:47:00 AM 20939 21 9091 1
  SELL 10:56:00 AM 20940 21 9110 1
bought 11:13:00 AM 20943
  SELL 11:21:00 AM 20964 21 9129 1
bought 11:46:00 AM 20966
bought 11:47:00 AM 20961
bought 11:48:00 AM 20961
bought 11:49:00 AM 20958
4/28/2016 [ 21005, 20987, 20982, 20982, 20979 ] [ 18455, 18516, 18515 ]
=====
4/29/2016 [ 21005, 20987, 20982, 20982, 20979 ] [ 18455, 18516, 18515 ]
=====
5/2/2016 [ 21005, 20987, 20982, 20982, 20979 ] [ 18455, 18516, 18515 ]
=====
5/3/2016 [ 21005, 20987, 20982, 20982, 20979 ] [ 18455, 18516, 18515 ]
=====
5/4/2016 [ 21005, 20987, 20982, 20982, 20979 ] [ 18455, 18516, 18515 ]
=====
5/5/2016 [ 21005, 20987, 20982, 20982, 20979 ] [ 18455, 18516, 18515 ]
=====
5/6/2016 [ 21005, 20987, 20982, 20982, 20979 ] [ 18455, 18516, 18515 ]
=====
5/9/2016 [ 21005, 20987, 20982, 20982, 20979 ] [ 18455, 18516, 18515 ]
=====
5/10/2016 [ 21005, 20987, 20982, 20982, 20979 ] [ 18455, 18516, 18515 ]
=====
5/11/2016 [ 21005, 20987, 20982, 20982, 20979 ] [ 18455, 18516, 18515 ]
=====
5/12/2016 [ 21005, 20987, 20982, 20982, 20979 ] [ 18455, 18516, 18515 ]
=====
5/13/2016 [ 21005, 20987, 20982, 20982, 20979 ] [ 18455, 18516, 18515 ]
=====
5/16/2016 [ 21005, 20987, 20982, 20982, 20979 ] [ 18455, 18516, 18515 ]
=====
5/17/2016 [ 21005, 20987, 20982, 20982, 20979 ] [ 18455, 18516, 18515 ]
=====
5/18/2016 [ 21005, 20987, 20982, 20982, 20979 ] [ 18455, 18516, 18515 ]
=====
5/19/2016 [ 21005, 20987, 20982, 20982, 20979 ] [ 18455, 18516, 18515 ]
=====
5/20/2016 [ 21005, 20987, 20982, 20982, 20979 ] [ 18455, 18516, 18515 ]
=====
5/23/2016 [ 21005, 20987, 20982, 20982, 20979 ] [ 18455, 18516, 18515 ]
=====
5/24/2016 [ 21005, 20987, 20982, 20982, 20979 ] [ 18455, 18516, 18515 ]
=====
5/25/2016 [ 21005, 20987, 20982, 20982, 20979 ] [ 18455, 18516, 18515 ]
=====
5/26/2016 [ 21005, 20987, 20982, 20982, 20979 ] [ 18455, 18516, 18515 ]
=====
  SELL 9:45:00 AM 20977 21 9148 1
  SELL 9:50:00 AM 20981 21 9167 1
  SELL 9:50:00 AM 20981 21 9186 1
bought 9:59:00 AM 20967
  SELL 10:10:00 AM 20984 21 9205 1
  SELL 10:15:00 AM 20985 21 9224 1
bought 10:23:00 AM 20984
bought 11:00:00 AM 20978
bought 11:15:00 AM 20971
  SELL 11:29:00 AM 20996 21 9243 1
  SELL 11:30:00 AM 20996 21 9262 1
  SELL 11:34:00 AM 21002 21 9281 1
  SELL 11:34:00 AM 21002 21 9300 1
bought 11:45:00 AM 21001
bought 11:46:00 AM 20996
bought 11:47:00 AM 20992
  SELL 3:46:00 PM 21012 21 9319 1
  SELL 3:57:00 PM 21016 21 9338 1
5/27/2016 [ 21022 ] [ 18455, 18516, 18515 ]
=====
  SELL 9:30:00 AM 21053 21 9357 1
bought 9:42:00 AM 21036
  SELL 9:48:00 AM 21056 21 9376 1
bought 10:01:00 AM 21051
bought 10:44:00 AM 21023
bought 11:05:00 AM 21017
bought 11:15:00 AM 20992
bought 12:42:00 PM 20976
  SELL 1:24:00 PM 20993 21 9395 1
  SELL 3:53:00 PM 21019 21 9414 1
5/31/2016 [ 21072, 21044, 21038 ] [ 18455, 18516, 18515 ]
=====
bought 9:59:00 AM 20915
  SELL 10:00:00 AM 20917 21 9433 1
bought 10:24:00 AM 20946
bought 10:46:00 AM 20942
  SELL 10:52:00 AM 20974 21 9452 1
  SELL 10:52:00 AM 20974 21 9471 1
bought 12:34:00 PM 20991
bought 12:35:00 PM 20991
  SELL 12:59:00 PM 21013 21 9490 1
  SELL 12:59:00 PM 21013 21 9509 1
bought 1:12:00 PM 21004
bought 1:13:00 PM 21001
  SELL 2:16:00 PM 21022 21 9528 1
  SELL 2:17:00 PM 21023 21 9547 1
  SELL 3:01:00 PM 21029 21 9566 1
  SELL 3:21:00 PM 21043 21 9585 1
6/1/2016 [ 21072 ] [ 18455, 18516, 18515 ]
=====
bought 9:54:00 AM 20937
  SELL 10:05:00 AM 20967 21 9604 1
bought 10:15:00 AM 20965
bought 10:22:00 AM 20969
  SELL 10:33:00 AM 20986 21 9623 1
  SELL 10:39:00 AM 20989 21 9642 1
bought 10:48:00 AM 20979
  SELL 11:00:00 AM 20987 21 9661 1
bought 11:16:00 AM 21002
bought 11:24:00 AM 20990
  SELL 11:42:00 AM 21002 21 9680 1
bought 12:03:00 PM 20998
bought 12:04:00 PM 21000
bought 12:05:00 PM 20999
  SELL 12:59:00 PM 21018 21 9699 1
  SELL 12:59:00 PM 21018 21 9718 1
  SELL 1:00:00 PM 21020 21 9737 1
  SELL 1:01:00 PM 21025 21 9756 1
bought 1:16:00 PM 21022
bought 1:17:00 PM 21018
  SELL 1:55:00 PM 21038 21 9775 1
  SELL 2:00:00 PM 21045 21 9794 1
  SELL 3:31:00 PM 21075 21 9813 1
6/2/2016 [] [ 18455, 18516, 18515 ]
=====
bought 9:44:00 AM 20983
bought 9:53:00 AM 20964
bought 10:14:00 AM 20930
bought 10:33:00 AM 20930
  SELL 10:47:00 AM 20952 21 9832 1
  SELL 10:47:00 AM 20952 21 9851 1
bought 11:06:00 AM 20963
bought 11:15:00 AM 20944
bought 11:29:00 AM 20952
  SELL 11:31:00 AM 20973 21 9870 1
  SELL 11:31:00 AM 20973 21 9889 1
  SELL 11:40:00 AM 20993 21 9908 1
  SELL 11:40:00 AM 20993 21 9927 1
  SELL 11:58:00 AM 21010 21 9946 1
bought 12:09:00 PM 20999
bought 12:10:00 PM 20999
bought 12:11:00 PM 20999
  SELL 12:34:00 PM 21019 21 9965 1
  SELL 12:34:00 PM 21019 21 9984 1
  SELL 12:34:00 PM 21019 21 10003 1
bought 1:30:00 PM 20983
bought 1:31:00 PM 20981
bought 1:33:00 PM 20978
  SELL 1:42:00 PM 20999 21 10022 1
  SELL 1:42:00 PM 20999 21 10041 1
  SELL 1:44:00 PM 21005 21 10060 1
bought 1:56:00 PM 21005
bought 1:57:00 PM 21008
  SELL 2:29:00 PM 21024 21 10079 1
  SELL 2:31:00 PM 21027 21 10098 1
6/3/2016 [] [ 18455, 18516, 18515 ]
=====
bought 10:09:00 AM 21116
bought 10:54:00 AM 21124
  SELL 10:58:00 AM 21135 21 10117 1
bought 11:25:00 AM 21137
bought 11:34:00 AM 21127
  SELL 11:40:00 AM 21144 21 10136 1
  SELL 1:56:00 PM 21144 21 10155 1
  SELL 2:16:00 PM 21155 21 10174 1
6/6/2016 [] [ 18455, 18516, 18515 ]
=====
bought 10:55:00 AM 21190
  SELL 11:20:00 AM 21212 21 10193 1
bought 11:40:00 AM 21207
bought 11:41:00 AM 21209
  SELL 12:44:00 PM 21226 21 10212 1
bought 12:54:00 PM 21218
bought 12:55:00 PM 21221
  SELL 1:05:00 PM 21231 21 10231 1
bought 1:18:00 PM 21227
bought 1:42:00 PM 21227
bought 1:43:00 PM 21227
6/7/2016 [ 21239, 21242, 21248, 21248, 21248 ] [ 18455, 18516, 18515 ]
=====
  SELL 9:47:00 AM 21236 21 10250 1
  SELL 9:59:00 AM 21239 21 10269 1
bought 10:06:00 AM 21228
bought 10:20:00 AM 21192
  SELL 10:44:00 AM 21212 21 10288 1
bought 11:05:00 AM 21180
  SELL 11:31:00 AM 21200 21 10307 1
bought 11:55:00 AM 21211
  SELL 12:31:00 PM 21226 21 10326 1
  SELL 2:45:00 PM 21245 21 10345 1
  SELL 2:45:00 PM 21245 21 10364 1
  SELL 2:45:00 PM 21245 21 10383 1
  SELL 2:45:00 PM 21245 21 10402 1
6/8/2016 [] [ 18455, 18516, 18515 ]
=====
bought 9:48:00 AM 21165
bought 10:08:00 AM 21147
  SELL 10:50:00 AM 21166 21 10421 1
bought 11:17:00 AM 21163
bought 11:25:00 AM 21144
  SELL 12:54:00 PM 21166 21 10440 1
bought 1:08:00 PM 21164
bought 1:09:00 PM 21164
bought 1:10:00 PM 21165
  SELL 1:15:00 PM 21186 21 10459 1
  SELL 1:15:00 PM 21186 21 10478 1
  SELL 1:15:00 PM 21186 21 10497 1
  SELL 1:15:00 PM 21186 21 10516 1
  SELL 1:15:00 PM 21186 21 10535 1
bought 1:36:00 PM 21190
bought 1:37:00 PM 21190
bought 1:38:00 PM 21188
  SELL 2:45:00 PM 21210 21 10554 1
  SELL 3:06:00 PM 21213 21 10573 1
  SELL 3:06:00 PM 21213 21 10592 1
6/9/2016 [] [ 18455, 18516, 18515 ]
=====
bought 9:44:00 AM 21030
bought 10:10:00 AM 21020
  SELL 10:24:00 AM 21051 21 10611 1
  SELL 10:24:00 AM 21051 21 10630 1
bought 10:42:00 AM 21064
bought 10:51:00 AM 21057
  SELL 11:09:00 AM 21078 21 10649 1
bought 11:31:00 AM 21069
bought 1:23:00 PM 21040
6/10/2016 [ 21085, 21090, 21061 ] [ 18455, 18516, 18515 ]
=====
bought 10:12:00 AM 20989
  SELL 10:28:00 AM 21013 21 10668 1
bought 10:46:00 AM 21025
bought 10:54:00 AM 21003
6/13/2016 [ 21085, 21090, 21061, 21046, 21024 ] [ 18455, 18516, 18515 ]
=====
6/14/2016 [ 21085, 21090, 21061, 21046, 21024 ] [ 18455, 18516, 18515 ]
=====
6/15/2016 [ 21085, 21090, 21061, 21046, 21024 ] [ 18455, 18516, 18515 ]
=====
6/16/2016 [ 21085, 21090, 21061, 21046, 21024 ] [ 18455, 18516, 18515 ]
=====
6/17/2016 [ 21085, 21090, 21061, 21046, 21024 ] [ 18455, 18516, 18515 ]
=====
6/20/2016 [ 21085, 21090, 21061, 21046, 21024 ] [ 18455, 18516, 18515 ]
=====
6/21/2016 [ 21085, 21090, 21061, 21046, 21024 ] [ 18455, 18516, 18515 ]
=====
6/22/2016 [ 21085, 21090, 21061, 21046, 21024 ] [ 18455, 18516, 18515 ]
=====
  SELL 11:35:00 AM 21022 21 10687 1
bought 11:59:00 AM 21020
  SELL 3:46:00 PM 21046 21 10706 1
  SELL 3:46:00 PM 21046 21 10725 1
  SELL 3:51:00 PM 21055 21 10744 1
  SELL 3:59:00 PM 21087 21 10763 1
6/23/2016 [ 21090 ] [ 18455, 18516, 18515 ]
=====
bought 10:26:00 AM 20568
  SELL 10:28:00 AM 20590 21 10782 1
bought 11:07:00 AM 20522
  SELL 11:09:00 AM 20549 21 10801 1
bought 11:27:00 AM 20497
  SELL 11:28:00 AM 20504 20 10819 1
bought 11:53:00 AM 20517
  SELL 12:00:00 PM 20539 21 10838 1
bought 1:48:00 PM 20445
bought 1:49:00 PM 20456
bought 1:50:00 PM 20445
  SELL 1:55:00 PM 20462 20 10856 1
  SELL 1:55:00 PM 20462 20 10874 1
  SELL 2:00:00 PM 20475 20 10892 1
6/24/2016 [ 21090 ] [ 18455, 18516, 18515 ]
=====
bought 9:46:00 AM 20094
bought 10:15:00 AM 19983
  SELL 10:22:00 AM 20003 20 10910 1
bought 10:32:00 AM 19956
  SELL 10:35:00 AM 19981 20 10928 1
bought 10:55:00 AM 19904
bought 11:01:00 AM 19889
  SELL 11:03:00 AM 19904 20 10946 1
  SELL 11:06:00 AM 19923 20 10964 1
bought 11:26:00 AM 19905
  SELL 11:28:00 AM 19925 20 10982 1
bought 11:54:00 AM 19974
bought 11:55:00 AM 19982
bought 11:56:00 AM 19987
  SELL 12:17:00 PM 19991 20 11000 1
  SELL 12:25:00 PM 20004 20 11018 1
  SELL 12:26:00 PM 20009 20 11036 1
bought 12:37:00 PM 19995
  SELL 1:26:00 PM 20011 20 11054 1
6/27/2016 [ 21090, 20114 ] [ 18455, 18516, 18515 ]
=====
  SELL 9:30:00 AM 20156 20 11072 1
bought 10:12:00 AM 20192
bought 10:31:00 AM 20189
bought 10:44:00 AM 20170
  SELL 10:54:00 AM 20187 20 11090 1
bought 11:02:00 AM 20164
bought 11:08:00 AM 20141
  SELL 11:19:00 AM 20156 20 11108 1
bought 11:30:00 AM 20123
  SELL 11:36:00 AM 20142 20 11126 1
  SELL 11:56:00 AM 20176 20 11144 1
bought 12:11:00 PM 20169
bought 12:12:00 PM 20168
  SELL 12:38:00 PM 20189 20 11162 1
  SELL 12:38:00 PM 20189 20 11180 1
  SELL 12:41:00 PM 20205 20 11198 1
bought 12:49:00 PM 20184
bought 12:50:00 PM 20184
bought 12:51:00 PM 20188
  SELL 2:34:00 PM 20196 20 11216 1
  SELL 2:34:00 PM 20196 20 11234 1
  SELL 2:37:00 PM 20216 20 11252 1
  SELL 2:37:00 PM 20216 20 11270 1
6/28/2016 [ 21090 ] [ 18455, 18516, 18515 ]
=====
bought 10:02:00 AM 20521
  SELL 10:20:00 AM 20541 21 11289 1
bought 10:42:00 AM 20541
  SELL 10:49:00 AM 20563 21 11308 1
bought 11:49:00 AM 20588
bought 11:50:00 AM 20594
  SELL 11:55:00 AM 20610 21 11327 1
  SELL 11:56:00 AM 20616 21 11346 1
bought 12:05:00 PM 20613
bought 12:06:00 PM 20614
  SELL 12:20:00 PM 20638 21 11365 1
  SELL 12:20:00 PM 20638 21 11384 1
bought 12:36:00 PM 20623
bought 12:37:00 PM 20624
  SELL 2:11:00 PM 20645 21 11403 1
  SELL 2:11:00 PM 20645 21 11422 1
6/29/2016 [ 21090 ] [ 18455, 18516, 18515 ]
=====
bought 9:58:00 AM 20660
  SELL 10:04:00 AM 20668 21 11441 1
bought 10:30:00 AM 20678
  SELL 10:32:00 AM 20702 21 11460 1
bought 11:24:00 AM 20765
  SELL 11:28:00 AM 20788 21 11479 1
bought 11:41:00 AM 20782
  SELL 11:57:00 AM 20789 21 11498 1
bought 12:47:00 PM 20865
  SELL 12:50:00 PM 20890 21 11517 1
bought 1:15:00 PM 20880
bought 1:16:00 PM 20879
  SELL 2:10:00 PM 20901 21 11536 1
  SELL 2:10:00 PM 20901 21 11555 1
6/30/2016 [ 21090 ] [ 18455, 18516, 18515 ]
=====
bought 9:59:00 AM 21017
  SELL 10:26:00 AM 21033 21 11574 1
bought 11:14:00 AM 21020
bought 11:27:00 AM 21005
bought 12:08:00 PM 21003
bought 12:11:00 PM 21001
7/1/2016 [ 21090, 21041, 21026, 21024, 21022 ] [ 18455, 18516, 18515 ]
=====
7/5/2016 [ 21090, 21041, 21026, 21024, 21022 ] [ 18455, 18516, 18515 ]
=====
7/6/2016 [ 21090, 21041, 21026, 21024, 21022 ] [ 18455, 18516, 18515 ]
=====
  SELL 9:35:00 AM 21029 21 11593 1
  SELL 9:35:00 AM 21029 21 11612 1
  SELL 9:35:00 AM 21029 21 11631 1
  SELL 9:43:00 AM 21038 21 11650 1
bought 10:01:00 AM 21048
bought 10:05:00 AM 21057
bought 10:15:00 AM 21042
bought 10:24:00 AM 21031
  SELL 10:30:00 AM 21057 21 11669 1
bought 10:51:00 AM 21029
7/7/2016 [ 21090, 21069, 21078, 21063, 21050 ] [ 18455, 18516, 18515 ]
=====
  SELL 9:30:00 AM 21101 21 11688 1
  SELL 9:30:00 AM 21101 21 11707 1
  SELL 9:30:00 AM 21101 21 11726 1
  SELL 9:30:00 AM 21101 21 11745 1
  SELL 9:30:00 AM 21101 21 11764 1
bought 10:25:00 AM 21153
  SELL 10:43:00 AM 21170 21 11783 1
bought 11:36:00 AM 21210
bought 12:02:00 PM 21211
bought 12:05:00 PM 21211
bought 12:06:00 PM 21213
  SELL 1:08:00 PM 21231 21 11802 1
  SELL 1:08:00 PM 21231 21 11821 1
  SELL 1:08:00 PM 21231 21 11840 1
  SELL 1:09:00 PM 21233 21 11859 1
bought 1:19:00 PM 21228
bought 1:20:00 PM 21230
  SELL 2:15:00 PM 21249 21 11878 1
  SELL 2:17:00 PM 21251 21 11897 1
7/8/2016 [] [ 18455, 18516, 18515 ]
=====
bought 9:56:00 AM 21343
bought 10:06:00 AM 21342
bought 10:17:00 AM 21337
bought 10:27:00 AM 21315
  SELL 10:38:00 AM 21336 21 11916 1
  SELL 10:57:00 AM 21357 21 11935 1
  SELL 11:00:00 AM 21366 21 11954 1
  SELL 11:00:00 AM 21366 21 11973 1
bought 11:20:00 AM 21369
bought 12:15:00 PM 21373
  SELL 12:38:00 PM 21390 21 11992 1
  SELL 12:39:00 PM 21396 21 12011 1
bought 1:07:00 PM 21396
bought 1:08:00 PM 21397
7/11/2016 [ 25067, 25068 ] [ 20918, 20918, 20918 ]
=====
bought 9:52:00 AM 21487
bought 10:01:00 AM 21470
bought 10:14:00 AM 21442
  SELL 10:47:00 AM 21461 21 12030 1
bought 10:59:00 AM 21461
  SELL 11:25:00 AM 21482 21 12049 1
  SELL 11:28:00 AM 21483 21 12068 1
  SELL 11:40:00 AM 21508 21 12087 1
bought 11:50:00 AM 21504
bought 12:04:00 PM 21508
bought 12:05:00 PM 21508
  SELL 12:33:00 PM 21525 22 12107 1
bought 12:40:00 PM 21522
  SELL 2:51:00 PM 21518 22 12127 1
  SELL 2:51:00 PM 21518 22 12147 1
7/12/2016 [ 21930, 21930, 21544 ] [ 18818, 18818, 18818 ]
=====
  SELL 9:30:00 AM 21537 22 12167 1
bought 9:44:00 AM 21488
bought 9:55:00 AM 21486
  SELL 10:06:00 AM 21506 21 12186 1
  SELL 10:10:00 AM 21512 21 12205 1
bought 10:30:00 AM 21485
  SELL 10:35:00 AM 21502 21 12224 1
bought 11:10:00 AM 21503
bought 11:25:00 AM 21489
bought 12:29:00 PM 21463
  SELL 1:02:00 PM 21487 21 12243 1
bought 1:56:00 PM 21471
  SELL 2:10:00 PM 21493 21 12262 1
  SELL 2:30:00 PM 21509 21 12281 1
7/13/2016 [ 21930, 21930, 21525 ] [ 18818, 18818, 18818 ]
=====
  SELL 9:30:00 AM 21644 22 12301 1
bought 9:41:00 AM 21618
bought 9:48:00 AM 21608
  SELL 9:58:00 AM 21630 22 12321 1
  SELL 10:01:00 AM 21636 22 12341 1
bought 10:22:00 AM 21647
bought 10:53:00 AM 21624
  SELL 11:05:00 AM 21647 22 12361 1
bought 11:20:00 AM 21640
bought 12:17:00 PM 21620
  SELL 3:10:00 PM 21633 22 12381 1
7/14/2016 [ 21930, 21930, 21669, 21662 ] [ 18818, 18818, 18818 ]
=====
  SELL 9:30:00 AM 21676 22 12401 1
  SELL 9:30:00 AM 21676 22 12421 1
bought 9:44:00 AM 21633
bought 10:00:00 AM 21631
bought 10:08:00 AM 21633
7/15/2016 [ 21930, 21930, 21655, 21653, 21655 ] [ 18818, 18818, 18818 ]
=====
  SELL 11:01:00 AM 21653 22 12441 1
  SELL 11:05:00 AM 21655 22 12461 1
  SELL 11:05:00 AM 21655 22 12481 1
bought 11:18:00 AM 21647
bought 11:36:00 AM 21632
  SELL 11:51:00 AM 21649 22 12501 1
bought 12:04:00 PM 21638
bought 12:05:00 PM 21634
  SELL 2:59:00 PM 21655 22 12521 1
  SELL 3:18:00 PM 21660 22 12541 1
7/18/2016 [ 24330, 24330, 24069 ] [ 21208, 21208, 21208 ]
=====
bought 10:05:00 AM 21581
  SELL 10:10:00 AM 21608 22 12561 1
bought 10:42:00 AM 21597
bought 10:50:00 AM 21592
  SELL 11:02:00 AM 21614 22 12581 1
  SELL 11:05:00 AM 21617 22 12601 1
bought 11:16:00 AM 21604
bought 1:06:00 PM 21593
  SELL 3:59:00 PM 21618 22 12621 1
7/19/2016 [ 24330, 24330, 24069, 21626 ] [ 21208, 21208, 21208 ]
=====
  SELL 9:30:00 AM 21671 22 12641 1
bought 9:47:00 AM 21631
  SELL 10:03:00 AM 21654 22 12661 1
bought 11:15:00 AM 21713
  SELL 11:28:00 AM 21737 22 12681 1
bought 11:37:00 AM 21722
bought 11:38:00 AM 21722
7/20/2016 [ 24330, 24330, 24069, 21744, 21744 ] [ 21208, 21208, 21208 ]
=====
7/21/2016 [ 24330, 24330, 24069, 21744, 21744 ] [ 21208, 21208, 21208 ]
=====
7/22/2016 [ 24330, 24330, 24069, 21744, 21744 ] [ 21208, 21208, 21208 ]
=====
7/25/2016 [ 24330, 24330, 24069, 21744, 21744 ] [ 21208, 21208, 21208 ]
=====
7/26/2016 [ 24330, 24330, 24069, 21744, 21744 ] [ 21208, 21208, 21208 ]
=====
7/27/2016 [ 24330, 24330, 24069, 21744, 21744 ] [ 21208, 21208, 21208 ]
=====
7/28/2016 [ 24330, 24330, 24069, 21744, 21744 ] [ 21208, 21208, 21208 ]
=====
  SELL 12:03:00 PM 21743 22 12701 1
  SELL 12:03:00 PM 21743 22 12721 1
bought 12:13:00 PM 21745
bought 12:14:00 PM 21745
7/29/2016 [ 24330, 24330, 24069, 21767, 21767 ] [ 21208, 21208, 21208 ]
=====
8/1/2016 [ 24330, 24330, 24069, 21767, 21767 ] [ 21208, 21208, 21208 ]
=====
8/2/2016 [ 24330, 24330, 24069, 21767, 21767 ] [ 21208, 21208, 21208 ]
=====
8/3/2016 [ 24330, 24330, 24069, 21767, 21767 ] [ 21208, 21208, 21208 ]
=====
8/4/2016 [ 24330, 24330, 24069, 21767, 21767 ] [ 21208, 21208, 21208 ]
=====
  SELL 9:45:00 AM 21766 22 12741 1
  SELL 9:45:00 AM 21766 22 12761 1
bought 10:17:00 AM 21793
bought 10:27:00 AM 21781
  SELL 11:01:00 AM 21804 22 12781 1
bought 11:14:00 AM 21805
  SELL 12:11:00 PM 21815 22 12801 1
8/5/2016 [ 24330, 24330, 24069, 21827 ] [ 21208, 21208, 21208 ]
=====
  SELL 9:30:00 AM 21834 22 12821 1
bought 9:56:00 AM 21826
bought 10:06:00 AM 21820
8/8/2016 [ 24330, 24330, 24069, 21848, 21842 ] [ 21208, 21208, 21208 ]
=====
  SELL 9:55:00 AM 21842 22 12841 1
  SELL 10:14:00 AM 21845 22 12861 1
bought 11:22:00 AM 21869
bought 12:14:00 PM 21862
8/9/2016 [ 24330, 24330, 24069, 21891, 21884 ] [ 21208, 21208, 21208 ]
=====
8/10/2016 [ 24330, 24330, 24069, 21891, 21884 ] [ 21208, 21208, 21208 ]
=====
  SELL 2:06:00 PM 21885 22 12881 1
  SELL 2:13:00 PM 21887 22 12901 1
8/11/2016 [ 24330, 24330, 24069 ] [ 21208, 21208, 21208 ]
=====
bought 9:41:00 AM 21831
  SELL 10:03:00 AM 21845 22 12921 1
bought 10:32:00 AM 21848
bought 10:45:00 AM 21847
  SELL 11:03:00 AM 21867 22 12941 1
bought 11:13:00 AM 21860
  SELL 11:24:00 AM 21866 22 12961 1
bought 1:53:00 PM 21820
  SELL 3:33:00 PM 21845 22 12981 1
8/12/2016 [ 24330, 24330, 24069, 21882 ] [ 21208, 21208, 21208 ]
=====
  SELL 9:30:00 AM 21899 22 13001 1
bought 11:09:00 AM 21942
bought 12:33:00 PM 21945
8/15/2016 [ 24330, 24330, 24069, 21964, 21967 ] [ 21208, 21208, 21208 ]
=====
8/16/2016 [ 24330, 24330, 24069, 21964, 21967 ] [ 21208, 21208, 21208 ]
=====
8/17/2016 [ 24330, 24330, 24069, 21964, 21967 ] [ 21208, 21208, 21208 ]
=====
8/18/2016 [ 24330, 24330, 24069, 21964, 21967 ] [ 21208, 21208, 21208 ]
=====
8/19/2016 [ 24330, 24330, 24069, 21964, 21967 ] [ 21208, 21208, 21208 ]
=====
8/22/2016 [ 24330, 24330, 24069, 21964, 21967 ] [ 21208, 21208, 21208 ]
=====
8/23/2016 [ 24330, 24330, 24069, 21964, 21967 ] [ 21208, 21208, 21208 ]
=====
8/24/2016 [ 24330, 24330, 24069, 21964, 21967 ] [ 21208, 21208, 21208 ]
=====
8/25/2016 [ 24330, 24330, 24069, 21964, 21967 ] [ 21208, 21208, 21208 ]
=====
8/26/2016 [ 24330, 24330, 24069, 21964, 21967 ] [ 21208, 21208, 21208 ]
=====
8/29/2016 [ 24330, 24330, 24069, 21964, 21967 ] [ 21208, 21208, 21208 ]
=====
8/30/2016 [ 24330, 24330, 24069, 21964, 21967 ] [ 21208, 21208, 21208 ]
=====
8/31/2016 [ 24330, 24330, 24069, 21964, 21967 ] [ 21208, 21208, 21208 ]
=====
9/1/2016 [ 24330, 24330, 24069, 21964, 21967 ] [ 21208, 21208, 21208 ]
=====
9/2/2016 [ 24330, 24330, 24069, 21964, 21967 ] [ 21208, 21208, 21208 ]
=====
9/6/2016 [ 24330, 24330, 24069, 21964, 21967 ] [ 21208, 21208, 21208 ]
=====
9/7/2016 [ 24330, 24330, 24069, 21964, 21967 ] [ 21208, 21208, 21208 ]
=====
9/8/2016 [ 24330, 24330, 24069, 21964, 21967 ] [ 21208, 21208, 21208 ]
=====
9/9/2016 [ 24330, 24330, 24069, 21964, 21967 ] [ 21208, 21208, 21208 ]
=====
9/12/2016 [ 24330, 24330, 24069, 21964, 21967 ] [ 21208, 21208, 21208 ]
=====
9/13/2016 [ 24330, 24330, 24069, 21964, 21967 ] [ 21208, 21208, 21208 ]
=====
9/14/2016 [ 24330, 24330, 24069, 21964, 21967 ] [ 21208, 21208, 21208 ]
=====
9/15/2016 [ 24330, 24330, 24069, 21964, 21967 ] [ 21208, 21208, 21208 ]
=====
9/16/2016 [ 24330, 24330, 24069, 21964, 21967 ] [ 21208, 21208, 21208 ]
=====
9/19/2016 [ 24330, 24330, 24069, 21964, 21967 ] [ 21208, 21208, 21208 ]
=====
9/20/2016 [ 24330, 24330, 24069, 21964, 21967 ] [ 21208, 21208, 21208 ]
=====
9/21/2016 [ 24330, 24330, 24069, 21964, 21967 ] [ 21208, 21208, 21208 ]
=====
9/22/2016 [ 24330, 24330, 24069, 21964, 21967 ] [ 21208, 21208, 21208 ]
=====
9/23/2016 [ 24330, 24330, 24069, 21964, 21967 ] [ 21208, 21208, 21208 ]
=====
9/26/2016 [ 24330, 24330, 24069, 21964, 21967 ] [ 21208, 21208, 21208 ]
=====
9/27/2016 [ 24330, 24330, 24069, 21964, 21967 ] [ 21208, 21208, 21208 ]
=====
9/28/2016 [ 24330, 24330, 24069, 21964, 21967 ] [ 21208, 21208, 21208 ]
=====
9/29/2016 [ 24330, 24330, 24069, 21964, 21967 ] [ 21208, 21208, 21208 ]
=====
9/30/2016 [ 24330, 24330, 24069, 21964, 21967 ] [ 21208, 21208, 21208 ]
=====
10/3/2016 [ 24330, 24330, 24069, 21964, 21967 ] [ 21208, 21208, 21208 ]
=====
10/4/2016 [ 24330, 24330, 24069, 21964, 21967 ] [ 21208, 21208, 21208 ]
=====
10/5/2016 [ 24330, 24330, 24069, 21964, 21967 ] [ 21208, 21208, 21208 ]
=====
10/6/2016 [ 24330, 24330, 24069, 21964, 21967 ] [ 21208, 21208, 21208 ]
=====
10/7/2016 [ 24330, 24330, 24069, 21964, 21967 ] [ 21208, 21208, 21208 ]
=====
10/10/2016 [ 24330, 24330, 24069, 21964, 21967 ] [ 21208, 21208, 21208 ]
=====
10/11/2016 [ 24330, 24330, 24069, 21964, 21967 ] [ 21208, 21208, 21208 ]
=====
10/12/2016 [ 24330, 24330, 24069, 21964, 21967 ] [ 21208, 21208, 21208 ]
=====
   BUY 9:30:00 AM 21210 21 13020 1
   BUY 9:30:00 AM 21210 21 13039 1
   BUY 9:30:00 AM 21210 21 13058 1
  sold 9:39:00 AM 21200
   BUY 9:42:00 AM 21178 21 13077 1
  sold 9:53:00 AM 21149
   BUY 9:57:00 AM 21134 21 13096 1
  sold 10:11:00 AM 21144
  sold 10:19:00 AM 21156
  sold 10:27:00 AM 21153
10/13/2016 [ 24330, 24330, 24069, 21964, 21967 ] [ 21123, 21135, 21132 ]
=====
10/14/2016 [ 24330, 24330, 24069, 21964, 21967 ] [ 21123, 21135, 21132 ]
=====
10/17/2016 [ 24330, 24330, 24069, 21964, 21967 ] [ 21123, 21135, 21132 ]
=====
10/18/2016 [ 24330, 24330, 24069, 21964, 21967 ] [ 21123, 21135, 21132 ]
=====
10/19/2016 [ 24330, 24330, 24069, 21964, 21967 ] [ 21123, 21135, 21132 ]
=====
10/20/2016 [ 24330, 24330, 24069, 21964, 21967 ] [ 21123, 21135, 21132 ]
=====
10/21/2016 [ 24330, 24330, 24069, 21964, 21967 ] [ 21123, 21135, 21132 ]
=====
10/24/2016 [ 24330, 24330, 24069, 21964, 21967 ] [ 21123, 21135, 21132 ]
=====
10/25/2016 [ 24330, 24330, 24069, 21964, 21967 ] [ 21123, 21135, 21132 ]
=====
10/26/2016 [ 24330, 24330, 24069, 21964, 21967 ] [ 21123, 21135, 21132 ]
=====
10/27/2016 [ 24330, 24330, 24069, 21964, 21967 ] [ 21123, 21135, 21132 ]
=====
10/28/2016 [ 24330, 24330, 24069, 21964, 21967 ] [ 21123, 21135, 21132 ]
=====
10/31/2016 [ 24330, 24330, 24069, 21964, 21967 ] [ 21123, 21135, 21132 ]
=====
   BUY 12:10:00 PM 21131 21 13115 1
   BUY 12:10:00 PM 21131 21 13134 1
   BUY 12:10:00 PM 21131 21 13153 1
  sold 12:27:00 PM 21126
  sold 12:28:00 PM 21122
  sold 12:29:00 PM 21110
   BUY 12:44:00 PM 21114 21 13172 1
   BUY 12:47:00 PM 21098 21 13191 1
   BUY 12:49:00 PM 21089 21 13210 1
  sold 12:50:00 PM 21092
  sold 12:58:00 PM 21106
  sold 12:59:00 PM 21108
   BUY 1:16:00 PM 21087 21 13229 1
   BUY 1:17:00 PM 21084 21 13248 1
  sold 1:18:00 PM 21087
   BUY 1:22:00 PM 21072 21 13267 1
   BUY 1:22:00 PM 21072 21 13286 1
  sold 1:34:00 PM 21076
   BUY 1:40:00 PM 21059 21 13305 1
  sold 1:53:00 PM 21035
  sold 1:54:00 PM 21034
  sold 1:55:00 PM 21034
   BUY 2:09:00 PM 21017 21 13324 1
   BUY 2:09:00 PM 21017 21 13343 1
   BUY 2:09:00 PM 21017 21 13362 1
  sold 2:17:00 PM 20964
11/1/2016 [ 22598, 22598, 25144, 23039, 23042 ] [ 20679 ]
=====
  sold 9:41:00 AM 21063
  sold 9:50:00 AM 21095
   BUY 9:54:00 AM 21078 21 13381 1
  sold 10:19:00 AM 21063
   BUY 10:30:00 AM 21036 21 13400 1
   BUY 10:30:00 AM 21036 21 13419 1
  sold 10:34:00 AM 21025
  sold 10:42:00 AM 21054
   BUY 10:45:00 AM 21030 21 13438 1
  sold 10:47:00 AM 21043
   BUY 10:52:00 AM 21017 21 13457 1
  sold 10:54:00 AM 21024
   BUY 1:11:00 PM 20994 21 13476 1
   BUY 1:11:00 PM 20994 21 13495 1
  sold 1:14:00 PM 20984
  sold 1:30:00 PM 20991
   BUY 2:02:00 PM 20984 21 13514 1
   BUY 2:07:00 PM 20963 21 13533 1
  sold 2:08:00 PM 20932
  sold 2:15:00 PM 20976
11/2/2016 [ 22598, 22598, 21393, 23039, 23042 ] [ 19404, 19636, 19680 ]
=====
11/3/2016 [ 22598, 22598, 21393, 23039, 23042 ] [ 19404, 19636, 19680 ]
=====
11/4/2016 [ 22598, 22598, 21393, 23039, 23042 ] [ 19404, 19636, 19680 ]
=====
11/7/2016 [ 22598, 22598, 21393, 23039, 23042 ] [ 19404, 19636, 19680 ]
=====
  SELL 11:33:00 AM 21399 21 13552 1
bought 12:36:00 PM 21440
  SELL 12:52:00 PM 21458 21 13571 1
bought 1:06:00 PM 21463
11/8/2016 [ 22598, 22598, 23039, 23042, 21484 ] [ 19404, 19636, 19680 ]
=====
  SELL 11:22:00 AM 21485 21 13590 1
bought 12:01:00 PM 21602
  SELL 1:14:00 PM 21619 22 13610 1
bought 2:01:00 PM 21594
  SELL 2:10:00 PM 21616 22 13630 1
11/9/2016 [ 22598, 22598, 23039, 23042 ] [ 19404, 19636, 19680 ]
=====
bought 10:01:00 AM 21767
  SELL 1:54:00 PM 21788 22 13650 1
bought 2:00:00 PM 21764
11/10/2016 [ 22598, 22598, 23039, 23042, 21786 ] [ 19404, 19636, 19680 ]
=====
11/11/2016 [ 22598, 22598, 23039, 23042, 21786 ] [ 19404, 19636, 19680 ]
=====
11/14/2016 [ 22598, 22598, 23039, 23042, 21786 ] [ 19404, 19636, 19680 ]
=====
  SELL 2:44:00 PM 21790 22 13670 1
11/15/2016 [ 22598, 22598, 23039, 23042 ] [ 19404, 19636, 19680 ]
=====
bought 9:57:00 AM 21777
  SELL 10:34:00 AM 21798 22 13690 1
bought 10:53:00 AM 21795
11/16/2016 [ 22598, 22598, 23039, 23042, 21817 ] [ 19404, 19636, 19680 ]
=====
  SELL 9:33:00 AM 21827 22 13710 1
bought 10:16:00 AM 21847
  SELL 11:41:00 AM 21870 22 13730 1
bought 1:27:00 PM 21884
11/17/2016 [ 22598, 22598, 23039, 23042, 21906 ] [ 19404, 19636, 19680 ]
=====
  SELL 9:30:00 AM 21908 22 13750 1
bought 9:40:00 AM 21894
11/18/2016 [ 22598, 22598, 23039, 23042, 21916 ] [ 19404, 19636, 19680 ]
=====
size: 88920
SPY
elapsed: 228 days 0 minutes
gain: 13750 per day = 0.2944534814894763 %
pGain/(pGain+nGain): 1 kelly criterion: NaN
sigma: 1.1190228380782465 ave gain: 18.139841688654354 ratio: 16.21043027129527 # trades:  758
max draw down:  0
buy and hold: 1369 profit factor: Infinity payoff ratio:  NaN
pGain*ave/sigma/days: 53.89257081421849
