  sold 9:39:00 AM 12146
bought 9:41:00 AM 12150
   BUY 9:47:00 AM 12135 12 10 1
  sold 9:47:00 AM 12135
bought 9:53:00 AM 12133
   BUY 10:01:00 AM 12117 12 20 1
  sold 10:02:00 AM 12122
bought 10:08:00 AM 12121
   BUY 10:15:00 AM 12110 12 30 1
  sold 10:17:00 AM 12107
  sold 10:38:00 AM 12102
  sold 10:49:00 AM 12105
bought 10:54:00 AM 12107
bought 11:11:00 AM 12103
   BUY 11:19:00 AM 12096 12 40 1
  sold 11:20:00 AM 12100
   BUY 11:34:00 AM 12093 12 50 1
  sold 11:45:00 AM 12096
  SELL 12:56:00 PM 12114 12 60 1
   BUY 1:01:00 PM 12090 12 70 1
  sold 1:01:00 PM 12090
   BUY 1:05:00 PM 12081 12 80 1
   BUY 1:05:00 PM 12081 12 90 1
   BUY 1:09:00 PM 12076 12 100 1
  sold 1:28:00 PM 12063
  sold 1:29:00 PM 12062
  sold 1:38:00 PM 12060
bought 1:44:00 PM 12054
   BUY 1:45:00 PM 12050 12 110 1
   BUY 1:45:00 PM 12050 12 120 1
   BUY 1:46:00 PM 12047 12 130 1
  sold 2:00:00 PM 12046
  sold 2:01:00 PM 12046
  sold 2:03:00 PM 12038
   BUY 2:04:00 PM 12031 12 140 1
   BUY 2:04:00 PM 12031 12 150 1
   BUY 2:05:00 PM 12023 12 160 1
12/29/2015 [ 12162, 12145, 12133, 12119, 12066 ] []
=====
  sold 9:39:00 AM 11975
  sold 9:53:00 AM 11980
  sold 9:55:00 AM 11975
12/30/2015 [ 12162, 12145, 12133, 12119, 12066 ] [ 11963, 11968, 11963 ]
=====
  SELL 9:50:00 AM 12067 12 170 1
bought 10:11:00 AM 12060
  SELL 10:40:00 AM 12072 12 180 1
bought 10:51:00 AM 12073
  SELL 12:59:00 PM 12076 12 190 1
bought 1:47:00 PM 12073
  SELL 2:14:00 PM 12083 12 200 1
12/31/2015 [ 12162, 12145, 12133, 12119 ] [ 11963, 11968, 11963 ]
=====
  SELL 9:30:00 AM 12191 12 210 1
  SELL 9:30:00 AM 12191 12 220 1
  SELL 9:30:00 AM 12191 12 230 1
  SELL 9:30:00 AM 12191 12 240 1
bought 9:54:00 AM 12212
  SELL 9:56:00 AM 12225 12 250 1
bought 10:13:00 AM 12217
bought 10:22:00 AM 12220
  SELL 10:23:00 AM 12224 12 260 1
bought 10:33:00 AM 12217
  SELL 11:00:00 AM 12230 12 270 1
  SELL 11:01:00 AM 12233 12 280 1
bought 11:17:00 AM 12226
  SELL 11:25:00 AM 12242 12 290 1
bought 11:40:00 AM 12228
bought 11:43:00 AM 12225
bought 11:44:00 AM 12226
bought 11:45:00 AM 12227
bought 11:46:00 AM 12227
1/4/2016 [ 12240, 12237, 12238, 12239, 12239 ] [ 11963, 11968, 11963 ]
=====
1/5/2016 [ 12240, 12237, 12238, 12239, 12239 ] [ 11963, 11968, 11963 ]
=====
  SELL 9:49:00 AM 12235 12 300 1
  SELL 9:49:00 AM 12235 12 310 1
bought 10:26:00 AM 12218
bought 10:31:00 AM 12224
  SELL 10:39:00 AM 12229 12 320 1
  SELL 10:51:00 AM 12239 12 330 1
  SELL 10:51:00 AM 12239 12 340 1
  SELL 10:51:00 AM 12239 12 350 1
  SELL 10:51:00 AM 12239 12 360 1
bought 11:02:00 AM 12240
bought 11:21:00 AM 12239
bought 11:27:00 AM 12236
bought 11:52:00 AM 12240
bought 11:53:00 AM 12240
  SELL 11:58:00 AM 12250 12 370 1
  SELL 12:00:00 PM 12251 12 380 1
  SELL 12:00:00 PM 12251 12 390 1
  SELL 12:00:00 PM 12251 12 400 1
  SELL 12:00:00 PM 12251 12 410 1
bought 12:18:00 PM 12248
bought 1:10:00 PM 12253
bought 1:11:00 PM 12254
bought 1:26:00 PM 12243
bought 2:11:00 PM 12238
  SELL 2:58:00 PM 12252 12 420 1
  SELL 2:59:00 PM 12253 12 430 1
  SELL 3:02:00 PM 12261 12 440 1
1/6/2016 [ 12265, 12266 ] [ 11963, 11968, 11963 ]
=====
  SELL 9:30:00 AM 12272 12 450 1
  SELL 9:30:00 AM 12272 12 460 1
bought 9:47:00 AM 12244
bought 9:54:00 AM 12235
  SELL 10:04:00 AM 12249 12 470 1
  SELL 10:12:00 AM 12256 12 480 1
bought 10:23:00 AM 12233
bought 10:34:00 AM 12215
bought 10:43:00 AM 12210
bought 10:58:00 AM 12190
  SELL 11:13:00 AM 12202 12 490 1
bought 11:31:00 AM 12204
  SELL 11:57:00 AM 12217 12 500 1
  SELL 12:00:00 PM 12222 12 510 1
  SELL 12:01:00 PM 12219 12 520 1
bought 12:23:00 PM 12217
  SELL 1:16:00 PM 12224 12 530 1
  SELL 1:19:00 PM 12246 12 540 1
bought 1:30:00 PM 12246
  SELL 1:33:00 PM 12258 12 550 1
bought 1:49:00 PM 12270
bought 1:50:00 PM 12266
bought 1:51:00 PM 12263
bought 1:56:00 PM 12263
bought 1:57:00 PM 12263
  SELL 2:25:00 PM 12275 12 560 1
  SELL 2:25:00 PM 12275 12 570 1
  SELL 2:25:00 PM 12275 12 580 1
  SELL 2:58:00 PM 12280 12 590 1
  SELL 2:59:00 PM 12285 12 600 1
1/7/2016 [] [ 11963, 11968, 11963 ]
=====
bought 10:02:00 AM 12250
  SELL 10:03:00 AM 12264 12 610 1
bought 10:23:00 AM 12268
bought 10:30:00 AM 12260
  SELL 10:36:00 AM 12271 12 620 1
bought 10:53:00 AM 12256
  SELL 11:07:00 AM 12264 12 630 1
  SELL 11:20:00 AM 12286 12 640 1
bought 12:50:00 PM 12270
bought 1:35:00 PM 12270
bought 1:36:00 PM 12272
  SELL 1:45:00 PM 12282 12 650 1
  SELL 1:45:00 PM 12282 12 660 1
  SELL 1:46:00 PM 12283 12 670 1
bought 2:05:00 PM 12281
bought 2:06:00 PM 12280
bought 2:07:00 PM 12285
bought 2:08:00 PM 12285
  SELL 2:12:00 PM 12294 12 680 1
  SELL 2:12:00 PM 12294 12 690 1
  SELL 2:14:00 PM 12298 12 700 1
  SELL 2:14:00 PM 12298 12 710 1
1/8/2016 [] [ 11963, 11968, 11963 ]
=====
bought 9:49:00 AM 12212
  SELL 9:55:00 AM 12226 12 720 1
bought 10:14:00 AM 12217
  SELL 10:16:00 AM 12223 12 730 1
bought 10:27:00 AM 12206
  SELL 10:45:00 AM 12219 12 740 1
bought 1:47:00 PM 12259
bought 1:48:00 PM 12260
bought 1:49:00 PM 12260
bought 1:50:00 PM 12254
bought 1:51:00 PM 12254
1/11/2016 [ 12271, 12272, 12272, 12266, 12266 ] [ 11963, 11968, 11963 ]
=====
  SELL 10:14:00 AM 12270 12 750 1
  SELL 10:14:00 AM 12270 12 760 1
  SELL 10:15:00 AM 12272 12 770 1
  SELL 10:15:00 AM 12272 12 780 1
  SELL 10:15:00 AM 12272 12 790 1
bought 10:37:00 AM 12280
  SELL 10:39:00 AM 12291 12 800 1
bought 10:59:00 AM 12296
  SELL 11:06:00 AM 12312 12 810 1
bought 11:58:00 AM 12329
  SELL 12:12:00 PM 12344 12 820 1
1/12/2016 [] [ 11963, 11968, 11963 ]
=====
bought 9:45:00 AM 12345
bought 10:03:00 AM 12335
  SELL 10:15:00 AM 12348 12 830 1
  SELL 10:18:00 AM 12362 12 840 1
bought 10:28:00 AM 12354
  SELL 10:30:00 AM 12369 12 850 1
bought 10:54:00 AM 12368
bought 11:04:00 AM 12375
  SELL 11:22:00 AM 12382 12 860 1
  SELL 11:25:00 AM 12386 12 870 1
bought 12:11:00 PM 12413
bought 12:12:00 PM 12407
bought 12:13:00 PM 12405
bought 12:17:00 PM 12404
bought 12:26:00 PM 12399
  SELL 12:33:00 PM 12409 12 880 1
bought 12:51:00 PM 12397
  SELL 1:01:00 PM 12445 12 890 1
  SELL 1:01:00 PM 12445 12 900 1
  SELL 1:01:00 PM 12445 12 910 1
  SELL 1:01:00 PM 12445 12 920 1
  SELL 1:01:00 PM 12445 12 930 1
bought 1:14:00 PM 12415
bought 1:15:00 PM 12412
bought 1:16:00 PM 12405
bought 1:19:00 PM 12406
bought 1:20:00 PM 12413
  SELL 1:21:00 PM 12419 12 940 1
  SELL 1:21:00 PM 12419 12 950 1
bought 1:21:00 PM 12419
  SELL 1:43:00 PM 12429 12 960 1
  SELL 1:43:00 PM 12429 12 970 1
  SELL 1:43:00 PM 12429 12 980 1
  SELL 1:44:00 PM 12440 12 990 1
bought 1:55:00 PM 12431
  SELL 1:56:00 PM 12444 12 1000 1
1/13/2016 [] [ 11963, 11968, 11963 ]
=====
bought 9:49:00 AM 12460
  SELL 9:53:00 AM 12472 12 1010 1
bought 10:11:00 AM 12469
bought 10:26:00 AM 12435
bought 10:38:00 AM 12405
  SELL 10:41:00 AM 12417 12 1020 1
bought 11:19:00 AM 12438
  SELL 11:24:00 AM 12444 12 1030 1
bought 11:47:00 AM 12423
bought 1:59:00 PM 12344
  SELL 2:02:00 PM 12356 12 1040 1
1/14/2016 [ 12481, 12450, 12435 ] [ 11963, 11968, 11963 ]
=====
  SELL 9:30:00 AM 12546 12 1050 1
  SELL 9:30:00 AM 12546 12 1060 1
  SELL 9:30:00 AM 12546 12 1070 1
bought 9:41:00 AM 12536
bought 9:48:00 AM 12533
  SELL 9:50:00 AM 12551 13 1081 1
  SELL 9:50:00 AM 12551 13 1092 1
bought 10:12:00 AM 12557
bought 10:28:00 AM 12537
bought 10:40:00 AM 12520
  SELL 10:51:00 AM 12531 13 1103 1
  SELL 10:58:00 AM 12551 13 1114 1
  SELL 11:12:00 AM 12567 13 1125 1
bought 11:19:00 AM 12563
bought 11:28:00 AM 12545
bought 11:36:00 AM 12543
  SELL 11:42:00 AM 12554 13 1136 1
  SELL 11:55:00 AM 12562 13 1147 1
bought 12:13:00 PM 12553
bought 12:14:00 PM 12550
  SELL 12:19:00 PM 12570 13 1158 1
  SELL 12:19:00 PM 12570 13 1169 1
  SELL 12:20:00 PM 12577 13 1180 1
bought 1:41:00 PM 12573
  SELL 2:31:00 PM 12588 13 1191 1
1/15/2016 [] [ 11963, 11968, 11963 ]
=====
bought 10:03:00 AM 12545
bought 10:10:00 AM 12529
bought 10:19:00 AM 12517
bought 10:29:00 AM 12506
  SELL 10:42:00 AM 12519 13 1202 1
  SELL 10:59:00 AM 12531 13 1213 1
  SELL 11:19:00 AM 12543 13 1224 1
  SELL 11:25:00 AM 12556 13 1235 1
bought 12:09:00 PM 12562
  SELL 12:22:00 PM 12575 13 1246 1
bought 12:32:00 PM 12564
bought 12:34:00 PM 12568
bought 12:35:00 PM 12568
  SELL 12:43:00 PM 12578 13 1257 1
  SELL 12:44:00 PM 12584 13 1268 1
  SELL 12:44:00 PM 12584 13 1279 1
bought 1:04:00 PM 12570
bought 1:05:00 PM 12575
  SELL 1:54:00 PM 12585 13 1290 1
  SELL 2:06:00 PM 12590 13 1301 1
1/19/2016 [] [ 11963, 11968, 11963 ]
=====
bought 9:49:00 AM 12705
  SELL 9:54:00 AM 12718 13 1312 1
bought 10:12:00 AM 12710
  SELL 10:17:00 AM 12728 13 1323 1
bought 10:48:00 AM 12750
  SELL 10:53:00 AM 12765 13 1334 1
bought 11:05:00 AM 12750
bought 11:10:00 AM 12753
bought 11:15:00 AM 12750
bought 12:03:00 PM 12742
bought 12:04:00 PM 12746
  SELL 12:06:00 PM 12758 13 1345 1
  SELL 12:06:00 PM 12758 13 1356 1
  SELL 12:10:00 PM 12766 13 1367 1
  SELL 12:10:00 PM 12766 13 1378 1
  SELL 12:10:00 PM 12766 13 1389 1
bought 12:16:00 PM 12750
bought 12:17:00 PM 12748
bought 12:18:00 PM 12750
  SELL 12:21:00 PM 12763 13 1400 1
  SELL 12:21:00 PM 12763 13 1411 1
  SELL 12:21:00 PM 12763 13 1422 1
bought 12:33:00 PM 12772
bought 12:34:00 PM 12774
bought 12:35:00 PM 12769
  SELL 12:38:00 PM 12784 13 1433 1
  SELL 12:46:00 PM 12787 13 1444 1
  SELL 12:46:00 PM 12787 13 1455 1
1/20/2016 [] [ 11963, 11968, 11963 ]
=====
bought 9:58:00 AM 12709
bought 10:14:00 AM 12684
bought 10:22:00 AM 12681
bought 10:33:00 AM 12664
bought 10:37:00 AM 12663
  SELL 11:00:00 AM 12673 13 1466 1
  SELL 11:01:00 AM 12673 13 1477 1
bought 11:11:00 AM 12622
  SELL 11:23:00 AM 12636 13 1488 1
bought 11:40:00 AM 12627
bought 11:41:00 AM 12634
  SELL 11:42:00 AM 12641 13 1499 1
bought 11:51:00 AM 12631
1/21/2016 [ 12722, 12697, 12694, 12647, 12644 ] [ 11963, 11968, 11963 ]
=====
1/22/2016 [ 12722, 12697, 12694, 12647, 12644 ] [ 11963, 11968, 11963 ]
=====
1/25/2016 [ 12722, 12697, 12694, 12647, 12644 ] [ 11963, 11968, 11963 ]
=====
  SELL 2:35:00 PM 12642 13 1510 1
1/26/2016 [ 12722, 12697, 12694, 12647 ] [ 11963, 11968, 11963 ]
=====
bought 9:48:00 AM 12555
  SELL 10:03:00 AM 12568 13 1521 1
bought 10:41:00 AM 12551
  SELL 10:49:00 AM 12570 13 1532 1
bought 11:08:00 AM 12563
  SELL 2:04:00 PM 12575 13 1543 1
1/27/2016 [ 12722, 12697, 12694, 12647 ] [ 11963, 11968, 11963 ]
=====
bought 9:49:00 AM 12578
  SELL 10:08:00 AM 12594 13 1554 1
bought 10:16:00 AM 12583
  SELL 10:18:00 AM 12598 13 1565 1
bought 10:43:00 AM 12612
  SELL 11:33:00 AM 12628 13 1576 1
bought 11:54:00 AM 12622
  SELL 1:21:00 PM 12634 13 1587 1
bought 1:31:00 PM 12623
  SELL 1:53:00 PM 12636 13 1598 1
bought 1:58:00 PM 12634
1/28/2016 [ 12722, 12697, 12694, 12647, 12647 ] [ 11963, 11968, 11963 ]
=====
  SELL 9:30:00 AM 12740 13 1609 1
  SELL 9:30:00 AM 12740 13 1620 1
  SELL 9:30:00 AM 12740 13 1631 1
  SELL 9:30:00 AM 12740 13 1642 1
  SELL 9:30:00 AM 12740 13 1653 1
bought 9:40:00 AM 12737
bought 9:57:00 AM 12709
  SELL 10:23:00 AM 12724 13 1664 1
  SELL 10:54:00 AM 12750 13 1675 1
1/29/2016 [] [ 11963, 11968, 11963 ]
=====
bought 9:48:00 AM 12828
  SELL 9:50:00 AM 12847 13 1686 1
bought 10:10:00 AM 12829
  SELL 10:15:00 AM 12840 13 1697 1
bought 10:44:00 AM 12822
  SELL 10:46:00 AM 12836 13 1708 1
bought 11:18:00 AM 12829
  SELL 11:22:00 AM 12837 13 1719 1
bought 12:26:00 PM 12834
bought 12:27:00 PM 12834
bought 12:28:00 PM 12837
  SELL 1:00:00 PM 12846 13 1730 1
  SELL 1:00:00 PM 12846 13 1741 1
bought 1:07:00 PM 12842
bought 1:08:00 PM 12840
bought 1:14:00 PM 12837
bought 1:15:00 PM 12837
  SELL 1:58:00 PM 12849 13 1752 1
  SELL 1:58:00 PM 12849 13 1763 1
  SELL 1:58:00 PM 12849 13 1774 1
  SELL 2:03:00 PM 12852 13 1785 1
  SELL 2:05:00 PM 12849 13 1796 1
2/2/2016 [] [ 11963, 11968, 11963 ]
=====
bought 9:53:00 AM 12865
  SELL 10:00:00 AM 12877 13 1807 1
bought 10:21:00 AM 12948
  SELL 10:23:00 AM 12949 13 1818 1
bought 10:51:00 AM 12918
bought 11:01:00 AM 12899
  SELL 11:05:00 AM 12907 13 1829 1
bought 11:27:00 AM 12890
  SELL 11:33:00 AM 12905 13 1840 1
bought 2:05:00 PM 12886
bought 2:06:00 PM 12877
bought 2:09:00 PM 12883
2/3/2016 [ 12931, 12899, 12890, 12896 ] [ 11963, 11968, 11963 ]
=====
bought 9:52:00 AM 12794
  SELL 10:00:00 AM 12812 13 1851 1
bought 10:16:00 AM 12765
  SELL 10:24:00 AM 12780 13 1862 1
bought 10:39:00 AM 12761
  SELL 10:45:00 AM 12775 13 1873 1
bought 1:14:00 PM 12804
  SELL 1:24:00 PM 12818 13 1884 1
bought 2:16:00 PM 12825
  SELL 2:28:00 PM 12839 13 1895 1
2/4/2016 [ 12931, 12899, 12890, 12896 ] [ 11963, 11968, 11963 ]
=====
bought 9:43:00 AM 12799
  SELL 9:46:00 AM 12811 13 1906 1
bought 10:06:00 AM 12790
  SELL 10:23:00 AM 12809 13 1917 1
bought 10:45:00 AM 12770
  SELL 10:51:00 AM 12784 13 1928 1
bought 10:58:00 AM 12779
  SELL 11:05:00 AM 12792 13 1939 1
bought 11:13:00 AM 12778
  SELL 11:18:00 AM 12793 13 1950 1
bought 11:35:00 AM 12812
  SELL 11:46:00 AM 12827 13 1961 1
bought 11:53:00 AM 12813
  SELL 11:56:00 AM 12826 13 1972 1
bought 12:32:00 PM 12831
  SELL 12:55:00 PM 12844 13 1983 1
  SELL 1:36:00 PM 12898 13 1994 1
  SELL 1:36:00 PM 12898 13 2005 1
  SELL 1:36:00 PM 12898 13 2016 1
bought 1:58:00 PM 12878
bought 1:59:00 PM 12882
bought 2:00:00 PM 12882
bought 2:01:00 PM 12881
  SELL 2:16:00 PM 12890 13 2027 1
2/5/2016 [ 12931, 12895, 12895, 12894 ] [ 11963, 11968, 11963 ]
=====
  SELL 9:30:00 AM 12980 13 2038 1
  SELL 9:30:00 AM 12980 13 2049 1
  SELL 9:30:00 AM 12980 13 2060 1
  SELL 9:30:00 AM 12980 13 2071 1
bought 10:36:00 AM 13076
  SELL 10:56:00 AM 13088 13 2082 1
bought 11:29:00 AM 13098
  SELL 11:38:00 AM 13111 13 2093 1
bought 12:00:00 PM 13115
bought 12:02:00 PM 13115
bought 12:03:00 PM 13119
bought 12:48:00 PM 13093
  SELL 12:58:00 PM 13103 13 2104 1
  SELL 1:25:00 PM 13127 13 2115 1
  SELL 1:25:00 PM 13127 13 2126 1
bought 1:32:00 PM 13117
bought 1:33:00 PM 13116
bought 1:34:00 PM 13118
bought 1:35:00 PM 13121
  SELL 1:42:00 PM 13128 13 2137 1
  SELL 1:42:00 PM 13128 13 2148 1
  SELL 1:42:00 PM 13128 13 2159 1
  SELL 1:44:00 PM 13137 13 2170 1
  SELL 1:44:00 PM 13137 13 2181 1
bought 2:06:00 PM 13132
bought 2:07:00 PM 13136
  SELL 2:13:00 PM 13149 13 2192 1
  SELL 2:13:00 PM 13149 13 2203 1
2/8/2016 [] [ 11963, 11968, 11963 ]
=====
bought 9:50:00 AM 13133
bought 10:07:00 AM 13110
  SELL 10:16:00 AM 13126 13 2214 1
  SELL 10:35:00 AM 13142 13 2225 1
bought 11:16:00 AM 13157
bought 11:26:00 AM 13127
  SELL 11:32:00 AM 13135 13 2236 1
bought 12:10:00 PM 13133
bought 12:11:00 PM 13139
bought 12:12:00 PM 13142
  SELL 12:22:00 PM 13142 13 2247 1
  SELL 12:25:00 PM 13154 13 2258 1
  SELL 12:26:00 PM 13154 13 2269 1
bought 12:39:00 PM 13146
bought 12:40:00 PM 13150
  SELL 12:45:00 PM 13163 13 2280 1
  SELL 12:45:00 PM 13163 13 2291 1
  SELL 12:49:00 PM 13168 13 2302 1
bought 1:36:00 PM 13166
  SELL 1:38:00 PM 13185 13 2313 1
bought 1:55:00 PM 13179
bought 1:56:00 PM 13173
bought 2:00:00 PM 13163
bought 2:01:00 PM 13159
bought 2:02:00 PM 13162
  SELL 2:13:00 PM 13174 13 2324 1
  SELL 2:13:00 PM 13174 13 2335 1
  SELL 2:14:00 PM 13176 13 2346 1
  SELL 2:24:00 PM 13186 13 2357 1
  SELL 2:26:00 PM 13193 13 2368 1
2/9/2016 [] [ 11963, 11968, 11963 ]
=====
bought 10:02:00 AM 13168
  SELL 10:07:00 AM 13179 13 2379 1
bought 10:27:00 AM 13142
bought 10:35:00 AM 13141
  SELL 10:42:00 AM 13163 13 2390 1
  SELL 10:42:00 AM 13163 13 2401 1
bought 10:52:00 AM 13156
  SELL 10:53:00 AM 13171 13 2412 1
bought 11:26:00 AM 13187
  SELL 11:31:00 AM 13196 13 2423 1
bought 11:49:00 AM 13207
bought 11:50:00 AM 13208
bought 11:51:00 AM 13212
bought 11:52:00 AM 13208
  SELL 11:59:00 AM 13220 13 2434 1
  SELL 11:59:00 AM 13220 13 2445 1
  SELL 11:59:00 AM 13220 13 2456 1
  SELL 12:01:00 PM 13225 13 2467 1
bought 2:05:00 PM 13233
bought 2:06:00 PM 13231
bought 2:07:00 PM 13231
bought 2:08:00 PM 13235
  SELL 2:16:00 PM 13248 13 2478 1
  SELL 2:16:00 PM 13248 13 2489 1
  SELL 2:16:00 PM 13248 13 2500 1
  SELL 2:16:00 PM 13248 13 2511 1
2/10/2016 [] [ 11963, 11968, 11963 ]
=====
bought 9:47:00 AM 13374
  SELL 9:49:00 AM 13395 13 2522 1
bought 10:09:00 AM 13373
  SELL 10:11:00 AM 13383 13 2533 1
bought 10:49:00 AM 13448
  SELL 10:51:00 AM 13464 13 2544 1
bought 11:22:00 AM 13506
  SELL 11:24:00 AM 13509 14 2556 1
2/11/2016 [] [ 11963, 11968, 11963 ]
=====
bought 10:18:00 AM 13289
bought 10:24:00 AM 13256
bought 10:33:00 AM 13221
  SELL 10:37:00 AM 13232 13 2567 1
bought 10:55:00 AM 13216
  SELL 10:57:00 AM 13230 13 2578 1
bought 11:14:00 AM 13194
bought 11:28:00 AM 13165
bought 12:09:00 PM 13168
2/12/2016 [ 13302, 13269, 13207, 13178, 13181 ] [ 11963, 11968, 11963 ]
=====
2/16/2016 [ 13302, 13269, 13207, 13178, 13181 ] [ 11963, 11968, 11963 ]
=====
2/17/2016 [ 13302, 13269, 13207, 13178, 13181 ] [ 11963, 11968, 11963 ]
=====
2/18/2016 [ 13302, 13269, 13207, 13178, 13181 ] [ 11963, 11968, 11963 ]
=====
  SELL 11:05:00 AM 13176 13 2589 1
  SELL 11:07:00 AM 13174 13 2600 1
bought 11:20:00 AM 13155
bought 11:33:00 AM 13145
2/19/2016 [ 13302, 13269, 13207, 13168, 13158 ] [ 11963, 11968, 11963 ]
=====
2/22/2016 [ 13302, 13269, 13207, 13168, 13158 ] [ 11963, 11968, 11963 ]
=====
  SELL 11:00:00 AM 13150 13 2611 1
  SELL 11:06:00 AM 13166 13 2622 1
bought 11:21:00 AM 13140
bought 11:27:00 AM 13136
  SELL 12:11:00 PM 13149 13 2633 1
  SELL 12:12:00 PM 13150 13 2644 1
bought 12:28:00 PM 13154
bought 12:29:00 PM 13149
  SELL 1:30:00 PM 13162 13 2655 1
  SELL 1:33:00 PM 13168 13 2666 1
bought 1:41:00 PM 13167
bought 1:42:00 PM 13165
2/23/2016 [ 13302, 13269, 13207, 13180, 13178 ] [ 11963, 11968, 11963 ]
=====
  SELL 9:30:00 AM 13241 13 2677 1
  SELL 9:30:00 AM 13241 13 2688 1
  SELL 9:30:00 AM 13241 13 2699 1
  SELL 9:42:00 AM 13269 13 2710 1
  SELL 9:46:00 AM 13298 13 2721 1
bought 10:01:00 AM 13323
bought 10:08:00 AM 13311
  SELL 10:23:00 AM 13326 13 2732 1
  SELL 10:31:00 AM 13332 13 2743 1
bought 10:45:00 AM 13305
bought 11:02:00 AM 13291
  SELL 11:17:00 AM 13304 13 2754 1
bought 11:26:00 AM 13287
bought 11:30:00 AM 13284
bought 1:26:00 PM 13206
  SELL 1:32:00 PM 13214 13 2765 1
2/24/2016 [ 13318, 13300, 13297 ] [ 11963, 11968, 11963 ]
=====
bought 9:57:00 AM 13181
  SELL 10:00:00 AM 13198 13 2776 1
bought 10:12:00 AM 13189
bought 10:22:00 AM 13173
  SELL 10:30:00 AM 13188 13 2787 1
bought 10:49:00 AM 13164
  SELL 10:53:00 AM 13178 13 2798 1
  SELL 11:00:00 AM 13202 13 2809 1
bought 11:11:00 AM 13202
  SELL 11:14:00 AM 13214 13 2820 1
bought 11:30:00 AM 13206
  SELL 11:44:00 AM 13218 13 2831 1
bought 12:40:00 PM 13208
bought 12:41:00 PM 13212
  SELL 12:43:00 PM 13232 13 2842 1
  SELL 12:43:00 PM 13232 13 2853 1
bought 12:54:00 PM 13221
bought 12:55:00 PM 13214
  SELL 1:00:00 PM 13225 13 2864 1
bought 2:17:00 PM 13178
  SELL 2:47:00 PM 13189 13 2875 1
2/25/2016 [ 13318, 13300, 13297, 13234 ] [ 11963, 11968, 11963 ]
=====
bought 9:58:00 AM 13026
  SELL 10:09:00 AM 13046 13 2886 1
bought 10:38:00 AM 13040
  SELL 10:42:00 AM 13055 13 2897 1
bought 10:52:00 AM 13052
  SELL 11:55:00 AM 13066 13 2908 1
bought 1:34:00 PM 13030
  SELL 1:44:00 PM 13045 13 2919 1
2/26/2016 [ 13318, 13300, 13297, 13234 ] [ 11963, 11968, 11963 ]
=====
bought 10:17:00 AM 13095
  SELL 10:50:00 AM 13107 13 2930 1
bought 11:03:00 AM 13101
  SELL 11:07:00 AM 13113 13 2941 1
bought 11:26:00 AM 13082
  SELL 3:05:00 PM 13095 13 2952 1
2/29/2016 [ 13318, 13300, 13297, 13234 ] [ 11963, 11968, 11963 ]
=====
bought 9:55:00 AM 13057
3/1/2016 [ 13318, 13300, 13297, 13234, 13070 ] [ 11963, 11968, 11963 ]
=====
3/2/2016 [ 13318, 13300, 13297, 13234, 13070 ] [ 11963, 11968, 11963 ]
=====
3/3/2016 [ 13318, 13300, 13297, 13234, 13070 ] [ 11963, 11968, 11963 ]
=====
3/4/2016 [ 13318, 13300, 13297, 13234, 13070 ] [ 11963, 11968, 11963 ]
=====
3/7/2016 [ 13318, 13300, 13297, 13234, 13070 ] [ 11963, 11968, 11963 ]
=====
  SELL 10:25:00 AM 13069 13 2963 1
bought 10:42:00 AM 13073
  SELL 10:45:00 AM 13088 13 2974 1
bought 11:12:00 AM 13091
3/8/2016 [ 13318, 13300, 13297, 13234, 13104 ] [ 11963, 11968, 11963 ]
=====
3/9/2016 [ 13318, 13300, 13297, 13234, 13104 ] [ 11963, 11968, 11963 ]
=====
3/10/2016 [ 13318, 13300, 13297, 13234, 13104 ] [ 11963, 11968, 11963 ]
=====
3/11/2016 [ 13318, 13300, 13297, 13234, 13104 ] [ 11963, 11968, 11963 ]
=====
3/14/2016 [ 13318, 13300, 13297, 13234, 13104 ] [ 11963, 11968, 11963 ]
=====
3/15/2016 [ 13318, 13300, 13297, 13234, 13104 ] [ 11963, 11968, 11963 ]
=====
3/16/2016 [ 13318, 13300, 13297, 13234, 13104 ] [ 11963, 11968, 11963 ]
=====
3/17/2016 [ 13318, 13300, 13297, 13234, 13104 ] [ 11963, 11968, 11963 ]
=====
3/18/2016 [ 13318, 13300, 13297, 13234, 13104 ] [ 11963, 11968, 11963 ]
=====
3/21/2016 [ 13318, 13300, 13297, 13234, 13104 ] [ 11963, 11968, 11963 ]
=====
3/22/2016 [ 13318, 13300, 13297, 13234, 13104 ] [ 11963, 11968, 11963 ]
=====
3/23/2016 [ 13318, 13300, 13297, 13234, 13104 ] [ 11963, 11968, 11963 ]
=====
3/24/2016 [ 13318, 13300, 13297, 13234, 13104 ] [ 11963, 11968, 11963 ]
=====
3/28/2016 [ 13318, 13300, 13297, 13234, 13104 ] [ 11963, 11968, 11963 ]
=====
  SELL 3:59:00 PM 13107 13 2985 1
3/29/2016 [ 13318, 13300, 13297, 13234 ] [ 11963, 11968, 11963 ]
=====
bought 9:43:00 AM 12991
  SELL 1:22:00 PM 13004 13 2996 1
bought 1:30:00 PM 12981
3/30/2016 [ 13318, 13300, 13297, 13234, 12994 ] [ 11963, 11968, 11963 ]
=====
  SELL 9:30:00 AM 13006 13 3007 1
bought 9:48:00 AM 12992
  SELL 9:55:00 AM 13008 13 3018 1
bought 10:20:00 AM 13000
  SELL 10:40:00 AM 13013 13 3029 1
bought 11:50:00 AM 13043
  SELL 2:59:00 PM 13053 13 3040 1
3/31/2016 [ 13318, 13300, 13297, 13234 ] [ 11963, 11968, 11963 ]
=====
bought 10:00:00 AM 13069
  SELL 10:04:00 AM 13078 13 3051 1
bought 10:18:00 AM 13027
  SELL 11:29:00 AM 13044 13 3062 1
bought 11:38:00 AM 13033
  SELL 11:44:00 AM 13046 13 3073 1
bought 12:03:00 PM 13065
  SELL 12:19:00 PM 13080 13 3084 1
4/1/2016 [ 13318, 13300, 13297, 13234 ] [ 11963, 11968, 11963 ]
=====
bought 9:45:00 AM 13070
  SELL 11:12:00 AM 13083 13 3095 1
bought 11:39:00 AM 13075
  SELL 11:45:00 AM 13088 13 3106 1
bought 11:58:00 AM 13081
  SELL 1:22:00 PM 13095 13 3117 1
bought 1:43:00 PM 13083
  SELL 2:03:00 PM 13096 13 3128 1
bought 2:16:00 PM 13090
4/4/2016 [ 13318, 13300, 13297, 13234, 13103 ] [ 11963, 11968, 11963 ]
=====
  SELL 9:30:00 AM 13205 13 3139 1
bought 10:03:00 AM 13215
  SELL 10:37:00 AM 13231 13 3150 1
  SELL 10:41:00 AM 13234 13 3161 1
bought 10:48:00 AM 13226
bought 10:52:00 AM 13224
4/5/2016 [ 13318, 13300, 13297, 13239, 13237 ] [ 11963, 11968, 11963 ]
=====
4/6/2016 [ 13318, 13300, 13297, 13239, 13237 ] [ 11963, 11968, 11963 ]
=====
  SELL 10:28:00 AM 13237 13 3172 1
  SELL 10:29:00 AM 13239 13 3183 1
bought 11:00:00 AM 13238
  SELL 11:05:00 AM 13258 13 3194 1
bought 11:18:00 AM 13262
  SELL 11:21:00 AM 13275 13 3205 1
bought 12:31:00 PM 13274
bought 12:32:00 PM 13274
  SELL 12:37:00 PM 13286 13 3216 1
  SELL 12:37:00 PM 13286 13 3227 1
bought 2:08:00 PM 13280
bought 2:09:00 PM 13281
  SELL 2:42:00 PM 13293 13 3238 1
  SELL 2:42:00 PM 13293 13 3249 1
  SELL 2:44:00 PM 13294 13 3260 1
4/7/2016 [ 13318, 13300 ] [ 11963, 11968, 11963 ]
=====
bought 9:54:00 AM 13226
bought 10:04:00 AM 13217
bought 10:17:00 AM 13204
  SELL 3:36:00 PM 13217 13 3271 1
4/8/2016 [ 13318, 13300, 13239, 13230 ] [ 11963, 11968, 11963 ]
=====
bought 9:45:00 AM 13117
  SELL 10:04:00 AM 13131 13 3282 1
bought 10:31:00 AM 13143
  SELL 10:42:00 AM 13155 13 3293 1
bought 11:20:00 AM 13189
  SELL 11:35:00 AM 13201 13 3304 1
bought 11:57:00 AM 13198
4/11/2016 [ 13318, 13300, 13239, 13230, 13211 ] [ 11963, 11968, 11963 ]
=====
4/12/2016 [ 13318, 13300, 13239, 13230, 13211 ] [ 11963, 11968, 11963 ]
=====
4/13/2016 [ 13318, 13300, 13239, 13230, 13211 ] [ 11963, 11968, 11963 ]
=====
4/14/2016 [ 13318, 13300, 13239, 13230, 13211 ] [ 11963, 11968, 11963 ]
=====
  SELL 10:12:00 AM 13214 13 3315 1
bought 10:21:00 AM 13201
  SELL 11:02:00 AM 13211 13 3326 1
bought 11:28:00 AM 13192
  SELL 12:30:00 PM 13205 13 3337 1
4/15/2016 [ 13318, 13300, 13239, 13230 ] [ 11963, 11968, 11963 ]
=====
bought 9:43:00 AM 13126
4/18/2016 [ 13318, 13300, 13239, 13230, 13139 ] [ 11963, 11968, 11963 ]
=====
4/19/2016 [ 13318, 13300, 13239, 13230, 13139 ] [ 11963, 11968, 11963 ]
=====
  SELL 9:40:00 AM 13141 13 3348 1
bought 9:54:00 AM 13135
  SELL 10:38:00 AM 13145 13 3359 1
bought 10:59:00 AM 13152
  SELL 11:19:00 AM 13162 13 3370 1
bought 11:32:00 AM 13133
4/20/2016 [ 13318, 13300, 13239, 13230, 13146 ] [ 11963, 11968, 11963 ]
=====
4/21/2016 [ 13318, 13300, 13239, 13230, 13146 ] [ 11963, 11968, 11963 ]
=====
4/22/2016 [ 13318, 13300, 13239, 13230, 13146 ] [ 11963, 11968, 11963 ]
=====
4/25/2016 [ 13318, 13300, 13239, 13230, 13146 ] [ 11963, 11968, 11963 ]
=====
4/26/2016 [ 13318, 13300, 13239, 13230, 13146 ] [ 11963, 11968, 11963 ]
=====
4/27/2016 [ 13318, 13300, 13239, 13230, 13146 ] [ 11963, 11968, 11963 ]
=====
4/28/2016 [ 13318, 13300, 13239, 13230, 13146 ] [ 11963, 11968, 11963 ]
=====
4/29/2016 [ 13318, 13300, 13239, 13230, 13146 ] [ 11963, 11968, 11963 ]
=====
5/2/2016 [ 13318, 13300, 13239, 13230, 13146 ] [ 11963, 11968, 11963 ]
=====
5/3/2016 [ 13318, 13300, 13239, 13230, 13146 ] [ 11963, 11968, 11963 ]
=====
5/4/2016 [ 13318, 13300, 13239, 13230, 13146 ] [ 11963, 11968, 11963 ]
=====
5/5/2016 [ 13318, 13300, 13239, 13230, 13146 ] [ 11963, 11968, 11963 ]
=====
5/6/2016 [ 13318, 13300, 13239, 13230, 13146 ] [ 11963, 11968, 11963 ]
=====
5/9/2016 [ 13318, 13300, 13239, 13230, 13146 ] [ 11963, 11968, 11963 ]
=====
5/10/2016 [ 13318, 13300, 13239, 13230, 13146 ] [ 11963, 11968, 11963 ]
=====
  SELL 12:17:00 PM 13153 13 3381 1
bought 12:26:00 PM 13146
  SELL 12:45:00 PM 13160 13 3392 1
bought 1:01:00 PM 13165
  SELL 1:02:00 PM 13184 13 3403 1
bought 2:10:00 PM 13190
5/11/2016 [ 13318, 13300, 13239, 13230, 13203 ] [ 11963, 11968, 11963 ]
=====
5/12/2016 [ 13318, 13300, 13239, 13230, 13203 ] [ 11963, 11968, 11963 ]
=====
  SELL 12:41:00 PM 13204 13 3414 1
bought 12:59:00 PM 13197
  SELL 1:49:00 PM 13209 13 3425 1
bought 2:00:00 PM 13210
  SELL 3:56:00 PM 13231 13 3436 1
  SELL 3:56:00 PM 13231 13 3447 1
5/13/2016 [ 13318, 13300, 13239 ] [ 11963, 11968, 11963 ]
=====
bought 9:55:00 AM 13119
  SELL 10:02:00 AM 13135 13 3458 1
bought 10:13:00 AM 13121
  SELL 10:29:00 AM 13133 13 3469 1
bought 10:40:00 AM 13136
bought 10:55:00 AM 13130
5/16/2016 [ 13318, 13300, 13239, 13149, 13143 ] [ 11963, 11968, 11963 ]
=====
  SELL 9:42:00 AM 13154 13 3480 1
  SELL 9:42:00 AM 13154 13 3491 1
bought 9:59:00 AM 13159
bought 10:18:00 AM 13152
  SELL 10:31:00 AM 13165 13 3502 1
bought 10:43:00 AM 13151
  SELL 10:52:00 AM 13163 13 3513 1
bought 11:00:00 AM 13156
  SELL 11:07:00 AM 13168 13 3524 1
  SELL 11:08:00 AM 13172 13 3535 1
bought 11:21:00 AM 13171
bought 11:27:00 AM 13168
5/17/2016 [ 13318, 13300, 13239, 13184, 13181 ] [ 11963, 11968, 11963 ]
=====
5/18/2016 [ 13318, 13300, 13239, 13184, 13181 ] [ 11963, 11968, 11963 ]
=====
5/19/2016 [ 13318, 13300, 13239, 13184, 13181 ] [ 11963, 11968, 11963 ]
=====
5/20/2016 [ 13318, 13300, 13239, 13184, 13181 ] [ 11963, 11968, 11963 ]
=====
5/23/2016 [ 13318, 13300, 13239, 13184, 13181 ] [ 11963, 11968, 11963 ]
=====
5/24/2016 [ 13318, 13300, 13239, 13184, 13181 ] [ 11963, 11968, 11963 ]
=====
5/25/2016 [ 13318, 13300, 13239, 13184, 13181 ] [ 11963, 11968, 11963 ]
=====
5/26/2016 [ 13318, 13300, 13239, 13184, 13181 ] [ 11963, 11968, 11963 ]
=====
5/27/2016 [ 13318, 13300, 13239, 13184, 13181 ] [ 11963, 11968, 11963 ]
=====
5/31/2016 [ 13318, 13300, 13239, 13184, 13181 ] [ 11963, 11968, 11963 ]
=====
6/1/2016 [ 13318, 13300, 13239, 13184, 13181 ] [ 11963, 11968, 11963 ]
=====
6/2/2016 [ 13318, 13300, 13239, 13184, 13181 ] [ 11963, 11968, 11963 ]
=====
  SELL 9:30:00 AM 13290 13 3546 1
  SELL 9:30:00 AM 13290 13 3557 1
  SELL 9:30:00 AM 13290 13 3568 1
  SELL 9:37:00 AM 13300 13 3579 1
bought 9:46:00 AM 13301
bought 10:16:00 AM 13280
bought 10:36:00 AM 13266
  SELL 10:42:00 AM 13278 13 3590 1
bought 10:51:00 AM 13272
  SELL 11:09:00 AM 13286 13 3601 1
  SELL 11:24:00 AM 13291 13 3612 1
bought 11:46:00 AM 13285
bought 12:44:00 PM 13285
  SELL 1:04:00 PM 13297 13 3623 1
  SELL 1:04:00 PM 13297 13 3634 1
bought 1:16:00 PM 13299
bought 1:17:00 PM 13298
  SELL 1:32:00 PM 13311 13 3645 1
  SELL 1:32:00 PM 13311 13 3656 1
  SELL 1:38:00 PM 13319 13 3667 1
  SELL 1:38:00 PM 13319 13 3678 1
bought 2:17:00 PM 13299
  SELL 3:49:00 PM 13310 13 3689 1
6/3/2016 [] [ 11963, 11968, 11963 ]
=====
bought 9:41:00 AM 13275
bought 9:59:00 AM 13267
bought 10:11:00 AM 13254
bought 10:38:00 AM 13256
bought 11:02:00 AM 13256
  SELL 12:35:00 PM 13268 13 3700 1
  SELL 12:35:00 PM 13268 13 3711 1
  SELL 12:35:00 PM 13268 13 3722 1
  SELL 12:52:00 PM 13279 13 3733 1
bought 1:01:00 PM 13269
  SELL 1:04:00 PM 13282 13 3744 1
6/6/2016 [ 13288 ] [ 11963, 11968, 11963 ]
=====
bought 9:55:00 AM 13271
bought 10:14:00 AM 13274
  SELL 10:33:00 AM 13285 13 3755 1
  SELL 10:38:00 AM 13290 13 3766 1
  SELL 10:38:00 AM 13290 13 3777 1
bought 11:15:00 AM 13279
bought 11:26:00 AM 13265
bought 11:35:00 AM 13257
  SELL 11:48:00 AM 13269 13 3788 1
  SELL 11:54:00 AM 13279 13 3799 1
bought 12:12:00 PM 13276
bought 12:18:00 PM 13274
bought 12:19:00 PM 13277
bought 1:33:00 PM 13274
  SELL 2:36:00 PM 13280 13 3810 1
  SELL 2:36:00 PM 13280 13 3821 1
  SELL 2:36:00 PM 13280 13 3832 1
  SELL 2:36:00 PM 13280 13 3843 1
6/7/2016 [ 13292 ] [ 11963, 11968, 11963 ]
=====
  SELL 9:31:00 AM 13295 13 3854 1
bought 9:43:00 AM 13279
  SELL 9:52:00 AM 13293 13 3865 1
bought 10:29:00 AM 13311
bought 10:40:00 AM 13309
bought 10:49:00 AM 13300
  SELL 11:15:00 AM 13312 13 3876 1
bought 11:25:00 AM 13303
bought 11:36:00 AM 13303
  SELL 11:45:00 AM 13316 13 3887 1
  SELL 11:45:00 AM 13316 13 3898 1
  SELL 11:48:00 AM 13321 13 3909 1
  SELL 11:49:00 AM 13324 13 3920 1
bought 12:07:00 PM 13319
bought 12:08:00 PM 13320
bought 12:10:00 PM 13319
bought 12:11:00 PM 13319
bought 12:12:00 PM 13318
  SELL 1:09:00 PM 13336 13 3931 1
  SELL 1:09:00 PM 13336 13 3942 1
  SELL 1:09:00 PM 13336 13 3953 1
  SELL 1:09:00 PM 13336 13 3964 1
  SELL 1:09:00 PM 13336 13 3975 1
bought 1:21:00 PM 13328
bought 1:22:00 PM 13328
  SELL 1:27:00 PM 13342 13 3986 1
  SELL 1:27:00 PM 13342 13 3997 1
6/8/2016 [] [ 11963, 11968, 11963 ]
=====
bought 9:46:00 AM 13434
  SELL 10:24:00 AM 13445 13 4008 1
bought 10:42:00 AM 13450
bought 10:59:00 AM 13420
bought 11:06:00 AM 13415
bought 11:23:00 AM 13404
  SELL 11:41:00 AM 13415 13 4019 1
  SELL 11:50:00 AM 13429 13 4030 1
bought 12:05:00 PM 13420
bought 12:06:00 PM 13421
  SELL 1:06:00 PM 13435 13 4041 1
  SELL 1:06:00 PM 13435 13 4052 1
  SELL 1:06:00 PM 13435 13 4063 1
bought 1:22:00 PM 13425
bought 1:23:00 PM 13422
  SELL 2:11:00 PM 13434 13 4074 1
6/9/2016 [ 13463, 13438 ] [ 11963, 11968, 11963 ]
=====
  SELL 9:30:00 AM 13484 13 4085 1
  SELL 9:30:00 AM 13484 13 4096 1
bought 10:24:00 AM 13518
bought 10:30:00 AM 13515
bought 11:13:00 AM 13489
  SELL 2:50:00 PM 13502 13 4107 1
6/10/2016 [ 13532, 13529 ] [ 11963, 11968, 11963 ]
=====
bought 9:54:00 AM 13495
bought 10:19:00 AM 13487
bought 11:07:00 AM 13489
  SELL 11:37:00 AM 13506 13 4118 1
  SELL 11:37:00 AM 13506 13 4129 1
  SELL 11:39:00 AM 13513 13 4140 1
  SELL 11:57:00 AM 13530 14 4152 1
bought 12:10:00 PM 13517
bought 12:11:00 PM 13516
bought 12:12:00 PM 13518
bought 1:08:00 PM 13510
  SELL 2:51:00 PM 13524 14 4164 1
  SELL 3:41:00 PM 13528 14 4176 1
  SELL 3:42:00 PM 13531 14 4188 1
  SELL 3:51:00 PM 13533 14 4200 1
  SELL 3:51:00 PM 13533 14 4212 1
6/13/2016 [] [ 11963, 11968, 11963 ]
=====
bought 9:45:00 AM 13605
  SELL 9:54:00 AM 13617 14 4224 1
bought 10:06:00 AM 13607
bought 10:23:00 AM 13588
bought 10:35:00 AM 13589
bought 10:48:00 AM 13585
bought 11:13:00 AM 13581
6/14/2016 [ 13621, 13602, 13603, 13599, 13595 ] [ 11963, 11968, 11963 ]
=====
  SELL 10:41:00 AM 13593 14 4236 1
  SELL 10:45:00 AM 13599 14 4248 1
  SELL 11:02:00 AM 13598 14 4260 1
  SELL 11:03:00 AM 13604 14 4272 1
  SELL 11:31:00 AM 13620 14 4284 1
bought 1:11:00 PM 13581
  SELL 1:59:00 PM 13599 14 4296 1
6/15/2016 [] [ 11963, 11968, 11963 ]
=====
bought 10:18:00 AM 13723
  SELL 10:21:00 AM 13734 14 4308 1
bought 10:32:00 AM 13737
  SELL 10:37:00 AM 13753 14 4320 1
bought 10:46:00 AM 13736
bought 11:03:00 AM 13684
bought 11:07:00 AM 13684
  SELL 11:20:00 AM 13695 14 4332 1
  SELL 11:20:00 AM 13695 14 4344 1
bought 11:32:00 AM 13673
  SELL 11:45:00 AM 13687 14 4356 1
bought 11:57:00 AM 13685
bought 11:58:00 AM 13678
bought 11:59:00 AM 13685
bought 12:07:00 PM 13680
6/16/2016 [ 13750, 13699, 13692, 13699, 13694 ] [ 11963, 11968, 11963 ]
=====
6/17/2016 [ 13750, 13699, 13692, 13699, 13694 ] [ 11963, 11968, 11963 ]
=====
6/20/2016 [ 13750, 13699, 13692, 13699, 13694 ] [ 11963, 11968, 11963 ]
=====
6/21/2016 [ 13750, 13699, 13692, 13699, 13694 ] [ 11963, 11968, 11963 ]
=====
6/22/2016 [ 13750, 13699, 13692, 13699, 13694 ] [ 11963, 11968, 11963 ]
=====
6/23/2016 [ 13750, 13699, 13692, 13699, 13694 ] [ 11963, 11968, 11963 ]
=====
6/24/2016 [ 13750, 13699, 13692, 13699, 13694 ] [ 11963, 11968, 11963 ]
=====
  SELL 9:30:00 AM 13844 14 4368 1
  SELL 9:30:00 AM 13844 14 4380 1
  SELL 9:30:00 AM 13844 14 4392 1
  SELL 9:30:00 AM 13844 14 4404 1
  SELL 9:30:00 AM 13844 14 4416 1
bought 10:41:00 AM 13886
  SELL 10:46:00 AM 13901 14 4428 1
bought 11:13:00 AM 13879
  SELL 11:15:00 AM 13893 14 4440 1
bought 11:32:00 AM 13887
  SELL 11:48:00 AM 13903 14 4452 1
bought 12:19:00 PM 13918
bought 12:20:00 PM 13913
bought 12:21:00 PM 13914
bought 12:23:00 PM 13915
bought 12:24:00 PM 13910
  SELL 12:51:00 PM 13925 14 4464 1
  SELL 12:51:00 PM 13925 14 4476 1
  SELL 12:51:00 PM 13925 14 4488 1
  SELL 12:56:00 PM 13931 14 4500 1
  SELL 12:56:00 PM 13931 14 4512 1
bought 1:20:00 PM 13936
bought 1:21:00 PM 13938
bought 1:22:00 PM 13939
  SELL 1:42:00 PM 13954 14 4524 1
  SELL 1:42:00 PM 13954 14 4536 1
  SELL 1:42:00 PM 13954 14 4548 1
6/27/2016 [] [ 11963, 11968, 11963 ]
=====
bought 9:59:00 AM 13900
  SELL 10:08:00 AM 13913 14 4560 1
bought 11:24:00 AM 13975
  SELL 11:29:00 AM 13987 14 4572 1
bought 1:17:00 PM 13960
bought 1:18:00 PM 13962
bought 1:19:00 PM 13959
bought 1:30:00 PM 13958
6/28/2016 [ 15274, 15276, 15273, 15272 ] [ 13667, 13667, 13667 ]
=====
bought 9:54:00 AM 13973
  SELL 10:06:00 AM 13985 14 4584 1
bought 10:28:00 AM 13991
  SELL 10:36:00 AM 14001 14 4596 1
bought 10:52:00 AM 13997
6/29/2016 [ 15274, 15276, 15273, 15272, 14011 ] [ 13667, 13667, 13667 ]
=====
6/30/2016 [ 15274, 15276, 15273, 15272, 14011 ] [ 13667, 13667, 13667 ]
=====
  SELL 9:30:00 AM 14075 14 4608 1
bought 9:43:00 AM 14066
7/1/2016 [ 15274, 15276, 15273, 15272, 14080 ] [ 13667, 13667, 13667 ]
=====
  SELL 9:30:00 AM 14185 14 4620 1
bought 11:21:00 AM 14240
  SELL 11:44:00 AM 14255 14 4632 1
bought 12:36:00 PM 14283
7/5/2016 [ 15274, 15276, 15273, 15272, 14297 ] [ 13667, 13667, 13667 ]
=====
  SELL 9:37:00 AM 14298 14 4644 1
bought 9:58:00 AM 14280
7/6/2016 [ 15274, 15276, 15273, 15272, 14294 ] [ 13667, 13667, 13667 ]
=====
  SELL 1:02:00 PM 14299 14 4656 1
bought 1:12:00 PM 14301
7/7/2016 [ 15274, 15276, 15273, 15272, 14315 ] [ 13667, 13667, 13667 ]
=====
  SELL 10:37:00 AM 14310 14 4668 1
bought 10:45:00 AM 14294
  SELL 10:58:00 AM 14312 14 4680 1
bought 11:09:00 AM 14301
  SELL 11:44:00 AM 14311 14 4692 1
bought 11:53:00 AM 14316
  SELL 12:05:00 PM 14329 14 4704 1
bought 12:55:00 PM 14340
  SELL 2:58:00 PM 14351 14 4716 1
7/8/2016 [ 15274, 15276, 15273, 15272 ] [ 13667, 13667, 13667 ]
=====
bought 10:12:00 AM 14339
7/11/2016 [ 15274, 15276, 15273, 15272, 14353 ] [ 13667, 13667, 13667 ]
=====
7/12/2016 [ 15274, 15276, 15273, 15272, 14353 ] [ 13667, 13667, 13667 ]
=====
7/13/2016 [ 15274, 15276, 15273, 15272, 14353 ] [ 13667, 13667, 13667 ]
=====
7/14/2016 [ 15274, 15276, 15273, 15272, 14353 ] [ 13667, 13667, 13667 ]
=====
7/15/2016 [ 15274, 15276, 15273, 15272, 14353 ] [ 13667, 13667, 13667 ]
=====
7/18/2016 [ 15274, 15276, 15273, 15272, 14353 ] [ 13667, 13667, 13667 ]
=====
7/19/2016 [ 15274, 15276, 15273, 15272, 14353 ] [ 13667, 13667, 13667 ]
=====
7/20/2016 [ 15274, 15276, 15273, 15272, 14353 ] [ 13667, 13667, 13667 ]
=====
7/21/2016 [ 15274, 15276, 15273, 15272, 14353 ] [ 13667, 13667, 13667 ]
=====
7/22/2016 [ 15274, 15276, 15273, 15272, 14353 ] [ 13667, 13667, 13667 ]
=====
7/25/2016 [ 15274, 15276, 15273, 15272, 14353 ] [ 13667, 13667, 13667 ]
=====
7/26/2016 [ 15274, 15276, 15273, 15272, 14353 ] [ 13667, 13667, 13667 ]
=====
7/27/2016 [ 15274, 15276, 15273, 15272, 14353 ] [ 13667, 13667, 13667 ]
=====
7/28/2016 [ 15274, 15276, 15273, 15272, 14353 ] [ 13667, 13667, 13667 ]
=====
7/29/2016 [ 15274, 15276, 15273, 15272, 14353 ] [ 13667, 13667, 13667 ]
=====
8/1/2016 [ 15274, 15276, 15273, 15272, 14353 ] [ 13667, 13667, 13667 ]
=====
8/2/2016 [ 15274, 15276, 15273, 15272, 14353 ] [ 13667, 13667, 13667 ]
=====
8/3/2016 [ 15274, 15276, 15273, 15272, 14353 ] [ 13667, 13667, 13667 ]
=====
8/4/2016 [ 15274, 15276, 15273, 15272, 14353 ] [ 13667, 13667, 13667 ]
=====
8/5/2016 [ 15274, 15276, 15273, 15272, 14353 ] [ 13667, 13667, 13667 ]
=====
8/8/2016 [ 15274, 15276, 15273, 15272, 14353 ] [ 13667, 13667, 13667 ]
=====
8/9/2016 [ 15274, 15276, 15273, 15272, 14353 ] [ 13667, 13667, 13667 ]
=====
8/10/2016 [ 15274, 15276, 15273, 15272, 14353 ] [ 13667, 13667, 13667 ]
=====
8/11/2016 [ 15274, 15276, 15273, 15272, 14353 ] [ 13667, 13667, 13667 ]
=====
8/12/2016 [ 15274, 15276, 15273, 15272, 14353 ] [ 13667, 13667, 13667 ]
=====
8/15/2016 [ 15274, 15276, 15273, 15272, 14353 ] [ 13667, 13667, 13667 ]
=====
8/16/2016 [ 15274, 15276, 15273, 15272, 14353 ] [ 13667, 13667, 13667 ]
=====
8/17/2016 [ 15274, 15276, 15273, 15272, 14353 ] [ 13667, 13667, 13667 ]
=====
8/18/2016 [ 15274, 15276, 15273, 15272, 14353 ] [ 13667, 13667, 13667 ]
=====
8/19/2016 [ 15274, 15276, 15273, 15272, 14353 ] [ 13667, 13667, 13667 ]
=====
8/22/2016 [ 15274, 15276, 15273, 15272, 14353 ] [ 13667, 13667, 13667 ]
=====
8/23/2016 [ 15274, 15276, 15273, 15272, 14353 ] [ 13667, 13667, 13667 ]
=====
8/24/2016 [ 15274, 15276, 15273, 15272, 14353 ] [ 13667, 13667, 13667 ]
=====
8/25/2016 [ 15274, 15276, 15273, 15272, 14353 ] [ 13667, 13667, 13667 ]
=====
8/26/2016 [ 15274, 15276, 15273, 15272, 14353 ] [ 13667, 13667, 13667 ]
=====
8/29/2016 [ 15274, 15276, 15273, 15272, 14353 ] [ 13667, 13667, 13667 ]
=====
8/30/2016 [ 15274, 15276, 15273, 15272, 14353 ] [ 13667, 13667, 13667 ]
=====
8/31/2016 [ 15274, 15276, 15273, 15272, 14353 ] [ 13667, 13667, 13667 ]
=====
9/1/2016 [ 15274, 15276, 15273, 15272, 14353 ] [ 13667, 13667, 13667 ]
=====
9/2/2016 [ 15274, 15276, 15273, 15272, 14353 ] [ 13667, 13667, 13667 ]
=====
9/6/2016 [ 15274, 15276, 15273, 15272, 14353 ] [ 13667, 13667, 13667 ]
=====
9/7/2016 [ 15274, 15276, 15273, 15272, 14353 ] [ 13667, 13667, 13667 ]
=====
9/8/2016 [ 15274, 15276, 15273, 15272, 14353 ] [ 13667, 13667, 13667 ]
=====
   BUY 9:30:00 AM 13604 14 4728 1
   BUY 9:30:00 AM 13604 14 4740 1
   BUY 9:30:00 AM 13604 14 4752 1
  sold 9:44:00 AM 13591
  sold 9:54:00 AM 13580
   BUY 9:56:00 AM 13578 14 4764 1
  sold 10:18:00 AM 13588
   BUY 10:21:00 AM 13562 14 4776 1
   BUY 10:21:00 AM 13562 14 4788 1
  sold 10:22:00 AM 13550
  sold 10:34:00 AM 13549
  sold 10:48:00 AM 13556
9/9/2016 [ 15274, 15276, 15273, 15272, 14353 ] [ 13536, 13535, 13542 ]
=====
   BUY 9:30:00 AM 13536 14 4800 1
   BUY 9:30:00 AM 13536 14 4812 1
   BUY 9:30:00 AM 13536 14 4824 1
  sold 9:41:00 AM 13546
  sold 9:47:00 AM 13553
  sold 9:58:00 AM 13564
   BUY 10:05:00 AM 13555 14 4836 1
  sold 10:14:00 AM 13544
   BUY 11:00:00 AM 13541 14 4848 1
  sold 11:01:00 AM 13541
   BUY 11:20:00 AM 13534 14 4860 1
   BUY 11:22:00 AM 13530 14 4872 1
   BUY 11:23:00 AM 13526 14 4884 1
  sold 11:24:00 AM 13522
  sold 11:35:00 AM 13536
  sold 12:38:00 PM 13553
   BUY 1:01:00 PM 13539 14 4896 1
  sold 1:08:00 PM 13534
   BUY 1:28:00 PM 13523 14 4908 1
   BUY 1:30:00 PM 13521 14 4920 1
  sold 1:31:00 PM 13521
  sold 1:40:00 PM 13533
9/12/2016 [ 15274, 15276, 15273, 15272, 14353 ] [ 13508, 13507, 13519 ]
=====
   BUY 11:07:00 AM 13517 14 4932 1
   BUY 11:14:00 AM 13508 14 4944 1
   BUY 11:14:00 AM 13508 14 4956 1
  sold 11:32:00 AM 13485
  sold 11:35:00 AM 13485
   BUY 11:41:00 AM 13469 13 4967 1
   BUY 11:41:00 AM 13469 13 4978 1
  sold 11:49:00 AM 13461
   BUY 11:55:00 AM 13448 13 4989 1
  sold 12:03:00 PM 13437
   BUY 12:19:00 PM 13426 13 5000 1
  sold 12:21:00 PM 13412
   BUY 12:23:00 PM 13408 13 5011 1
  sold 12:43:00 PM 13420
  sold 12:44:00 PM 13428
  sold 12:45:00 PM 13428
   BUY 12:56:00 PM 13416 13 5022 1
   BUY 12:56:00 PM 13416 13 5033 1
   BUY 12:58:00 PM 13409 13 5044 1
  sold 1:03:00 PM 13342
  sold 1:12:00 PM 13358
  sold 1:22:00 PM 13398
   BUY 1:55:00 PM 13382 13 5055 1
  sold 2:08:00 PM 13375
   BUY 2:20:00 PM 13358 13 5066 1
   BUY 2:29:00 PM 13345 13 5077 1
9/13/2016 [ 15274, 15276, 15273, 15272, 14353 ] [ 13329 ]
=====
  sold 9:41:00 AM 13422
  sold 9:55:00 AM 13458
   BUY 1:06:00 PM 13446 13 5088 1
  sold 1:11:00 PM 13439
   BUY 1:49:00 PM 13423 13 5099 1
  sold 1:49:00 PM 13423
9/14/2016 [ 15274, 15276, 15273, 15272, 14353 ] [ 13329, 13409, 13410 ]
=====
   BUY 9:30:00 AM 13362 13 5110 1
   BUY 9:30:00 AM 13362 13 5121 1
   BUY 9:35:00 AM 13327 13 5132 1
  sold 9:39:00 AM 13311
  sold 9:58:00 AM 13349
  sold 10:03:00 AM 13339
   BUY 10:04:00 AM 13334 13 5143 1
  sold 10:23:00 AM 13362
   BUY 12:13:00 PM 13348 13 5154 1
  sold 12:13:00 PM 13348
   BUY 12:26:00 PM 13332 13 5165 1
   BUY 12:36:00 PM 13327 13 5176 1
  sold 12:38:00 PM 13321
  sold 1:10:00 PM 13332
9/15/2016 [ 15274, 15276, 15273, 15272, 14353 ] [ 13298, 13308, 13319 ]
=====
9/16/2016 [ 15274, 15276, 15273, 15272, 14353 ] [ 13298, 13308, 13319 ]
=====
9/19/2016 [ 15274, 15276, 15273, 15272, 14353 ] [ 13298, 13308, 13319 ]
=====
9/20/2016 [ 15274, 15276, 15273, 15272, 14353 ] [ 13298, 13308, 13319 ]
=====
9/21/2016 [ 15274, 15276, 15273, 15272, 14353 ] [ 13298, 13308, 13319 ]
=====
9/22/2016 [ 15274, 15276, 15273, 15272, 14353 ] [ 13298, 13308, 13319 ]
=====
9/23/2016 [ 15274, 15276, 15273, 15272, 14353 ] [ 13298, 13308, 13319 ]
=====
9/26/2016 [ 15274, 15276, 15273, 15272, 14353 ] [ 13298, 13308, 13319 ]
=====
9/27/2016 [ 15274, 15276, 15273, 15272, 14353 ] [ 13298, 13308, 13319 ]
=====
9/28/2016 [ 15274, 15276, 15273, 15272, 14353 ] [ 13298, 13308, 13319 ]
=====
9/29/2016 [ 15274, 15276, 15273, 15272, 14353 ] [ 13298, 13308, 13319 ]
=====
9/30/2016 [ 15274, 15276, 15273, 15272, 14353 ] [ 13298, 13308, 13319 ]
=====
10/3/2016 [ 15274, 15276, 15273, 15272, 14353 ] [ 13298, 13308, 13319 ]
=====
10/4/2016 [ 15274, 15276, 15273, 15272, 14353 ] [ 13298, 13308, 13319 ]
=====
10/5/2016 [ 15274, 15276, 15273, 15272, 14353 ] [ 13298, 13308, 13319 ]
=====
10/6/2016 [ 15274, 15276, 15273, 15272, 14353 ] [ 13298, 13308, 13319 ]
=====
   BUY 11:29:00 AM 13321 13 5187 1
  sold 11:36:00 AM 13316
10/7/2016 [ 15274, 15276, 15273, 15272, 14353 ] [ 13298, 13308, 13303 ]
=====
   BUY 9:30:00 AM 13286 13 5198 1
   BUY 9:30:00 AM 13286 13 5209 1
   BUY 9:30:00 AM 13286 13 5220 1
  sold 9:50:00 AM 13287
  sold 10:12:00 AM 13281
  sold 10:22:00 AM 13276
   BUY 10:31:00 AM 13275 13 5231 1
  sold 10:43:00 AM 13276
   BUY 11:19:00 AM 13267 13 5242 1
   BUY 11:20:00 AM 13262 13 5253 1
   BUY 11:20:00 AM 13262 13 5264 1
  sold 11:21:00 AM 13259
  sold 11:45:00 AM 13258
  sold 11:46:00 AM 13258
10/10/2016 [ 15274, 15276, 15273, 15272, 14353 ] [ 13246, 13245, 13245 ]
=====
10/11/2016 [ 15274, 13549, 15273, 15272, 14353 ] [ 12646, 12645, 12645 ]
=====
10/12/2016 [ 15274, 13549, 15273, 15272, 14353 ] [ 12646, 12645, 12645 ]
=====
10/13/2016 [ 15274, 13549, 15273, 15272, 14353 ] [ 12646, 12645, 12645 ]
=====
10/14/2016 [ 14722, 14849, 14722, 14722, 15653 ] [ 12896, 12896, 12896 ]
=====
10/17/2016 [ 14722, 14849, 14722, 14722, 13508 ] [ 12171, 12171, 12171 ]
=====
10/18/2016 [ 14722, 14849, 14722, 14722, 13508 ] [ 12171, 12171, 12171 ]
=====
10/19/2016 [ 14722, 14849, 14722, 14722, 13508 ] [ 12171, 12171, 12171 ]
=====
10/20/2016 [ 14722, 14849, 14722, 14722, 13508 ] [ 12171, 12171, 12171 ]
=====
10/21/2016 [ 14722, 14849, 14722, 14722, 13508 ] [ 12171, 12171, 12171 ]
=====
10/24/2016 [ 14722, 14849, 14722, 14722, 13508 ] [ 12171, 12171, 12171 ]
=====
10/25/2016 [ 14722, 14849, 14722, 14722, 13508 ] [ 12171, 12171, 12171 ]
=====
10/26/2016 [ 14722, 14849, 14722, 14722, 13508 ] [ 12171, 12171, 12171 ]
=====
10/27/2016 [ 14722, 14849, 14722, 14722, 13508 ] [ 12171, 12171, 12171 ]
=====
10/28/2016 [ 14722, 14849, 14722, 14722, 13508 ] [ 12171, 12171, 12171 ]
=====
10/31/2016 [ 14722, 14849, 14722, 14722, 13508 ] [ 12171, 12171, 12171 ]
=====
11/1/2016 [ 14722, 14849, 14722, 14722, 13508 ] [ 12171, 12171, 12171 ]
=====
11/2/2016 [ 14722, 14849, 14722, 14722, 13508 ] [ 12171, 12171, 12171 ]
=====
11/3/2016 [ 14722, 14849, 14722, 14722, 13508 ] [ 12171, 12171, 12171 ]
=====
11/4/2016 [ 14722, 14849, 14722, 14722, 13508 ] [ 12171, 12171, 12171 ]
=====
11/7/2016 [ 14722, 14849, 14722, 14722, 13508 ] [ 12171, 12171, 12171 ]
=====
11/8/2016 [ 14722, 14849, 14722, 14722, 13508 ] [ 12171, 12171, 12171 ]
=====
11/9/2016 [ 14381, 14381, 14381, 14381, 15183 ] [ 12208, 12208, 12208 ]
=====
11/10/2016 [ 14442, 14442, 14442, 14442, 14442 ] [ 12027, 12027, 12027 ]
=====
11/11/2016 [ 14423, 14423, 14423, 14423, 14423 ] [ 11960, 11960, 11960 ]
=====
11/14/2016 [ 14399, 14399, 14399, 14399, 14399 ] [ 11888, 11888, 11888 ]
=====
11/15/2016 [ 14460, 14460, 14460, 14460, 14460 ] [ 11947, 11947, 11947 ]
=====
11/16/2016 [ 14547, 14547, 14547, 14547, 14547 ] [ 12055, 12055, 12055 ]
=====
11/17/2016 [ 14462, 14462, 14462, 14462, 14462 ] [ 11878, 11878, 11878 ]
=====
11/18/2016 [ 14452, 14452, 14452, 14452, 14452 ] [ 11843, 11843, 11843 ]
=====
size: 88140
TLT
elapsed: 226 days 0 minutes
gain: 5264 per day = 0.19138895150558824 %
pGain/(pGain+nGain): 1 kelly criterion: NaN
sigma: 0.5991074782482099 ave gain: 10.921161825726141 ratio: 18.22905275303793 # trades:  482
max draw down:  0
buy and hold: -85 profit factor: Infinity payoff ratio:  NaN
pGain*ave/sigma/days: 38.877891269753455
